{"uid":"18b7daf82a085098","name":"teacherCreateAssessment_Online","fullName":"Assessment.CreateAssessment_Online.teacherCreateAssessment_Online","historyId":"6b2bbd0ee1dab4a71268cf7f1dfd6562","time":{"start":1665989782713,"stop":1665989846926,"duration":64213},"description":"Examine whether or not the teacher can successfully create Online assessment for the students.","descriptionHtml":"<p>Examine whether or not the teacher can successfully create Online assessment for the students.</p>\n","status":"broken","statusMessage":"no such element: Unable to locate element: {\"method\":\"xpath\",\"selector\":\"//*[contains(@class,'fr-element')]\"}\n  (Session info: chrome=106.0.5249.119)\nFor documentation on this error, please visit: https://selenium.dev/exceptions/#no_such_element\nBuild info: version: '4.4.0', revision: 'e5c75ed026a'\nSystem info: host: 'DESKTOP-IPBNGSB', ip: '192.168.29.11', os.name: 'Windows 10', os.arch: 'amd64', os.version: '10.0', java.version: '18.0.2'\nDriver info: org.openqa.selenium.chrome.ChromeDriver\nCommand: [bed9bcd9b7303cc4e4eaf1031762d074, findElement {using=xpath, value=//*[contains(@class,'fr-element')]}]\nCapabilities {acceptInsecureCerts: false, browserName: chrome, browserVersion: 106.0.5249.119, chrome: {chromedriverVersion: 106.0.5249.61 (511755355844..., userDataDir: C:\\Users\\Admin\\AppData\\Loca...}, goog:chromeOptions: {debuggerAddress: localhost:50970}, networkConnectionEnabled: false, pageLoadStrategy: normal, platformName: WINDOWS, proxy: Proxy(), se:cdp: ws://localhost:50970/devtoo..., se:cdpVersion: 106.0.5249.119, setWindowRect: true, strictFileInteractability: false, timeouts: {implicit: 0, pageLoad: 300000, script: 30000}, unhandledPromptBehavior: dismiss and notify, webauthn:extension:credBlob: true, webauthn:extension:largeBlob: true, webauthn:virtualAuthenticators: true}\nSession ID: bed9bcd9b7303cc4e4eaf1031762d074","statusTrace":"org.openqa.selenium.NoSuchElementException: no such element: Unable to locate element: {\"method\":\"xpath\",\"selector\":\"//*[contains(@class,'fr-element')]\"}\n  (Session info: chrome=106.0.5249.119)\nFor documentation on this error, please visit: https://selenium.dev/exceptions/#no_such_element\nBuild info: version: '4.4.0', revision: 'e5c75ed026a'\nSystem info: host: 'DESKTOP-IPBNGSB', ip: '192.168.29.11', os.name: 'Windows 10', os.arch: 'amd64', os.version: '10.0', java.version: '18.0.2'\nDriver info: org.openqa.selenium.chrome.ChromeDriver\nCommand: [bed9bcd9b7303cc4e4eaf1031762d074, findElement {using=xpath, value=//*[contains(@class,'fr-element')]}]\nCapabilities {acceptInsecureCerts: false, browserName: chrome, browserVersion: 106.0.5249.119, chrome: {chromedriverVersion: 106.0.5249.61 (511755355844..., userDataDir: C:\\Users\\Admin\\AppData\\Loca...}, goog:chromeOptions: {debuggerAddress: localhost:50970}, networkConnectionEnabled: false, pageLoadStrategy: normal, platformName: WINDOWS, proxy: Proxy(), se:cdp: ws://localhost:50970/devtoo..., se:cdpVersion: 106.0.5249.119, setWindowRect: true, strictFileInteractability: false, timeouts: {implicit: 0, pageLoad: 300000, script: 30000}, unhandledPromptBehavior: dismiss and notify, webauthn:extension:credBlob: true, webauthn:extension:largeBlob: true, webauthn:virtualAuthenticators: true}\nSession ID: bed9bcd9b7303cc4e4eaf1031762d074\r\n\tat java.base/jdk.internal.reflect.DirectConstructorHandleAccessor.newInstance(DirectConstructorHandleAccessor.java:67)\r\n\tat java.base/java.lang.reflect.Constructor.newInstanceWithCaller(Constructor.java:499)\r\n\tat java.base/java.lang.reflect.Constructor.newInstance(Constructor.java:483)\r\n\tat org.openqa.selenium.remote.codec.w3c.W3CHttpResponseCodec.createException(W3CHttpResponseCodec.java:200)\r\n\tat org.openqa.selenium.remote.codec.w3c.W3CHttpResponseCodec.decode(W3CHttpResponseCodec.java:133)\r\n\tat org.openqa.selenium.remote.codec.w3c.W3CHttpResponseCodec.decode(W3CHttpResponseCodec.java:53)\r\n\tat org.openqa.selenium.remote.HttpCommandExecutor.execute(HttpCommandExecutor.java:184)\r\n\tat org.openqa.selenium.remote.service.DriverCommandExecutor.invokeExecute(DriverCommandExecutor.java:167)\r\n\tat org.openqa.selenium.remote.service.DriverCommandExecutor.execute(DriverCommandExecutor.java:142)\r\n\tat org.openqa.selenium.remote.RemoteWebDriver.execute(RemoteWebDriver.java:547)\r\n\tat org.openqa.selenium.remote.ElementLocation$ElementFinder$2.findElement(ElementLocation.java:162)\r\n\tat org.openqa.selenium.remote.ElementLocation.findElement(ElementLocation.java:60)\r\n\tat org.openqa.selenium.remote.RemoteWebDriver.findElement(RemoteWebDriver.java:365)\r\n\tat org.openqa.selenium.remote.RemoteWebDriver.findElement(RemoteWebDriver.java:357)\r\n\tat pageObjects.Assessment.SectionInstructions(Assessment.java:167)\r\n\tat Assessment.CreateAssessment_Online.teacherCreateAssessment_Online(CreateAssessment_Online.java:88)\r\n\tat java.base/jdk.internal.reflect.DirectMethodHandleAccessor.invoke(DirectMethodHandleAccessor.java:104)\r\n\tat java.base/java.lang.reflect.Method.invoke(Method.java:577)\r\n\tat org.testng.internal.invokers.MethodInvocationHelper.invokeMethod(MethodInvocationHelper.java:139)\r\n\tat org.testng.internal.invokers.TestInvoker.invokeMethod(TestInvoker.java:677)\r\n\tat org.testng.internal.invokers.TestInvoker.invokeTestMethod(TestInvoker.java:221)\r\n\tat org.testng.internal.invokers.MethodRunner.runInSequence(MethodRunner.java:50)\r\n\tat org.testng.internal.invokers.TestInvoker$MethodInvocationAgent.invoke(TestInvoker.java:962)\r\n\tat org.testng.internal.invokers.TestInvoker.invokeTestMethods(TestInvoker.java:194)\r\n\tat org.testng.internal.invokers.TestMethodWorker.invokeTestMethods(TestMethodWorker.java:148)\r\n\tat org.testng.internal.invokers.TestMethodWorker.run(TestMethodWorker.java:128)\r\n\tat java.base/java.util.ArrayList.forEach(ArrayList.java:1511)\r\n\tat org.testng.TestRunner.privateRun(TestRunner.java:806)\r\n\tat org.testng.TestRunner.run(TestRunner.java:601)\r\n\tat org.testng.SuiteRunner.runTest(SuiteRunner.java:433)\r\n\tat org.testng.SuiteRunner.runSequentially(SuiteRunner.java:427)\r\n\tat org.testng.SuiteRunner.privateRun(SuiteRunner.java:387)\r\n\tat org.testng.SuiteRunner.run(SuiteRunner.java:330)\r\n\tat org.testng.SuiteRunnerWorker.runSuite(SuiteRunnerWorker.java:52)\r\n\tat org.testng.SuiteRunnerWorker.run(SuiteRunnerWorker.java:95)\r\n\tat org.testng.TestNG.runSuitesSequentially(TestNG.java:1256)\r\n\tat org.testng.TestNG.runSuitesLocally(TestNG.java:1176)\r\n\tat org.testng.TestNG.runSuites(TestNG.java:1099)\r\n\tat org.testng.TestNG.run(TestNG.java:1067)\r\n\tat com.intellij.rt.testng.IDEARemoteTestNG.run(IDEARemoteTestNG.java:66)\r\n\tat com.intellij.rt.testng.RemoteTestNGStarter.main(RemoteTestNGStarter.java:109)\r\n","flaky":false,"newFailed":false,"newBroken":false,"newPassed":false,"retriesCount":0,"retriesStatusChange":false,"beforeStages":[{"name":"standardLogic","time":{"start":1665989778695,"stop":1665989782711,"duration":4016},"description":"","status":"passed","steps":[],"attachments":[],"parameters":[],"stepsCount":0,"hasContent":false,"shouldDisplayMessage":false,"attachmentsCount":0}],"testStage":{"description":"Examine whether or not the teacher can successfully create Online assessment for the students.","status":"broken","statusMessage":"no such element: Unable to locate element: {\"method\":\"xpath\",\"selector\":\"//*[contains(@class,'fr-element')]\"}\n  (Session info: chrome=106.0.5249.119)\nFor documentation on this error, please visit: https://selenium.dev/exceptions/#no_such_element\nBuild info: version: '4.4.0', revision: 'e5c75ed026a'\nSystem info: host: 'DESKTOP-IPBNGSB', ip: '192.168.29.11', os.name: 'Windows 10', os.arch: 'amd64', os.version: '10.0', java.version: '18.0.2'\nDriver info: org.openqa.selenium.chrome.ChromeDriver\nCommand: [bed9bcd9b7303cc4e4eaf1031762d074, findElement {using=xpath, value=//*[contains(@class,'fr-element')]}]\nCapabilities {acceptInsecureCerts: false, browserName: chrome, browserVersion: 106.0.5249.119, chrome: {chromedriverVersion: 106.0.5249.61 (511755355844..., userDataDir: C:\\Users\\Admin\\AppData\\Loca...}, goog:chromeOptions: {debuggerAddress: localhost:50970}, networkConnectionEnabled: false, pageLoadStrategy: normal, platformName: WINDOWS, proxy: Proxy(), se:cdp: ws://localhost:50970/devtoo..., se:cdpVersion: 106.0.5249.119, setWindowRect: true, strictFileInteractability: false, timeouts: {implicit: 0, pageLoad: 300000, script: 30000}, unhandledPromptBehavior: dismiss and notify, webauthn:extension:credBlob: true, webauthn:extension:largeBlob: true, webauthn:virtualAuthenticators: true}\nSession ID: bed9bcd9b7303cc4e4eaf1031762d074","statusTrace":"org.openqa.selenium.NoSuchElementException: no such element: Unable to locate element: {\"method\":\"xpath\",\"selector\":\"//*[contains(@class,'fr-element')]\"}\n  (Session info: chrome=106.0.5249.119)\nFor documentation on this error, please visit: https://selenium.dev/exceptions/#no_such_element\nBuild info: version: '4.4.0', revision: 'e5c75ed026a'\nSystem info: host: 'DESKTOP-IPBNGSB', ip: '192.168.29.11', os.name: 'Windows 10', os.arch: 'amd64', os.version: '10.0', java.version: '18.0.2'\nDriver info: org.openqa.selenium.chrome.ChromeDriver\nCommand: [bed9bcd9b7303cc4e4eaf1031762d074, findElement {using=xpath, value=//*[contains(@class,'fr-element')]}]\nCapabilities {acceptInsecureCerts: false, browserName: chrome, browserVersion: 106.0.5249.119, chrome: {chromedriverVersion: 106.0.5249.61 (511755355844..., userDataDir: C:\\Users\\Admin\\AppData\\Loca...}, goog:chromeOptions: {debuggerAddress: localhost:50970}, networkConnectionEnabled: false, pageLoadStrategy: normal, platformName: WINDOWS, proxy: Proxy(), se:cdp: ws://localhost:50970/devtoo..., se:cdpVersion: 106.0.5249.119, setWindowRect: true, strictFileInteractability: false, timeouts: {implicit: 0, pageLoad: 300000, script: 30000}, unhandledPromptBehavior: dismiss and notify, webauthn:extension:credBlob: true, webauthn:extension:largeBlob: true, webauthn:virtualAuthenticators: true}\nSession ID: bed9bcd9b7303cc4e4eaf1031762d074\r\n\tat java.base/jdk.internal.reflect.DirectConstructorHandleAccessor.newInstance(DirectConstructorHandleAccessor.java:67)\r\n\tat java.base/java.lang.reflect.Constructor.newInstanceWithCaller(Constructor.java:499)\r\n\tat java.base/java.lang.reflect.Constructor.newInstance(Constructor.java:483)\r\n\tat org.openqa.selenium.remote.codec.w3c.W3CHttpResponseCodec.createException(W3CHttpResponseCodec.java:200)\r\n\tat org.openqa.selenium.remote.codec.w3c.W3CHttpResponseCodec.decode(W3CHttpResponseCodec.java:133)\r\n\tat org.openqa.selenium.remote.codec.w3c.W3CHttpResponseCodec.decode(W3CHttpResponseCodec.java:53)\r\n\tat org.openqa.selenium.remote.HttpCommandExecutor.execute(HttpCommandExecutor.java:184)\r\n\tat org.openqa.selenium.remote.service.DriverCommandExecutor.invokeExecute(DriverCommandExecutor.java:167)\r\n\tat org.openqa.selenium.remote.service.DriverCommandExecutor.execute(DriverCommandExecutor.java:142)\r\n\tat org.openqa.selenium.remote.RemoteWebDriver.execute(RemoteWebDriver.java:547)\r\n\tat org.openqa.selenium.remote.ElementLocation$ElementFinder$2.findElement(ElementLocation.java:162)\r\n\tat org.openqa.selenium.remote.ElementLocation.findElement(ElementLocation.java:60)\r\n\tat org.openqa.selenium.remote.RemoteWebDriver.findElement(RemoteWebDriver.java:365)\r\n\tat org.openqa.selenium.remote.RemoteWebDriver.findElement(RemoteWebDriver.java:357)\r\n\tat pageObjects.Assessment.SectionInstructions(Assessment.java:167)\r\n\tat Assessment.CreateAssessment_Online.teacherCreateAssessment_Online(CreateAssessment_Online.java:88)\r\n\tat java.base/jdk.internal.reflect.DirectMethodHandleAccessor.invoke(DirectMethodHandleAccessor.java:104)\r\n\tat java.base/java.lang.reflect.Method.invoke(Method.java:577)\r\n\tat org.testng.internal.invokers.MethodInvocationHelper.invokeMethod(MethodInvocationHelper.java:139)\r\n\tat org.testng.internal.invokers.TestInvoker.invokeMethod(TestInvoker.java:677)\r\n\tat org.testng.internal.invokers.TestInvoker.invokeTestMethod(TestInvoker.java:221)\r\n\tat org.testng.internal.invokers.MethodRunner.runInSequence(MethodRunner.java:50)\r\n\tat org.testng.internal.invokers.TestInvoker$MethodInvocationAgent.invoke(TestInvoker.java:962)\r\n\tat org.testng.internal.invokers.TestInvoker.invokeTestMethods(TestInvoker.java:194)\r\n\tat org.testng.internal.invokers.TestMethodWorker.invokeTestMethods(TestMethodWorker.java:148)\r\n\tat org.testng.internal.invokers.TestMethodWorker.run(TestMethodWorker.java:128)\r\n\tat java.base/java.util.ArrayList.forEach(ArrayList.java:1511)\r\n\tat org.testng.TestRunner.privateRun(TestRunner.java:806)\r\n\tat org.testng.TestRunner.run(TestRunner.java:601)\r\n\tat org.testng.SuiteRunner.runTest(SuiteRunner.java:433)\r\n\tat org.testng.SuiteRunner.runSequentially(SuiteRunner.java:427)\r\n\tat org.testng.SuiteRunner.privateRun(SuiteRunner.java:387)\r\n\tat org.testng.SuiteRunner.run(SuiteRunner.java:330)\r\n\tat org.testng.SuiteRunnerWorker.runSuite(SuiteRunnerWorker.java:52)\r\n\tat org.testng.SuiteRunnerWorker.run(SuiteRunnerWorker.java:95)\r\n\tat org.testng.TestNG.runSuitesSequentially(TestNG.java:1256)\r\n\tat org.testng.TestNG.runSuitesLocally(TestNG.java:1176)\r\n\tat org.testng.TestNG.runSuites(TestNG.java:1099)\r\n\tat org.testng.TestNG.run(TestNG.java:1067)\r\n\tat com.intellij.rt.testng.IDEARemoteTestNG.run(IDEARemoteTestNG.java:66)\r\n\tat com.intellij.rt.testng.RemoteTestNGStarter.main(RemoteTestNGStarter.java:109)\r\n","steps":[{"name":"Selected log in as Teacher...","time":{"start":1665989782713,"stop":1665989783390,"duration":677},"status":"passed","steps":[],"attachments":[{"uid":"22207bce005f2982","name":"Screenshot","source":"22207bce005f2982.png","type":"image/png","size":44132}],"parameters":[],"stepsCount":0,"hasContent":true,"shouldDisplayMessage":false,"attachmentsCount":1},{"name":"Mobile number is entered...","time":{"start":1665989783446,"stop":1665989783980,"duration":534},"status":"passed","steps":[],"attachments":[{"uid":"56321fb1316d0648","name":"Screenshot","source":"56321fb1316d0648.png","type":"image/png","size":27090}],"parameters":[],"stepsCount":0,"hasContent":true,"shouldDisplayMessage":false,"attachmentsCount":1},{"name":"Mobile number is submitted...","time":{"start":1665989784028,"stop":1665989784194,"duration":166},"status":"passed","steps":[],"attachments":[{"uid":"f87d3c23ef19f3a5","name":"Screenshot","source":"f87d3c23ef19f3a5.png","type":"image/png","size":27510}],"parameters":[],"stepsCount":0,"hasContent":true,"shouldDisplayMessage":false,"attachmentsCount":1},{"name":"password is entered...","time":{"start":1665989789287,"stop":1665989789406,"duration":119},"status":"passed","steps":[],"attachments":[{"uid":"317f676cf071b2fc","name":"Screenshot","source":"317f676cf071b2fc.png","type":"image/png","size":34344}],"parameters":[],"stepsCount":0,"hasContent":true,"shouldDisplayMessage":false,"attachmentsCount":1},{"name":"Password is submitted...","time":{"start":1665989794462,"stop":1665989794621,"duration":159},"status":"passed","steps":[],"attachments":[{"uid":"4d2ccd4eea22af53","name":"Screenshot","source":"4d2ccd4eea22af53.png","type":"image/png","size":32671}],"parameters":[],"stepsCount":0,"hasContent":true,"shouldDisplayMessage":false,"attachmentsCount":1},{"name":"Assessment Module is opened...","time":{"start":1665989801673,"stop":1665989802006,"duration":333},"status":"passed","steps":[],"attachments":[{"uid":"663b3b8211fefbf8","name":"Screenshot","source":"663b3b8211fefbf8.png","type":"image/png","size":239863}],"parameters":[],"stepsCount":0,"hasContent":true,"shouldDisplayMessage":false,"attachmentsCount":1},{"name":"Clicking on My Assessments...","time":{"start":1665989805945,"stop":1665989806156,"duration":211},"status":"passed","steps":[],"attachments":[{"uid":"c52807f286a5e894","name":"Screenshot","source":"c52807f286a5e894.png","type":"image/png","size":26269}],"parameters":[],"stepsCount":0,"hasContent":true,"shouldDisplayMessage":false,"attachmentsCount":1},{"name":"Create new button is clicked...","time":{"start":1665989818199,"stop":1665989818356,"duration":157},"status":"passed","steps":[],"attachments":[{"uid":"abb0bd86de4e4315","name":"Screenshot","source":"abb0bd86de4e4315.png","type":"image/png","size":32238}],"parameters":[],"stepsCount":0,"hasContent":true,"shouldDisplayMessage":false,"attachmentsCount":1},{"name":"Giving input for name of assessment...","time":{"start":1665989820405,"stop":1665989820589,"duration":184},"status":"passed","steps":[],"attachments":[{"uid":"10d5c9487ff1fc0d","name":"Screenshot","source":"10d5c9487ff1fc0d.png","type":"image/png","size":52422}],"parameters":[],"stepsCount":0,"hasContent":true,"shouldDisplayMessage":false,"attachmentsCount":1},{"name":"Giving input for name of assessment...","time":{"start":1665989820621,"stop":1665989820743,"duration":122},"status":"passed","steps":[],"attachments":[{"uid":"75989d478bebee61","name":"Screenshot","source":"75989d478bebee61.png","type":"image/png","size":52480}],"parameters":[],"stepsCount":0,"hasContent":true,"shouldDisplayMessage":false,"attachmentsCount":1},{"name":"Selecting details for assessment...","time":{"start":1665989822782,"stop":1665989822890,"duration":108},"status":"passed","steps":[],"attachments":[{"uid":"60442a8622f4bfcc","name":"Screenshot","source":"60442a8622f4bfcc.png","type":"image/png","size":52485}],"parameters":[],"stepsCount":0,"hasContent":true,"shouldDisplayMessage":false,"attachmentsCount":1},{"name":"Choosing format for assessment...","time":{"start":1665989823212,"stop":1665989823332,"duration":120},"status":"passed","steps":[],"attachments":[{"uid":"cad0e06e15e9f11c","name":"Screenshot","source":"cad0e06e15e9f11c.png","type":"image/png","size":49741}],"parameters":[],"stepsCount":0,"hasContent":true,"shouldDisplayMessage":false,"attachmentsCount":1},{"name":"Choosing Online mode of assessment...","time":{"start":1665989824373,"stop":1665989824476,"duration":103},"status":"passed","steps":[],"attachments":[{"uid":"bcb40526200a41dd","name":"Screenshot","source":"bcb40526200a41dd.png","type":"image/png","size":49019}],"parameters":[],"stepsCount":0,"hasContent":true,"shouldDisplayMessage":false,"attachmentsCount":1},{"name":"Submitting Assessment details...","time":{"start":1665989825527,"stop":1665989825681,"duration":154},"status":"passed","steps":[],"attachments":[{"uid":"859879c85930a0e2","name":"Screenshot","source":"859879c85930a0e2.png","type":"image/png","size":49042}],"parameters":[],"stepsCount":0,"hasContent":true,"shouldDisplayMessage":false,"attachmentsCount":1},{"name":"Adding Section in assessment...","time":{"start":1665989825709,"stop":1665989826078,"duration":369},"status":"passed","steps":[],"attachments":[{"uid":"a56c408111c4f5b1","name":"Screenshot","source":"a56c408111c4f5b1.png","type":"image/png","size":50594}],"parameters":[],"stepsCount":0,"hasContent":true,"shouldDisplayMessage":false,"attachmentsCount":1},{"name":"Entering Section name...","time":{"start":1665989826125,"stop":1665989826264,"duration":139},"status":"passed","steps":[],"attachments":[{"uid":"965dccc3ebbc0888","name":"Screenshot","source":"965dccc3ebbc0888.png","type":"image/png","size":44292}],"parameters":[],"stepsCount":0,"hasContent":true,"shouldDisplayMessage":false,"attachmentsCount":1},{"name":"Entering Section name...","time":{"start":1665989826297,"stop":1665989826426,"duration":129},"status":"passed","steps":[],"attachments":[{"uid":"771b73d2b4fa4a5c","name":"Screenshot","source":"771b73d2b4fa4a5c.png","type":"image/png","size":44575}],"parameters":[],"stepsCount":0,"hasContent":true,"shouldDisplayMessage":false,"attachmentsCount":1},{"name":"Entering Section instructions...","time":{"start":1665989826452,"stop":1665989846630,"duration":20178},"status":"broken","statusMessage":"no such element: Unable to locate element: {\"method\":\"xpath\",\"selector\":\"//*[contains(@class,'fr-element')]\"}\n  (Session info: chrome=106.0.5249.119)\nFor documentation on this error, please visit: https://selenium.dev/exceptions/#no_such_element\nBuild info: version: '4.4.0', revision: 'e5c75ed026a'\nSystem info: host: 'DESKTOP-IPBNGSB', ip: '192.168.29.11', os.name: 'Windows 10', os.arch: 'amd64', os.version: '10.0', java.version: '18.0.2'\nDriver info: org.openqa.selenium.chrome.ChromeDriver\nCommand: [bed9bcd9b7303cc4e4eaf1031762d074, findElement {using=xpath, value=//*[contains(@class,'fr-element')]}]\nCapabilities {acceptInsecureCerts: false, browserName: chrome, browserVersion: 106.0.5249.119, chrome: {chromedriverVersion: 106.0.5249.61 (511755355844..., userDataDir: C:\\Users\\Admin\\AppData\\Loca...}, goog:chromeOptions: {debuggerAddress: localhost:50970}, networkConnectionEnabled: false, pageLoadStrategy: normal, platformName: WINDOWS, proxy: Proxy(), se:cdp: ws://localhost:50970/devtoo..., se:cdpVersion: 106.0.5249.119, setWindowRect: true, strictFileInteractability: false, timeouts: {implicit: 0, pageLoad: 300000, script: 30000}, unhandledPromptBehavior: dismiss and notify, webauthn:extension:credBlob: true, webauthn:extension:largeBlob: true, webauthn:virtualAuthenticators: true}\nSession ID: bed9bcd9b7303cc4e4eaf1031762d074","statusTrace":"org.openqa.selenium.NoSuchElementException: no such element: Unable to locate element: {\"method\":\"xpath\",\"selector\":\"//*[contains(@class,'fr-element')]\"}\n  (Session info: chrome=106.0.5249.119)\nFor documentation on this error, please visit: https://selenium.dev/exceptions/#no_such_element\nBuild info: version: '4.4.0', revision: 'e5c75ed026a'\nSystem info: host: 'DESKTOP-IPBNGSB', ip: '192.168.29.11', os.name: 'Windows 10', os.arch: 'amd64', os.version: '10.0', java.version: '18.0.2'\nDriver info: org.openqa.selenium.chrome.ChromeDriver\nCommand: [bed9bcd9b7303cc4e4eaf1031762d074, findElement {using=xpath, value=//*[contains(@class,'fr-element')]}]\nCapabilities {acceptInsecureCerts: false, browserName: chrome, browserVersion: 106.0.5249.119, chrome: {chromedriverVersion: 106.0.5249.61 (511755355844..., userDataDir: C:\\Users\\Admin\\AppData\\Loca...}, goog:chromeOptions: {debuggerAddress: localhost:50970}, networkConnectionEnabled: false, pageLoadStrategy: normal, platformName: WINDOWS, proxy: Proxy(), se:cdp: ws://localhost:50970/devtoo..., se:cdpVersion: 106.0.5249.119, setWindowRect: true, strictFileInteractability: false, timeouts: {implicit: 0, pageLoad: 300000, script: 30000}, unhandledPromptBehavior: dismiss and notify, webauthn:extension:credBlob: true, webauthn:extension:largeBlob: true, webauthn:virtualAuthenticators: true}\nSession ID: bed9bcd9b7303cc4e4eaf1031762d074\r\n\tat java.base/jdk.internal.reflect.DirectConstructorHandleAccessor.newInstance(DirectConstructorHandleAccessor.java:67)\r\n\tat java.base/java.lang.reflect.Constructor.newInstanceWithCaller(Constructor.java:499)\r\n\tat java.base/java.lang.reflect.Constructor.newInstance(Constructor.java:483)\r\n\tat org.openqa.selenium.remote.codec.w3c.W3CHttpResponseCodec.createException(W3CHttpResponseCodec.java:200)\r\n\tat org.openqa.selenium.remote.codec.w3c.W3CHttpResponseCodec.decode(W3CHttpResponseCodec.java:133)\r\n\tat org.openqa.selenium.remote.codec.w3c.W3CHttpResponseCodec.decode(W3CHttpResponseCodec.java:53)\r\n\tat org.openqa.selenium.remote.HttpCommandExecutor.execute(HttpCommandExecutor.java:184)\r\n\tat org.openqa.selenium.remote.service.DriverCommandExecutor.invokeExecute(DriverCommandExecutor.java:167)\r\n\tat org.openqa.selenium.remote.service.DriverCommandExecutor.execute(DriverCommandExecutor.java:142)\r\n\tat org.openqa.selenium.remote.RemoteWebDriver.execute(RemoteWebDriver.java:547)\r\n\tat org.openqa.selenium.remote.ElementLocation$ElementFinder$2.findElement(ElementLocation.java:162)\r\n\tat org.openqa.selenium.remote.ElementLocation.findElement(ElementLocation.java:60)\r\n\tat org.openqa.selenium.remote.RemoteWebDriver.findElement(RemoteWebDriver.java:365)\r\n\tat org.openqa.selenium.remote.RemoteWebDriver.findElement(RemoteWebDriver.java:357)\r\n\tat pageObjects.Assessment.SectionInstructions(Assessment.java:167)\r\n\tat Assessment.CreateAssessment_Online.teacherCreateAssessment_Online(CreateAssessment_Online.java:88)\r\n\tat java.base/jdk.internal.reflect.DirectMethodHandleAccessor.invoke(DirectMethodHandleAccessor.java:104)\r\n\tat java.base/java.lang.reflect.Method.invoke(Method.java:577)\r\n\tat org.testng.internal.invokers.MethodInvocationHelper.invokeMethod(MethodInvocationHelper.java:139)\r\n\tat org.testng.internal.invokers.TestInvoker.invokeMethod(TestInvoker.java:677)\r\n\tat org.testng.internal.invokers.TestInvoker.invokeTestMethod(TestInvoker.java:221)\r\n\tat org.testng.internal.invokers.MethodRunner.runInSequence(MethodRunner.java:50)\r\n\tat org.testng.internal.invokers.TestInvoker$MethodInvocationAgent.invoke(TestInvoker.java:962)\r\n\tat org.testng.internal.invokers.TestInvoker.invokeTestMethods(TestInvoker.java:194)\r\n\tat org.testng.internal.invokers.TestMethodWorker.invokeTestMethods(TestMethodWorker.java:148)\r\n\tat org.testng.internal.invokers.TestMethodWorker.run(TestMethodWorker.java:128)\r\n\tat java.base/java.util.ArrayList.forEach(ArrayList.java:1511)\r\n\tat org.testng.TestRunner.privateRun(TestRunner.java:806)\r\n\tat org.testng.TestRunner.run(TestRunner.java:601)\r\n\tat org.testng.SuiteRunner.runTest(SuiteRunner.java:433)\r\n\tat org.testng.SuiteRunner.runSequentially(SuiteRunner.java:427)\r\n\tat org.testng.SuiteRunner.privateRun(SuiteRunner.java:387)\r\n\tat org.testng.SuiteRunner.run(SuiteRunner.java:330)\r\n\tat org.testng.SuiteRunnerWorker.runSuite(SuiteRunnerWorker.java:52)\r\n\tat org.testng.SuiteRunnerWorker.run(SuiteRunnerWorker.java:95)\r\n\tat org.testng.TestNG.runSuitesSequentially(TestNG.java:1256)\r\n\tat org.testng.TestNG.runSuitesLocally(TestNG.java:1176)\r\n\tat org.testng.TestNG.runSuites(TestNG.java:1099)\r\n\tat org.testng.TestNG.run(TestNG.java:1067)\r\n\tat com.intellij.rt.testng.IDEARemoteTestNG.run(IDEARemoteTestNG.java:66)\r\n\tat com.intellij.rt.testng.RemoteTestNGStarter.main(RemoteTestNGStarter.java:109)\r\n","steps":[],"attachments":[{"uid":"e37f10439a7f152f","name":"Screenshot","source":"e37f10439a7f152f.png","type":"image/png","size":44598}],"parameters":[],"stepsCount":0,"hasContent":true,"shouldDisplayMessage":true,"attachmentsCount":1}],"attachments":[{"uid":"ec561456ee15a8b3","name":"ScreenShot","source":"ec561456ee15a8b3.png","type":"image/png","size":44598},{"uid":"7d57ad84c6b078a8","name":"teacherCreateAssessment_Online","source":"7d57ad84c6b078a8.txt","type":"text/plain","size":30}],"parameters":[],"stepsCount":18,"hasContent":true,"shouldDisplayMessage":false,"attachmentsCount":20},"afterStages":[{"name":"tearDown","time":{"start":1665989846928,"stop":1665989847177,"duration":249},"description":"","status":"passed","steps":[],"attachments":[],"parameters":[],"stepsCount":0,"hasContent":false,"shouldDisplayMessage":false,"attachmentsCount":0}],"labels":[{"name":"package","value":"Assessment.CreateAssessment_Online"},{"name":"testClass","value":"Assessment.CreateAssessment_Online"},{"name":"testMethod","value":"teacherCreateAssessment_Online"},{"name":"parentSuite","value":"Suite"},{"name":"suite","value":"Test"},{"name":"subSuite","value":"Assessment.CreateAssessment_Online"},{"name":"host","value":"DESKTOP-IPBNGSB"},{"name":"thread","value":"8276@DESKTOP-IPBNGSB.main(1)"},{"name":"framework","value":"testng"},{"name":"language","value":"java"},{"name":"story","value":"ASSFT_02"},{"name":"epic","value":"This story represents the Assessment module of the onelern_school project."},{"name":"severity","value":"blocker"},{"name":"resultFormat","value":"allure2"}],"parameters":[{"name":"arg0","value":"9000000113"},{"name":"arg1","value":"123456"}],"links":[],"hidden":false,"retry":false,"extra":{"severity":"blocker","retries":[],"categories":[{"name":"Test defects","matchedStatuses":[],"flaky":false}],"tags":[]},"source":"18b7daf82a085098.json","parameterValues":["9000000113","123456"]}