{"uid":"c861dd11dbbfefc8","name":"teacherCreateAssessment_PenPaper","fullName":"Assessment.CreateAssessment_PenPaper.teacherCreateAssessment_PenPaper","historyId":"67a88c0f8c51d7a997e66e3dfb3825f","time":{"start":1662722211102,"stop":1662722255582,"duration":44480},"description":"Examine whether or not the teacher can successfully create Pen & paper assessment for the students.","descriptionHtml":"<p>Examine whether or not the teacher can successfully create Pen &amp; paper assessment for the students.</p>\n","status":"broken","statusMessage":"no such element: Unable to locate element: {\"method\":\"xpath\",\"selector\":\"//*[contains(@class,'modal-overlay')]\"}\n  (Session info: headless chrome=105.0.5195.102)\nFor documentation on this error, please visit: https://selenium.dev/exceptions/#no_such_element\nBuild info: version: '4.1.4', revision: '535d840ee2'\nSystem info: host: 'SHASHANK', ip: '192.168.56.1', os.name: 'Windows 11', os.arch: 'amd64', os.version: '10.0', java.version: '18.0.1.1'\nDriver info: org.openqa.selenium.chrome.ChromeDriver\nCommand: [38ab0114f02e1ea055ef813385eeb171, findElement {using=xpath, value=//*[contains(@class,'modal-overlay')]}]\nCapabilities {acceptInsecureCerts: false, browserName: chrome, browserVersion: 105.0.5195.102, chrome: {chromedriverVersion: 105.0.5195.52 (412c95e51883..., userDataDir: C:\\Users\\MANKAL~1\\AppData\\L...}, goog:chromeOptions: {debuggerAddress: localhost:60940}, javascriptEnabled: true, networkConnectionEnabled: false, pageLoadStrategy: normal, platform: WINDOWS, platformName: WINDOWS, proxy: Proxy(), se:cdp: ws://localhost:60940/devtoo..., se:cdpVersion: 105.0.5195.102, setWindowRect: true, strictFileInteractability: false, timeouts: {implicit: 0, pageLoad: 300000, script: 30000}, unhandledPromptBehavior: dismiss and notify, webauthn:extension:credBlob: true, webauthn:extension:largeBlob: true, webauthn:virtualAuthenticators: true}\nSession ID: 38ab0114f02e1ea055ef813385eeb171","statusTrace":"org.openqa.selenium.NoSuchElementException: no such element: Unable to locate element: {\"method\":\"xpath\",\"selector\":\"//*[contains(@class,'modal-overlay')]\"}\n  (Session info: headless chrome=105.0.5195.102)\nFor documentation on this error, please visit: https://selenium.dev/exceptions/#no_such_element\nBuild info: version: '4.1.4', revision: '535d840ee2'\nSystem info: host: 'SHASHANK', ip: '192.168.56.1', os.name: 'Windows 11', os.arch: 'amd64', os.version: '10.0', java.version: '18.0.1.1'\nDriver info: org.openqa.selenium.chrome.ChromeDriver\nCommand: [38ab0114f02e1ea055ef813385eeb171, findElement {using=xpath, value=//*[contains(@class,'modal-overlay')]}]\nCapabilities {acceptInsecureCerts: false, browserName: chrome, browserVersion: 105.0.5195.102, chrome: {chromedriverVersion: 105.0.5195.52 (412c95e51883..., userDataDir: C:\\Users\\MANKAL~1\\AppData\\L...}, goog:chromeOptions: {debuggerAddress: localhost:60940}, javascriptEnabled: true, networkConnectionEnabled: false, pageLoadStrategy: normal, platform: WINDOWS, platformName: WINDOWS, proxy: Proxy(), se:cdp: ws://localhost:60940/devtoo..., se:cdpVersion: 105.0.5195.102, setWindowRect: true, strictFileInteractability: false, timeouts: {implicit: 0, pageLoad: 300000, script: 30000}, unhandledPromptBehavior: dismiss and notify, webauthn:extension:credBlob: true, webauthn:extension:largeBlob: true, webauthn:virtualAuthenticators: true}\nSession ID: 38ab0114f02e1ea055ef813385eeb171\r\n\tat java.base/jdk.internal.reflect.DirectConstructorHandleAccessor.newInstance(DirectConstructorHandleAccessor.java:67)\r\n\tat java.base/java.lang.reflect.Constructor.newInstanceWithCaller(Constructor.java:499)\r\n\tat java.base/java.lang.reflect.Constructor.newInstance(Constructor.java:483)\r\n\tat org.openqa.selenium.remote.codec.w3c.W3CHttpResponseCodec.createException(W3CHttpResponseCodec.java:200)\r\n\tat org.openqa.selenium.remote.codec.w3c.W3CHttpResponseCodec.decode(W3CHttpResponseCodec.java:133)\r\n\tat org.openqa.selenium.remote.codec.w3c.W3CHttpResponseCodec.decode(W3CHttpResponseCodec.java:53)\r\n\tat org.openqa.selenium.remote.HttpCommandExecutor.execute(HttpCommandExecutor.java:184)\r\n\tat org.openqa.selenium.remote.service.DriverCommandExecutor.invokeExecute(DriverCommandExecutor.java:167)\r\n\tat org.openqa.selenium.remote.service.DriverCommandExecutor.execute(DriverCommandExecutor.java:142)\r\n\tat org.openqa.selenium.remote.RemoteWebDriver.execute(RemoteWebDriver.java:567)\r\n\tat org.openqa.selenium.remote.ElementLocation$ElementFinder$2.findElement(ElementLocation.java:162)\r\n\tat org.openqa.selenium.remote.ElementLocation.findElement(ElementLocation.java:60)\r\n\tat org.openqa.selenium.remote.RemoteWebDriver.findElement(RemoteWebDriver.java:385)\r\n\tat org.openqa.selenium.remote.RemoteWebDriver.findElement(RemoteWebDriver.java:377)\r\n\tat pageObjects.Assessment.ModalOverlay(Assessment.java:200)\r\n\tat Assessment.CreateAssessment_PenPaper.teacherCreateAssessment_PenPaper(CreateAssessment_PenPaper.java:56)\r\n\tat java.base/jdk.internal.reflect.DirectMethodHandleAccessor.invoke(DirectMethodHandleAccessor.java:104)\r\n\tat java.base/java.lang.reflect.Method.invoke(Method.java:577)\r\n\tat org.testng.internal.invokers.MethodInvocationHelper.invokeMethod(MethodInvocationHelper.java:135)\r\n\tat org.testng.internal.invokers.TestInvoker.invokeMethod(TestInvoker.java:673)\r\n\tat org.testng.internal.invokers.TestInvoker.invokeTestMethod(TestInvoker.java:220)\r\n\tat org.testng.internal.invokers.MethodRunner.runInSequence(MethodRunner.java:50)\r\n\tat org.testng.internal.invokers.TestInvoker$MethodInvocationAgent.invoke(TestInvoker.java:945)\r\n\tat org.testng.internal.invokers.TestInvoker.invokeTestMethods(TestInvoker.java:193)\r\n\tat org.testng.internal.invokers.TestMethodWorker.invokeTestMethods(TestMethodWorker.java:146)\r\n\tat org.testng.internal.invokers.TestMethodWorker.run(TestMethodWorker.java:128)\r\n\tat java.base/java.util.ArrayList.forEach(ArrayList.java:1511)\r\n\tat org.testng.TestRunner.privateRun(TestRunner.java:808)\r\n\tat org.testng.TestRunner.run(TestRunner.java:603)\r\n\tat org.testng.SuiteRunner.runTest(SuiteRunner.java:429)\r\n\tat org.testng.SuiteRunner.runSequentially(SuiteRunner.java:423)\r\n\tat org.testng.SuiteRunner.privateRun(SuiteRunner.java:383)\r\n\tat org.testng.SuiteRunner.run(SuiteRunner.java:326)\r\n\tat org.testng.SuiteRunnerWorker.runSuite(SuiteRunnerWorker.java:52)\r\n\tat org.testng.SuiteRunnerWorker.run(SuiteRunnerWorker.java:95)\r\n\tat org.testng.TestNG.runSuitesSequentially(TestNG.java:1249)\r\n\tat org.testng.TestNG.runSuitesLocally(TestNG.java:1169)\r\n\tat org.testng.TestNG.runSuites(TestNG.java:1092)\r\n\tat org.testng.TestNG.run(TestNG.java:1060)\r\n\tat com.intellij.rt.testng.IDEARemoteTestNG.run(IDEARemoteTestNG.java:66)\r\n\tat com.intellij.rt.testng.RemoteTestNGStarter.main(RemoteTestNGStarter.java:109)\r\n","flaky":false,"newFailed":false,"newBroken":false,"newPassed":false,"retriesCount":0,"retriesStatusChange":false,"beforeStages":[{"name":"standardLogic","time":{"start":1662722208248,"stop":1662722211100,"duration":2852},"description":"","status":"passed","steps":[],"attachments":[],"parameters":[],"hasContent":false,"stepsCount":0,"shouldDisplayMessage":false,"attachmentsCount":0}],"testStage":{"description":"Examine whether or not the teacher can successfully create Pen & paper assessment for the students.","status":"broken","statusMessage":"no such element: Unable to locate element: {\"method\":\"xpath\",\"selector\":\"//*[contains(@class,'modal-overlay')]\"}\n  (Session info: headless chrome=105.0.5195.102)\nFor documentation on this error, please visit: https://selenium.dev/exceptions/#no_such_element\nBuild info: version: '4.1.4', revision: '535d840ee2'\nSystem info: host: 'SHASHANK', ip: '192.168.56.1', os.name: 'Windows 11', os.arch: 'amd64', os.version: '10.0', java.version: '18.0.1.1'\nDriver info: org.openqa.selenium.chrome.ChromeDriver\nCommand: [38ab0114f02e1ea055ef813385eeb171, findElement {using=xpath, value=//*[contains(@class,'modal-overlay')]}]\nCapabilities {acceptInsecureCerts: false, browserName: chrome, browserVersion: 105.0.5195.102, chrome: {chromedriverVersion: 105.0.5195.52 (412c95e51883..., userDataDir: C:\\Users\\MANKAL~1\\AppData\\L...}, goog:chromeOptions: {debuggerAddress: localhost:60940}, javascriptEnabled: true, networkConnectionEnabled: false, pageLoadStrategy: normal, platform: WINDOWS, platformName: WINDOWS, proxy: Proxy(), se:cdp: ws://localhost:60940/devtoo..., se:cdpVersion: 105.0.5195.102, setWindowRect: true, strictFileInteractability: false, timeouts: {implicit: 0, pageLoad: 300000, script: 30000}, unhandledPromptBehavior: dismiss and notify, webauthn:extension:credBlob: true, webauthn:extension:largeBlob: true, webauthn:virtualAuthenticators: true}\nSession ID: 38ab0114f02e1ea055ef813385eeb171","statusTrace":"org.openqa.selenium.NoSuchElementException: no such element: Unable to locate element: {\"method\":\"xpath\",\"selector\":\"//*[contains(@class,'modal-overlay')]\"}\n  (Session info: headless chrome=105.0.5195.102)\nFor documentation on this error, please visit: https://selenium.dev/exceptions/#no_such_element\nBuild info: version: '4.1.4', revision: '535d840ee2'\nSystem info: host: 'SHASHANK', ip: '192.168.56.1', os.name: 'Windows 11', os.arch: 'amd64', os.version: '10.0', java.version: '18.0.1.1'\nDriver info: org.openqa.selenium.chrome.ChromeDriver\nCommand: [38ab0114f02e1ea055ef813385eeb171, findElement {using=xpath, value=//*[contains(@class,'modal-overlay')]}]\nCapabilities {acceptInsecureCerts: false, browserName: chrome, browserVersion: 105.0.5195.102, chrome: {chromedriverVersion: 105.0.5195.52 (412c95e51883..., userDataDir: C:\\Users\\MANKAL~1\\AppData\\L...}, goog:chromeOptions: {debuggerAddress: localhost:60940}, javascriptEnabled: true, networkConnectionEnabled: false, pageLoadStrategy: normal, platform: WINDOWS, platformName: WINDOWS, proxy: Proxy(), se:cdp: ws://localhost:60940/devtoo..., se:cdpVersion: 105.0.5195.102, setWindowRect: true, strictFileInteractability: false, timeouts: {implicit: 0, pageLoad: 300000, script: 30000}, unhandledPromptBehavior: dismiss and notify, webauthn:extension:credBlob: true, webauthn:extension:largeBlob: true, webauthn:virtualAuthenticators: true}\nSession ID: 38ab0114f02e1ea055ef813385eeb171\r\n\tat java.base/jdk.internal.reflect.DirectConstructorHandleAccessor.newInstance(DirectConstructorHandleAccessor.java:67)\r\n\tat java.base/java.lang.reflect.Constructor.newInstanceWithCaller(Constructor.java:499)\r\n\tat java.base/java.lang.reflect.Constructor.newInstance(Constructor.java:483)\r\n\tat org.openqa.selenium.remote.codec.w3c.W3CHttpResponseCodec.createException(W3CHttpResponseCodec.java:200)\r\n\tat org.openqa.selenium.remote.codec.w3c.W3CHttpResponseCodec.decode(W3CHttpResponseCodec.java:133)\r\n\tat org.openqa.selenium.remote.codec.w3c.W3CHttpResponseCodec.decode(W3CHttpResponseCodec.java:53)\r\n\tat org.openqa.selenium.remote.HttpCommandExecutor.execute(HttpCommandExecutor.java:184)\r\n\tat org.openqa.selenium.remote.service.DriverCommandExecutor.invokeExecute(DriverCommandExecutor.java:167)\r\n\tat org.openqa.selenium.remote.service.DriverCommandExecutor.execute(DriverCommandExecutor.java:142)\r\n\tat org.openqa.selenium.remote.RemoteWebDriver.execute(RemoteWebDriver.java:567)\r\n\tat org.openqa.selenium.remote.ElementLocation$ElementFinder$2.findElement(ElementLocation.java:162)\r\n\tat org.openqa.selenium.remote.ElementLocation.findElement(ElementLocation.java:60)\r\n\tat org.openqa.selenium.remote.RemoteWebDriver.findElement(RemoteWebDriver.java:385)\r\n\tat org.openqa.selenium.remote.RemoteWebDriver.findElement(RemoteWebDriver.java:377)\r\n\tat pageObjects.Assessment.ModalOverlay(Assessment.java:200)\r\n\tat Assessment.CreateAssessment_PenPaper.teacherCreateAssessment_PenPaper(CreateAssessment_PenPaper.java:56)\r\n\tat java.base/jdk.internal.reflect.DirectMethodHandleAccessor.invoke(DirectMethodHandleAccessor.java:104)\r\n\tat java.base/java.lang.reflect.Method.invoke(Method.java:577)\r\n\tat org.testng.internal.invokers.MethodInvocationHelper.invokeMethod(MethodInvocationHelper.java:135)\r\n\tat org.testng.internal.invokers.TestInvoker.invokeMethod(TestInvoker.java:673)\r\n\tat org.testng.internal.invokers.TestInvoker.invokeTestMethod(TestInvoker.java:220)\r\n\tat org.testng.internal.invokers.MethodRunner.runInSequence(MethodRunner.java:50)\r\n\tat org.testng.internal.invokers.TestInvoker$MethodInvocationAgent.invoke(TestInvoker.java:945)\r\n\tat org.testng.internal.invokers.TestInvoker.invokeTestMethods(TestInvoker.java:193)\r\n\tat org.testng.internal.invokers.TestMethodWorker.invokeTestMethods(TestMethodWorker.java:146)\r\n\tat org.testng.internal.invokers.TestMethodWorker.run(TestMethodWorker.java:128)\r\n\tat java.base/java.util.ArrayList.forEach(ArrayList.java:1511)\r\n\tat org.testng.TestRunner.privateRun(TestRunner.java:808)\r\n\tat org.testng.TestRunner.run(TestRunner.java:603)\r\n\tat org.testng.SuiteRunner.runTest(SuiteRunner.java:429)\r\n\tat org.testng.SuiteRunner.runSequentially(SuiteRunner.java:423)\r\n\tat org.testng.SuiteRunner.privateRun(SuiteRunner.java:383)\r\n\tat org.testng.SuiteRunner.run(SuiteRunner.java:326)\r\n\tat org.testng.SuiteRunnerWorker.runSuite(SuiteRunnerWorker.java:52)\r\n\tat org.testng.SuiteRunnerWorker.run(SuiteRunnerWorker.java:95)\r\n\tat org.testng.TestNG.runSuitesSequentially(TestNG.java:1249)\r\n\tat org.testng.TestNG.runSuitesLocally(TestNG.java:1169)\r\n\tat org.testng.TestNG.runSuites(TestNG.java:1092)\r\n\tat org.testng.TestNG.run(TestNG.java:1060)\r\n\tat com.intellij.rt.testng.IDEARemoteTestNG.run(IDEARemoteTestNG.java:66)\r\n\tat com.intellij.rt.testng.RemoteTestNGStarter.main(RemoteTestNGStarter.java:109)\r\n","steps":[{"name":"Selected log in as Teacher...","time":{"start":1662722211103,"stop":1662722211272,"duration":169},"status":"passed","steps":[],"attachments":[{"uid":"b2cc0bd759a804c8","name":"Screenshot","source":"b2cc0bd759a804c8.png","type":"image/png","size":49164}],"parameters":[],"hasContent":true,"stepsCount":0,"shouldDisplayMessage":false,"attachmentsCount":1},{"name":"Mobile number is entered...","time":{"start":1662722211317,"stop":1662722211480,"duration":163},"status":"passed","steps":[],"attachments":[{"uid":"a78ff63bf0a2ceb4","name":"Screenshot","source":"a78ff63bf0a2ceb4.png","type":"image/png","size":36019}],"parameters":[],"hasContent":true,"stepsCount":0,"shouldDisplayMessage":false,"attachmentsCount":1},{"name":"Mobile number is submitted...","time":{"start":1662722211518,"stop":1662722211728,"duration":210},"status":"passed","steps":[],"attachments":[{"uid":"cccacd438f507dd2","name":"Screenshot","source":"cccacd438f507dd2.png","type":"image/png","size":36777}],"parameters":[],"hasContent":true,"stepsCount":0,"shouldDisplayMessage":false,"attachmentsCount":1},{"name":"password is entered...","time":{"start":1662722216817,"stop":1662722216988,"duration":171},"status":"passed","steps":[],"attachments":[{"uid":"57ad94a62a3d3767","name":"Screenshot","source":"57ad94a62a3d3767.png","type":"image/png","size":39133}],"parameters":[],"hasContent":true,"stepsCount":0,"shouldDisplayMessage":false,"attachmentsCount":1},{"name":"Password is submitted...","time":{"start":1662722222061,"stop":1662722222218,"duration":157},"status":"passed","steps":[],"attachments":[{"uid":"1f6855354632440","name":"Screenshot","source":"1f6855354632440.png","type":"image/png","size":37428}],"parameters":[],"hasContent":true,"stepsCount":0,"shouldDisplayMessage":false,"attachmentsCount":1},{"name":"Assessment Module is opened...","time":{"start":1662722229267,"stop":1662722229633,"duration":366},"status":"passed","steps":[],"attachments":[{"uid":"cebce6e8944cc4e2","name":"Screenshot","source":"cebce6e8944cc4e2.png","type":"image/png","size":231263}],"parameters":[],"hasContent":true,"stepsCount":0,"shouldDisplayMessage":false,"attachmentsCount":1},{"name":"Clicking on My Assessments...","time":{"start":1662722233100,"stop":1662722233257,"duration":157},"status":"passed","steps":[],"attachments":[{"uid":"184af210f2874004","name":"Screenshot","source":"184af210f2874004.png","type":"image/png","size":31900}],"parameters":[],"hasContent":true,"stepsCount":0,"shouldDisplayMessage":false,"attachmentsCount":1}],"attachments":[{"uid":"6e5aa043c2542ab4","name":"ScreenShot","source":"6e5aa043c2542ab4.png","type":"image/png","size":36979},{"uid":"c0f17a8a55c5569b","name":"teacherCreateAssessment_PenPaper","source":"c0f17a8a55c5569b.txt","type":"text/plain","size":32}],"parameters":[],"hasContent":true,"stepsCount":7,"shouldDisplayMessage":true,"attachmentsCount":9},"afterStages":[{"name":"tearDown","time":{"start":1662722255582,"stop":1662722255724,"duration":142},"description":"","status":"passed","steps":[],"attachments":[],"parameters":[],"hasContent":false,"stepsCount":0,"shouldDisplayMessage":false,"attachmentsCount":0}],"labels":[{"name":"package","value":"Assessment.CreateAssessment_PenPaper"},{"name":"testClass","value":"Assessment.CreateAssessment_PenPaper"},{"name":"testMethod","value":"teacherCreateAssessment_PenPaper"},{"name":"parentSuite","value":"Suite"},{"name":"suite","value":"Test"},{"name":"subSuite","value":"Assessment.CreateAssessment_PenPaper"},{"name":"host","value":"Shashank"},{"name":"thread","value":"26236@Shashank.main(1)"},{"name":"framework","value":"testng"},{"name":"language","value":"java"},{"name":"story","value":"ASSFT_03"},{"name":"epic","value":"This story represents the Assessment module of the onelern_school project."},{"name":"severity","value":"blocker"},{"name":"resultFormat","value":"allure2"}],"parameters":[{"name":"arg0","value":"9000000113"},{"name":"arg1","value":"123456"}],"links":[],"hidden":false,"retry":false,"extra":{"severity":"blocker","retries":[],"categories":[{"name":"Test defects","matchedStatuses":[],"flaky":false}],"history":{"statistic":{"failed":0,"broken":2,"skipped":0,"passed":0,"unknown":0,"total":2},"items":[{"uid":"e8436fcd76be3ab9","status":"broken","statusDetails":"no such element: Unable to locate element: {\"method\":\"xpath\",\"selector\":\"//*[contains(@class,'modal-overlay')]\"}\n  (Session info: headless chrome=105.0.5195.102)\nFor documentation on this error, please visit: https://selenium.dev/exceptions/#no_such_element\nBuild info: version: '4.1.4', revision: '535d840ee2'\nSystem info: host: 'SHASHANK', ip: '192.168.56.1', os.name: 'Windows 11', os.arch: 'amd64', os.version: '10.0', java.version: '18.0.1.1'\nDriver info: org.openqa.selenium.chrome.ChromeDriver\nCommand: [fbd5b882ad8ab7e07fd1902a4e25f31f, findElement {using=xpath, value=//*[contains(@class,'modal-overlay')]}]\nCapabilities {acceptInsecureCerts: false, browserName: chrome, browserVersion: 105.0.5195.102, chrome: {chromedriverVersion: 105.0.5195.52 (412c95e51883..., userDataDir: C:\\Users\\MANKAL~1\\AppData\\L...}, goog:chromeOptions: {debuggerAddress: localhost:52811}, javascriptEnabled: true, networkConnectionEnabled: false, pageLoadStrategy: normal, platform: WINDOWS, platformName: WINDOWS, proxy: Proxy(), se:cdp: ws://localhost:52811/devtoo..., se:cdpVersion: 105.0.5195.102, setWindowRect: true, strictFileInteractability: false, timeouts: {implicit: 0, pageLoad: 300000, script: 30000}, unhandledPromptBehavior: dismiss and notify, webauthn:extension:credBlob: true, webauthn:extension:largeBlob: true, webauthn:virtualAuthenticators: true}\nSession ID: fbd5b882ad8ab7e07fd1902a4e25f31f","time":{"start":1662613897677,"stop":1662613942081,"duration":44404}}]},"tags":[]},"source":"c861dd11dbbfefc8.json","parameterValues":["9000000113","123456"]}