{"uid":"22cf26c8e21a3a07","name":"TeacherEditGroupCheck","fullName":"StudentGroups.EditGroupCheck.TeacherEditGroupCheck","historyId":"6b66b61a9a54fc53fbc8f14e2b3b2076","time":{"start":1663755725238,"stop":1663755753670,"duration":28432},"description":"Examine whether or not the teacher can successfully edit the added group.","descriptionHtml":"<p>Examine whether or not the teacher can successfully edit the added group.</p>\n","status":"broken","statusMessage":"element click intercepted: Element <input onkeydown=\"return (event.keyCode!=13);\" class=\"form-control svelte-1re7qal\" type=\"search\" placeholder=\"Search for Groups\" aria-label=\"Search\"> is not clickable at point (1788, 107). Other element would receive the click: <div class=\"modal-overlay svelte-1jnzqg\">...</div>\n  (Session info: headless chrome=105.0.5195.127)\nBuild info: version: '4.4.0', revision: 'e5c75ed026a'\nSystem info: host: 'SHASHANK', ip: '192.168.56.1', os.name: 'Windows 11', os.arch: 'amd64', os.version: '10.0', java.version: '18.0.1.1'\nDriver info: org.openqa.selenium.chrome.ChromeDriver\nCommand: [ef88a154cdc4741bbe6f107e67928c8f, clickElement {id=994d2137-52ac-4ced-9989-9791ac6b83ab}]\nCapabilities {acceptInsecureCerts: false, browserName: chrome, browserVersion: 105.0.5195.127, chrome: {chromedriverVersion: 105.0.5195.52 (412c95e51883..., userDataDir: C:\\Users\\MANKAL~1\\AppData\\L...}, goog:chromeOptions: {debuggerAddress: localhost:51100}, networkConnectionEnabled: false, pageLoadStrategy: normal, platformName: WINDOWS, proxy: Proxy(), se:cdp: ws://localhost:51100/devtoo..., se:cdpVersion: 105.0.5195.127, setWindowRect: true, strictFileInteractability: false, timeouts: {implicit: 0, pageLoad: 300000, script: 30000}, unhandledPromptBehavior: dismiss and notify, webauthn:extension:credBlob: true, webauthn:extension:largeBlob: true, webauthn:virtualAuthenticators: true}\nElement: [[ChromeDriver: chrome on WINDOWS (ef88a154cdc4741bbe6f107e67928c8f)] -> xpath: //*[contains(@placeholder,'Search')]]\nSession ID: ef88a154cdc4741bbe6f107e67928c8f","statusTrace":"org.openqa.selenium.ElementClickInterceptedException: element click intercepted: Element <input onkeydown=\"return (event.keyCode!=13);\" class=\"form-control svelte-1re7qal\" type=\"search\" placeholder=\"Search for Groups\" aria-label=\"Search\"> is not clickable at point (1788, 107). Other element would receive the click: <div class=\"modal-overlay svelte-1jnzqg\">...</div>\n  (Session info: headless chrome=105.0.5195.127)\nBuild info: version: '4.4.0', revision: 'e5c75ed026a'\nSystem info: host: 'SHASHANK', ip: '192.168.56.1', os.name: 'Windows 11', os.arch: 'amd64', os.version: '10.0', java.version: '18.0.1.1'\nDriver info: org.openqa.selenium.chrome.ChromeDriver\nCommand: [ef88a154cdc4741bbe6f107e67928c8f, clickElement {id=994d2137-52ac-4ced-9989-9791ac6b83ab}]\nCapabilities {acceptInsecureCerts: false, browserName: chrome, browserVersion: 105.0.5195.127, chrome: {chromedriverVersion: 105.0.5195.52 (412c95e51883..., userDataDir: C:\\Users\\MANKAL~1\\AppData\\L...}, goog:chromeOptions: {debuggerAddress: localhost:51100}, networkConnectionEnabled: false, pageLoadStrategy: normal, platformName: WINDOWS, proxy: Proxy(), se:cdp: ws://localhost:51100/devtoo..., se:cdpVersion: 105.0.5195.127, setWindowRect: true, strictFileInteractability: false, timeouts: {implicit: 0, pageLoad: 300000, script: 30000}, unhandledPromptBehavior: dismiss and notify, webauthn:extension:credBlob: true, webauthn:extension:largeBlob: true, webauthn:virtualAuthenticators: true}\nElement: [[ChromeDriver: chrome on WINDOWS (ef88a154cdc4741bbe6f107e67928c8f)] -> xpath: //*[contains(@placeholder,'Search')]]\nSession ID: ef88a154cdc4741bbe6f107e67928c8f\r\n\tat java.base/jdk.internal.reflect.DirectConstructorHandleAccessor.newInstance(DirectConstructorHandleAccessor.java:67)\r\n\tat java.base/java.lang.reflect.Constructor.newInstanceWithCaller(Constructor.java:499)\r\n\tat java.base/java.lang.reflect.Constructor.newInstance(Constructor.java:483)\r\n\tat org.openqa.selenium.remote.codec.w3c.W3CHttpResponseCodec.createException(W3CHttpResponseCodec.java:200)\r\n\tat org.openqa.selenium.remote.codec.w3c.W3CHttpResponseCodec.decode(W3CHttpResponseCodec.java:133)\r\n\tat org.openqa.selenium.remote.codec.w3c.W3CHttpResponseCodec.decode(W3CHttpResponseCodec.java:53)\r\n\tat org.openqa.selenium.remote.HttpCommandExecutor.execute(HttpCommandExecutor.java:184)\r\n\tat org.openqa.selenium.remote.service.DriverCommandExecutor.invokeExecute(DriverCommandExecutor.java:167)\r\n\tat org.openqa.selenium.remote.service.DriverCommandExecutor.execute(DriverCommandExecutor.java:142)\r\n\tat org.openqa.selenium.remote.RemoteWebDriver.execute(RemoteWebDriver.java:547)\r\n\tat org.openqa.selenium.remote.RemoteWebElement.execute(RemoteWebElement.java:257)\r\n\tat org.openqa.selenium.remote.RemoteWebElement.click(RemoteWebElement.java:78)\r\n\tat StudentGroups.EditGroupCheck.TeacherEditGroupCheck(EditGroupCheck.java:58)\r\n\tat java.base/jdk.internal.reflect.DirectMethodHandleAccessor.invoke(DirectMethodHandleAccessor.java:104)\r\n\tat java.base/java.lang.reflect.Method.invoke(Method.java:577)\r\n\tat org.testng.internal.invokers.MethodInvocationHelper.invokeMethod(MethodInvocationHelper.java:139)\r\n\tat org.testng.internal.invokers.TestInvoker.invokeMethod(TestInvoker.java:677)\r\n\tat org.testng.internal.invokers.TestInvoker.invokeTestMethod(TestInvoker.java:221)\r\n\tat org.testng.internal.invokers.MethodRunner.runInSequence(MethodRunner.java:50)\r\n\tat org.testng.internal.invokers.TestInvoker$MethodInvocationAgent.invoke(TestInvoker.java:962)\r\n\tat org.testng.internal.invokers.TestInvoker.invokeTestMethods(TestInvoker.java:194)\r\n\tat org.testng.internal.invokers.TestMethodWorker.invokeTestMethods(TestMethodWorker.java:148)\r\n\tat org.testng.internal.invokers.TestMethodWorker.run(TestMethodWorker.java:128)\r\n\tat java.base/java.util.ArrayList.forEach(ArrayList.java:1511)\r\n\tat org.testng.TestRunner.privateRun(TestRunner.java:806)\r\n\tat org.testng.TestRunner.run(TestRunner.java:601)\r\n\tat org.testng.SuiteRunner.runTest(SuiteRunner.java:433)\r\n\tat org.testng.SuiteRunner.runSequentially(SuiteRunner.java:427)\r\n\tat org.testng.SuiteRunner.privateRun(SuiteRunner.java:387)\r\n\tat org.testng.SuiteRunner.run(SuiteRunner.java:330)\r\n\tat org.testng.SuiteRunnerWorker.runSuite(SuiteRunnerWorker.java:52)\r\n\tat org.testng.SuiteRunnerWorker.run(SuiteRunnerWorker.java:95)\r\n\tat org.testng.TestNG.runSuitesSequentially(TestNG.java:1256)\r\n\tat org.testng.TestNG.runSuitesLocally(TestNG.java:1176)\r\n\tat org.testng.TestNG.runSuites(TestNG.java:1099)\r\n\tat org.testng.TestNG.run(TestNG.java:1067)\r\n\tat com.intellij.rt.testng.IDEARemoteTestNG.run(IDEARemoteTestNG.java:66)\r\n\tat com.intellij.rt.testng.RemoteTestNGStarter.main(RemoteTestNGStarter.java:109)\r\n","flaky":false,"newFailed":false,"newBroken":false,"newPassed":false,"retriesCount":0,"retriesStatusChange":false,"beforeStages":[{"name":"standardLogic","time":{"start":1663755722834,"stop":1663755725234,"duration":2400},"description":"","status":"passed","steps":[],"attachments":[],"parameters":[],"shouldDisplayMessage":false,"attachmentsCount":0,"hasContent":false,"stepsCount":0}],"testStage":{"description":"Examine whether or not the teacher can successfully edit the added group.","status":"broken","statusMessage":"element click intercepted: Element <input onkeydown=\"return (event.keyCode!=13);\" class=\"form-control svelte-1re7qal\" type=\"search\" placeholder=\"Search for Groups\" aria-label=\"Search\"> is not clickable at point (1788, 107). Other element would receive the click: <div class=\"modal-overlay svelte-1jnzqg\">...</div>\n  (Session info: headless chrome=105.0.5195.127)\nBuild info: version: '4.4.0', revision: 'e5c75ed026a'\nSystem info: host: 'SHASHANK', ip: '192.168.56.1', os.name: 'Windows 11', os.arch: 'amd64', os.version: '10.0', java.version: '18.0.1.1'\nDriver info: org.openqa.selenium.chrome.ChromeDriver\nCommand: [ef88a154cdc4741bbe6f107e67928c8f, clickElement {id=994d2137-52ac-4ced-9989-9791ac6b83ab}]\nCapabilities {acceptInsecureCerts: false, browserName: chrome, browserVersion: 105.0.5195.127, chrome: {chromedriverVersion: 105.0.5195.52 (412c95e51883..., userDataDir: C:\\Users\\MANKAL~1\\AppData\\L...}, goog:chromeOptions: {debuggerAddress: localhost:51100}, networkConnectionEnabled: false, pageLoadStrategy: normal, platformName: WINDOWS, proxy: Proxy(), se:cdp: ws://localhost:51100/devtoo..., se:cdpVersion: 105.0.5195.127, setWindowRect: true, strictFileInteractability: false, timeouts: {implicit: 0, pageLoad: 300000, script: 30000}, unhandledPromptBehavior: dismiss and notify, webauthn:extension:credBlob: true, webauthn:extension:largeBlob: true, webauthn:virtualAuthenticators: true}\nElement: [[ChromeDriver: chrome on WINDOWS (ef88a154cdc4741bbe6f107e67928c8f)] -> xpath: //*[contains(@placeholder,'Search')]]\nSession ID: ef88a154cdc4741bbe6f107e67928c8f","statusTrace":"org.openqa.selenium.ElementClickInterceptedException: element click intercepted: Element <input onkeydown=\"return (event.keyCode!=13);\" class=\"form-control svelte-1re7qal\" type=\"search\" placeholder=\"Search for Groups\" aria-label=\"Search\"> is not clickable at point (1788, 107). Other element would receive the click: <div class=\"modal-overlay svelte-1jnzqg\">...</div>\n  (Session info: headless chrome=105.0.5195.127)\nBuild info: version: '4.4.0', revision: 'e5c75ed026a'\nSystem info: host: 'SHASHANK', ip: '192.168.56.1', os.name: 'Windows 11', os.arch: 'amd64', os.version: '10.0', java.version: '18.0.1.1'\nDriver info: org.openqa.selenium.chrome.ChromeDriver\nCommand: [ef88a154cdc4741bbe6f107e67928c8f, clickElement {id=994d2137-52ac-4ced-9989-9791ac6b83ab}]\nCapabilities {acceptInsecureCerts: false, browserName: chrome, browserVersion: 105.0.5195.127, chrome: {chromedriverVersion: 105.0.5195.52 (412c95e51883..., userDataDir: C:\\Users\\MANKAL~1\\AppData\\L...}, goog:chromeOptions: {debuggerAddress: localhost:51100}, networkConnectionEnabled: false, pageLoadStrategy: normal, platformName: WINDOWS, proxy: Proxy(), se:cdp: ws://localhost:51100/devtoo..., se:cdpVersion: 105.0.5195.127, setWindowRect: true, strictFileInteractability: false, timeouts: {implicit: 0, pageLoad: 300000, script: 30000}, unhandledPromptBehavior: dismiss and notify, webauthn:extension:credBlob: true, webauthn:extension:largeBlob: true, webauthn:virtualAuthenticators: true}\nElement: [[ChromeDriver: chrome on WINDOWS (ef88a154cdc4741bbe6f107e67928c8f)] -> xpath: //*[contains(@placeholder,'Search')]]\nSession ID: ef88a154cdc4741bbe6f107e67928c8f\r\n\tat java.base/jdk.internal.reflect.DirectConstructorHandleAccessor.newInstance(DirectConstructorHandleAccessor.java:67)\r\n\tat java.base/java.lang.reflect.Constructor.newInstanceWithCaller(Constructor.java:499)\r\n\tat java.base/java.lang.reflect.Constructor.newInstance(Constructor.java:483)\r\n\tat org.openqa.selenium.remote.codec.w3c.W3CHttpResponseCodec.createException(W3CHttpResponseCodec.java:200)\r\n\tat org.openqa.selenium.remote.codec.w3c.W3CHttpResponseCodec.decode(W3CHttpResponseCodec.java:133)\r\n\tat org.openqa.selenium.remote.codec.w3c.W3CHttpResponseCodec.decode(W3CHttpResponseCodec.java:53)\r\n\tat org.openqa.selenium.remote.HttpCommandExecutor.execute(HttpCommandExecutor.java:184)\r\n\tat org.openqa.selenium.remote.service.DriverCommandExecutor.invokeExecute(DriverCommandExecutor.java:167)\r\n\tat org.openqa.selenium.remote.service.DriverCommandExecutor.execute(DriverCommandExecutor.java:142)\r\n\tat org.openqa.selenium.remote.RemoteWebDriver.execute(RemoteWebDriver.java:547)\r\n\tat org.openqa.selenium.remote.RemoteWebElement.execute(RemoteWebElement.java:257)\r\n\tat org.openqa.selenium.remote.RemoteWebElement.click(RemoteWebElement.java:78)\r\n\tat StudentGroups.EditGroupCheck.TeacherEditGroupCheck(EditGroupCheck.java:58)\r\n\tat java.base/jdk.internal.reflect.DirectMethodHandleAccessor.invoke(DirectMethodHandleAccessor.java:104)\r\n\tat java.base/java.lang.reflect.Method.invoke(Method.java:577)\r\n\tat org.testng.internal.invokers.MethodInvocationHelper.invokeMethod(MethodInvocationHelper.java:139)\r\n\tat org.testng.internal.invokers.TestInvoker.invokeMethod(TestInvoker.java:677)\r\n\tat org.testng.internal.invokers.TestInvoker.invokeTestMethod(TestInvoker.java:221)\r\n\tat org.testng.internal.invokers.MethodRunner.runInSequence(MethodRunner.java:50)\r\n\tat org.testng.internal.invokers.TestInvoker$MethodInvocationAgent.invoke(TestInvoker.java:962)\r\n\tat org.testng.internal.invokers.TestInvoker.invokeTestMethods(TestInvoker.java:194)\r\n\tat org.testng.internal.invokers.TestMethodWorker.invokeTestMethods(TestMethodWorker.java:148)\r\n\tat org.testng.internal.invokers.TestMethodWorker.run(TestMethodWorker.java:128)\r\n\tat java.base/java.util.ArrayList.forEach(ArrayList.java:1511)\r\n\tat org.testng.TestRunner.privateRun(TestRunner.java:806)\r\n\tat org.testng.TestRunner.run(TestRunner.java:601)\r\n\tat org.testng.SuiteRunner.runTest(SuiteRunner.java:433)\r\n\tat org.testng.SuiteRunner.runSequentially(SuiteRunner.java:427)\r\n\tat org.testng.SuiteRunner.privateRun(SuiteRunner.java:387)\r\n\tat org.testng.SuiteRunner.run(SuiteRunner.java:330)\r\n\tat org.testng.SuiteRunnerWorker.runSuite(SuiteRunnerWorker.java:52)\r\n\tat org.testng.SuiteRunnerWorker.run(SuiteRunnerWorker.java:95)\r\n\tat org.testng.TestNG.runSuitesSequentially(TestNG.java:1256)\r\n\tat org.testng.TestNG.runSuitesLocally(TestNG.java:1176)\r\n\tat org.testng.TestNG.runSuites(TestNG.java:1099)\r\n\tat org.testng.TestNG.run(TestNG.java:1067)\r\n\tat com.intellij.rt.testng.IDEARemoteTestNG.run(IDEARemoteTestNG.java:66)\r\n\tat com.intellij.rt.testng.RemoteTestNGStarter.main(RemoteTestNGStarter.java:109)\r\n","steps":[{"name":"Selected log in as Teacher...","time":{"start":1663755725239,"stop":1663755725394,"duration":155},"status":"passed","steps":[],"attachments":[{"uid":"e9c4b255188eabdf","name":"Screenshot","source":"e9c4b255188eabdf.png","type":"image/png","size":49164}],"parameters":[],"shouldDisplayMessage":false,"attachmentsCount":1,"hasContent":true,"stepsCount":0},{"name":"Mobile number is entered...","time":{"start":1663755725434,"stop":1663755725616,"duration":182},"status":"passed","steps":[],"attachments":[{"uid":"c2abf118fce44dcb","name":"Screenshot","source":"c2abf118fce44dcb.png","type":"image/png","size":36097}],"parameters":[],"shouldDisplayMessage":false,"attachmentsCount":1,"hasContent":true,"stepsCount":0},{"name":"Mobile number is submitted...","time":{"start":1663755725654,"stop":1663755725806,"duration":152},"status":"passed","steps":[],"attachments":[{"uid":"1445026f2b71bf3d","name":"Screenshot","source":"1445026f2b71bf3d.png","type":"image/png","size":36519}],"parameters":[],"shouldDisplayMessage":false,"attachmentsCount":1,"hasContent":true,"stepsCount":0},{"name":"password is entered...","time":{"start":1663755730897,"stop":1663755731060,"duration":163},"status":"passed","steps":[],"attachments":[{"uid":"429456d7b1d493a7","name":"Screenshot","source":"429456d7b1d493a7.png","type":"image/png","size":38939}],"parameters":[],"shouldDisplayMessage":false,"attachmentsCount":1,"hasContent":true,"stepsCount":0},{"name":"Password is submitted...","time":{"start":1663755736110,"stop":1663755736281,"duration":171},"status":"passed","steps":[],"attachments":[{"uid":"bc09664bd8bea426","name":"Screenshot","source":"bc09664bd8bea426.png","type":"image/png","size":37231}],"parameters":[],"shouldDisplayMessage":false,"attachmentsCount":1,"hasContent":true,"stepsCount":0},{"name":"Student groups Module is opened...","time":{"start":1663755743402,"stop":1663755743653,"duration":251},"status":"passed","steps":[],"attachments":[{"uid":"b9a583d32479b97c","name":"Screenshot","source":"b9a583d32479b97c.png","type":"image/png","size":258745}],"parameters":[],"shouldDisplayMessage":false,"attachmentsCount":1,"hasContent":true,"stepsCount":0},{"name":"Searching for Student group...","time":{"start":1663755745094,"stop":1663755752215,"duration":7121},"status":"passed","steps":[],"attachments":[{"uid":"1d7a2ef1169461c0","name":"Screenshot","source":"1d7a2ef1169461c0.png","type":"image/png","size":14699}],"parameters":[],"shouldDisplayMessage":false,"attachmentsCount":1,"hasContent":true,"stepsCount":0}],"attachments":[{"uid":"52f9b16c7f7f2dbf","name":"ScreenShot","source":"52f9b16c7f7f2dbf.png","type":"image/png","size":43793},{"uid":"8da297c3da54d2f4","name":"TeacherEditGroupCheck","source":"8da297c3da54d2f4.txt","type":"text/plain","size":21}],"parameters":[],"shouldDisplayMessage":true,"attachmentsCount":9,"hasContent":true,"stepsCount":7},"afterStages":[{"name":"tearDown","time":{"start":1663755753673,"stop":1663755753733,"duration":60},"description":"","status":"passed","steps":[],"attachments":[],"parameters":[],"shouldDisplayMessage":false,"attachmentsCount":0,"hasContent":false,"stepsCount":0}],"labels":[{"name":"package","value":"StudentGroups.EditGroupCheck"},{"name":"testClass","value":"StudentGroups.EditGroupCheck"},{"name":"testMethod","value":"TeacherEditGroupCheck"},{"name":"parentSuite","value":"Suite"},{"name":"suite","value":"Test"},{"name":"subSuite","value":"StudentGroups.EditGroupCheck"},{"name":"host","value":"Shashank"},{"name":"thread","value":"26628@Shashank.main(1)"},{"name":"framework","value":"testng"},{"name":"language","value":"java"},{"name":"epic","value":"This story represents the Student Groups module of the onelern_school project."},{"name":"story","value":"SGFT-04"},{"name":"severity","value":"blocker"},{"name":"resultFormat","value":"allure2"}],"parameters":[{"name":"arg0","value":"9000000101"},{"name":"arg1","value":"123456"}],"links":[],"hidden":false,"retry":false,"extra":{"severity":"blocker","retries":[],"categories":[{"name":"Test defects","matchedStatuses":[],"flaky":false}],"history":{"statistic":{"failed":0,"broken":2,"skipped":0,"passed":0,"unknown":0,"total":2},"items":[{"uid":"4ef2e78de3f4220c","status":"broken","statusDetails":"no such element: Unable to locate element: {\"method\":\"xpath\",\"selector\":\"//*[contains(@placeholder,'Search')]\"}\n  (Session info: headless chrome=105.0.5195.102)\nFor documentation on this error, please visit: https://selenium.dev/exceptions/#no_such_element\nBuild info: version: '4.4.0', revision: 'e5c75ed026a'\nSystem info: host: 'SHASHANK', ip: '192.168.56.1', os.name: 'Windows 11', os.arch: 'amd64', os.version: '10.0', java.version: '18.0.1.1'\nDriver info: org.openqa.selenium.chrome.ChromeDriver\nCommand: [ad768026b9f0af7a67cf115c10687cfb, findElement {using=xpath, value=//*[contains(@placeholder,'Search')]}]\nCapabilities {acceptInsecureCerts: false, browserName: chrome, browserVersion: 105.0.5195.102, chrome: {chromedriverVersion: 105.0.5195.52 (412c95e51883..., userDataDir: C:\\Users\\MANKAL~1\\AppData\\L...}, goog:chromeOptions: {debuggerAddress: localhost:50444}, networkConnectionEnabled: false, pageLoadStrategy: normal, platformName: WINDOWS, proxy: Proxy(), se:cdp: ws://localhost:50444/devtoo..., se:cdpVersion: 105.0.5195.102, setWindowRect: true, strictFileInteractability: false, timeouts: {implicit: 0, pageLoad: 300000, script: 30000}, unhandledPromptBehavior: dismiss and notify, webauthn:extension:credBlob: true, webauthn:extension:largeBlob: true, webauthn:virtualAuthenticators: true}\nSession ID: ad768026b9f0af7a67cf115c10687cfb","time":{"start":1663583678465,"stop":1663583723678,"duration":45213}}]},"tags":[]},"source":"22cf26c8e21a3a07.json","parameterValues":["9000000101","123456"]}