{"uid":"bd9ef91bfa8566e0","name":"teacherCreateAssessment_PenPaper","fullName":"Assessment.CreateAssessment_PenPaper.teacherCreateAssessment_PenPaper","historyId":"f1d4f43130528570cf942ab4577e50d","time":{"start":1663156187102,"stop":1663156216097,"duration":28995},"description":"Examine whether or not the teacher can successfully create Pen & paper assessment for the students.","descriptionHtml":"<p>Examine whether or not the teacher can successfully create Pen &amp; paper assessment for the students.</p>\n","status":"broken","statusMessage":"element click intercepted: Element <button class=\"add-btn\">...</button> is not clickable at point (1795, 1128). Other element would receive the click: <div class=\"modal-overlay svelte-14gik14\">...</div>\n  (Session info: headless chrome=105.0.5195.102)\nBuild info: version: '4.4.0', revision: 'e5c75ed026a'\nSystem info: host: 'SHASHANK', ip: '192.168.56.1', os.name: 'Windows 11', os.arch: 'amd64', os.version: '10.0', java.version: '18.0.1.1'\nDriver info: org.openqa.selenium.chrome.ChromeDriver\nCommand: [4f904e252fc805a92a9265e651a0581b, clickElement {id=43e77d40-1ae6-4b43-b3b9-cbf232da9eb4}]\nCapabilities {acceptInsecureCerts: false, browserName: chrome, browserVersion: 105.0.5195.102, chrome: {chromedriverVersion: 105.0.5195.52 (412c95e51883..., userDataDir: C:\\Users\\MANKAL~1\\AppData\\L...}, goog:chromeOptions: {debuggerAddress: localhost:61044}, networkConnectionEnabled: false, pageLoadStrategy: normal, platformName: WINDOWS, proxy: Proxy(), se:cdp: ws://localhost:61044/devtoo..., se:cdpVersion: 105.0.5195.102, setWindowRect: true, strictFileInteractability: false, timeouts: {implicit: 0, pageLoad: 300000, script: 30000}, unhandledPromptBehavior: dismiss and notify, webauthn:extension:credBlob: true, webauthn:extension:largeBlob: true, webauthn:virtualAuthenticators: true}\nElement: [[ChromeDriver: chrome on WINDOWS (4f904e252fc805a92a9265e651a0581b)] -> xpath: //*[@class='add-btn']]\nSession ID: 4f904e252fc805a92a9265e651a0581b","statusTrace":"org.openqa.selenium.ElementClickInterceptedException: element click intercepted: Element <button class=\"add-btn\">...</button> is not clickable at point (1795, 1128). Other element would receive the click: <div class=\"modal-overlay svelte-14gik14\">...</div>\n  (Session info: headless chrome=105.0.5195.102)\nBuild info: version: '4.4.0', revision: 'e5c75ed026a'\nSystem info: host: 'SHASHANK', ip: '192.168.56.1', os.name: 'Windows 11', os.arch: 'amd64', os.version: '10.0', java.version: '18.0.1.1'\nDriver info: org.openqa.selenium.chrome.ChromeDriver\nCommand: [4f904e252fc805a92a9265e651a0581b, clickElement {id=43e77d40-1ae6-4b43-b3b9-cbf232da9eb4}]\nCapabilities {acceptInsecureCerts: false, browserName: chrome, browserVersion: 105.0.5195.102, chrome: {chromedriverVersion: 105.0.5195.52 (412c95e51883..., userDataDir: C:\\Users\\MANKAL~1\\AppData\\L...}, goog:chromeOptions: {debuggerAddress: localhost:61044}, networkConnectionEnabled: false, pageLoadStrategy: normal, platformName: WINDOWS, proxy: Proxy(), se:cdp: ws://localhost:61044/devtoo..., se:cdpVersion: 105.0.5195.102, setWindowRect: true, strictFileInteractability: false, timeouts: {implicit: 0, pageLoad: 300000, script: 30000}, unhandledPromptBehavior: dismiss and notify, webauthn:extension:credBlob: true, webauthn:extension:largeBlob: true, webauthn:virtualAuthenticators: true}\nElement: [[ChromeDriver: chrome on WINDOWS (4f904e252fc805a92a9265e651a0581b)] -> xpath: //*[@class='add-btn']]\nSession ID: 4f904e252fc805a92a9265e651a0581b\r\n\tat java.base/jdk.internal.reflect.DirectConstructorHandleAccessor.newInstance(DirectConstructorHandleAccessor.java:67)\r\n\tat java.base/java.lang.reflect.Constructor.newInstanceWithCaller(Constructor.java:499)\r\n\tat java.base/java.lang.reflect.Constructor.newInstance(Constructor.java:483)\r\n\tat org.openqa.selenium.remote.codec.w3c.W3CHttpResponseCodec.createException(W3CHttpResponseCodec.java:200)\r\n\tat org.openqa.selenium.remote.codec.w3c.W3CHttpResponseCodec.decode(W3CHttpResponseCodec.java:133)\r\n\tat org.openqa.selenium.remote.codec.w3c.W3CHttpResponseCodec.decode(W3CHttpResponseCodec.java:53)\r\n\tat org.openqa.selenium.remote.HttpCommandExecutor.execute(HttpCommandExecutor.java:184)\r\n\tat org.openqa.selenium.remote.service.DriverCommandExecutor.invokeExecute(DriverCommandExecutor.java:167)\r\n\tat org.openqa.selenium.remote.service.DriverCommandExecutor.execute(DriverCommandExecutor.java:142)\r\n\tat org.openqa.selenium.remote.RemoteWebDriver.execute(RemoteWebDriver.java:547)\r\n\tat org.openqa.selenium.remote.RemoteWebElement.execute(RemoteWebElement.java:257)\r\n\tat org.openqa.selenium.remote.RemoteWebElement.click(RemoteWebElement.java:78)\r\n\tat Assessment.CreateAssessment_PenPaper.teacherCreateAssessment_PenPaper(CreateAssessment_PenPaper.java:58)\r\n\tat java.base/jdk.internal.reflect.DirectMethodHandleAccessor.invoke(DirectMethodHandleAccessor.java:104)\r\n\tat java.base/java.lang.reflect.Method.invoke(Method.java:577)\r\n\tat org.testng.internal.invokers.MethodInvocationHelper.invokeMethod(MethodInvocationHelper.java:139)\r\n\tat org.testng.internal.invokers.TestInvoker.invokeMethod(TestInvoker.java:677)\r\n\tat org.testng.internal.invokers.TestInvoker.invokeTestMethod(TestInvoker.java:221)\r\n\tat org.testng.internal.invokers.MethodRunner.runInSequence(MethodRunner.java:50)\r\n\tat org.testng.internal.invokers.TestInvoker$MethodInvocationAgent.invoke(TestInvoker.java:962)\r\n\tat org.testng.internal.invokers.TestInvoker.invokeTestMethods(TestInvoker.java:194)\r\n\tat org.testng.internal.invokers.TestMethodWorker.invokeTestMethods(TestMethodWorker.java:148)\r\n\tat org.testng.internal.invokers.TestMethodWorker.run(TestMethodWorker.java:128)\r\n\tat java.base/java.util.ArrayList.forEach(ArrayList.java:1511)\r\n\tat org.testng.TestRunner.privateRun(TestRunner.java:806)\r\n\tat org.testng.TestRunner.run(TestRunner.java:601)\r\n\tat org.testng.SuiteRunner.runTest(SuiteRunner.java:433)\r\n\tat org.testng.SuiteRunner.runSequentially(SuiteRunner.java:427)\r\n\tat org.testng.SuiteRunner.privateRun(SuiteRunner.java:387)\r\n\tat org.testng.SuiteRunner.run(SuiteRunner.java:330)\r\n\tat org.testng.SuiteRunnerWorker.runSuite(SuiteRunnerWorker.java:52)\r\n\tat org.testng.SuiteRunnerWorker.run(SuiteRunnerWorker.java:95)\r\n\tat org.testng.TestNG.runSuitesSequentially(TestNG.java:1256)\r\n\tat org.testng.TestNG.runSuitesLocally(TestNG.java:1176)\r\n\tat org.testng.TestNG.runSuites(TestNG.java:1099)\r\n\tat org.testng.TestNG.run(TestNG.java:1067)\r\n\tat com.intellij.rt.testng.IDEARemoteTestNG.run(IDEARemoteTestNG.java:66)\r\n\tat com.intellij.rt.testng.RemoteTestNGStarter.main(RemoteTestNGStarter.java:109)\r\n","flaky":false,"newFailed":false,"newBroken":true,"newPassed":false,"retriesCount":0,"retriesStatusChange":false,"beforeStages":[{"name":"standardLogic","time":{"start":1663156184981,"stop":1663156187097,"duration":2116},"description":"","status":"passed","steps":[],"attachments":[],"parameters":[],"attachmentsCount":0,"shouldDisplayMessage":false,"hasContent":false,"stepsCount":0}],"testStage":{"description":"Examine whether or not the teacher can successfully create Pen & paper assessment for the students.","status":"broken","statusMessage":"element click intercepted: Element <button class=\"add-btn\">...</button> is not clickable at point (1795, 1128). Other element would receive the click: <div class=\"modal-overlay svelte-14gik14\">...</div>\n  (Session info: headless chrome=105.0.5195.102)\nBuild info: version: '4.4.0', revision: 'e5c75ed026a'\nSystem info: host: 'SHASHANK', ip: '192.168.56.1', os.name: 'Windows 11', os.arch: 'amd64', os.version: '10.0', java.version: '18.0.1.1'\nDriver info: org.openqa.selenium.chrome.ChromeDriver\nCommand: [4f904e252fc805a92a9265e651a0581b, clickElement {id=43e77d40-1ae6-4b43-b3b9-cbf232da9eb4}]\nCapabilities {acceptInsecureCerts: false, browserName: chrome, browserVersion: 105.0.5195.102, chrome: {chromedriverVersion: 105.0.5195.52 (412c95e51883..., userDataDir: C:\\Users\\MANKAL~1\\AppData\\L...}, goog:chromeOptions: {debuggerAddress: localhost:61044}, networkConnectionEnabled: false, pageLoadStrategy: normal, platformName: WINDOWS, proxy: Proxy(), se:cdp: ws://localhost:61044/devtoo..., se:cdpVersion: 105.0.5195.102, setWindowRect: true, strictFileInteractability: false, timeouts: {implicit: 0, pageLoad: 300000, script: 30000}, unhandledPromptBehavior: dismiss and notify, webauthn:extension:credBlob: true, webauthn:extension:largeBlob: true, webauthn:virtualAuthenticators: true}\nElement: [[ChromeDriver: chrome on WINDOWS (4f904e252fc805a92a9265e651a0581b)] -> xpath: //*[@class='add-btn']]\nSession ID: 4f904e252fc805a92a9265e651a0581b","statusTrace":"org.openqa.selenium.ElementClickInterceptedException: element click intercepted: Element <button class=\"add-btn\">...</button> is not clickable at point (1795, 1128). Other element would receive the click: <div class=\"modal-overlay svelte-14gik14\">...</div>\n  (Session info: headless chrome=105.0.5195.102)\nBuild info: version: '4.4.0', revision: 'e5c75ed026a'\nSystem info: host: 'SHASHANK', ip: '192.168.56.1', os.name: 'Windows 11', os.arch: 'amd64', os.version: '10.0', java.version: '18.0.1.1'\nDriver info: org.openqa.selenium.chrome.ChromeDriver\nCommand: [4f904e252fc805a92a9265e651a0581b, clickElement {id=43e77d40-1ae6-4b43-b3b9-cbf232da9eb4}]\nCapabilities {acceptInsecureCerts: false, browserName: chrome, browserVersion: 105.0.5195.102, chrome: {chromedriverVersion: 105.0.5195.52 (412c95e51883..., userDataDir: C:\\Users\\MANKAL~1\\AppData\\L...}, goog:chromeOptions: {debuggerAddress: localhost:61044}, networkConnectionEnabled: false, pageLoadStrategy: normal, platformName: WINDOWS, proxy: Proxy(), se:cdp: ws://localhost:61044/devtoo..., se:cdpVersion: 105.0.5195.102, setWindowRect: true, strictFileInteractability: false, timeouts: {implicit: 0, pageLoad: 300000, script: 30000}, unhandledPromptBehavior: dismiss and notify, webauthn:extension:credBlob: true, webauthn:extension:largeBlob: true, webauthn:virtualAuthenticators: true}\nElement: [[ChromeDriver: chrome on WINDOWS (4f904e252fc805a92a9265e651a0581b)] -> xpath: //*[@class='add-btn']]\nSession ID: 4f904e252fc805a92a9265e651a0581b\r\n\tat java.base/jdk.internal.reflect.DirectConstructorHandleAccessor.newInstance(DirectConstructorHandleAccessor.java:67)\r\n\tat java.base/java.lang.reflect.Constructor.newInstanceWithCaller(Constructor.java:499)\r\n\tat java.base/java.lang.reflect.Constructor.newInstance(Constructor.java:483)\r\n\tat org.openqa.selenium.remote.codec.w3c.W3CHttpResponseCodec.createException(W3CHttpResponseCodec.java:200)\r\n\tat org.openqa.selenium.remote.codec.w3c.W3CHttpResponseCodec.decode(W3CHttpResponseCodec.java:133)\r\n\tat org.openqa.selenium.remote.codec.w3c.W3CHttpResponseCodec.decode(W3CHttpResponseCodec.java:53)\r\n\tat org.openqa.selenium.remote.HttpCommandExecutor.execute(HttpCommandExecutor.java:184)\r\n\tat org.openqa.selenium.remote.service.DriverCommandExecutor.invokeExecute(DriverCommandExecutor.java:167)\r\n\tat org.openqa.selenium.remote.service.DriverCommandExecutor.execute(DriverCommandExecutor.java:142)\r\n\tat org.openqa.selenium.remote.RemoteWebDriver.execute(RemoteWebDriver.java:547)\r\n\tat org.openqa.selenium.remote.RemoteWebElement.execute(RemoteWebElement.java:257)\r\n\tat org.openqa.selenium.remote.RemoteWebElement.click(RemoteWebElement.java:78)\r\n\tat Assessment.CreateAssessment_PenPaper.teacherCreateAssessment_PenPaper(CreateAssessment_PenPaper.java:58)\r\n\tat java.base/jdk.internal.reflect.DirectMethodHandleAccessor.invoke(DirectMethodHandleAccessor.java:104)\r\n\tat java.base/java.lang.reflect.Method.invoke(Method.java:577)\r\n\tat org.testng.internal.invokers.MethodInvocationHelper.invokeMethod(MethodInvocationHelper.java:139)\r\n\tat org.testng.internal.invokers.TestInvoker.invokeMethod(TestInvoker.java:677)\r\n\tat org.testng.internal.invokers.TestInvoker.invokeTestMethod(TestInvoker.java:221)\r\n\tat org.testng.internal.invokers.MethodRunner.runInSequence(MethodRunner.java:50)\r\n\tat org.testng.internal.invokers.TestInvoker$MethodInvocationAgent.invoke(TestInvoker.java:962)\r\n\tat org.testng.internal.invokers.TestInvoker.invokeTestMethods(TestInvoker.java:194)\r\n\tat org.testng.internal.invokers.TestMethodWorker.invokeTestMethods(TestMethodWorker.java:148)\r\n\tat org.testng.internal.invokers.TestMethodWorker.run(TestMethodWorker.java:128)\r\n\tat java.base/java.util.ArrayList.forEach(ArrayList.java:1511)\r\n\tat org.testng.TestRunner.privateRun(TestRunner.java:806)\r\n\tat org.testng.TestRunner.run(TestRunner.java:601)\r\n\tat org.testng.SuiteRunner.runTest(SuiteRunner.java:433)\r\n\tat org.testng.SuiteRunner.runSequentially(SuiteRunner.java:427)\r\n\tat org.testng.SuiteRunner.privateRun(SuiteRunner.java:387)\r\n\tat org.testng.SuiteRunner.run(SuiteRunner.java:330)\r\n\tat org.testng.SuiteRunnerWorker.runSuite(SuiteRunnerWorker.java:52)\r\n\tat org.testng.SuiteRunnerWorker.run(SuiteRunnerWorker.java:95)\r\n\tat org.testng.TestNG.runSuitesSequentially(TestNG.java:1256)\r\n\tat org.testng.TestNG.runSuitesLocally(TestNG.java:1176)\r\n\tat org.testng.TestNG.runSuites(TestNG.java:1099)\r\n\tat org.testng.TestNG.run(TestNG.java:1067)\r\n\tat com.intellij.rt.testng.IDEARemoteTestNG.run(IDEARemoteTestNG.java:66)\r\n\tat com.intellij.rt.testng.RemoteTestNGStarter.main(RemoteTestNGStarter.java:109)\r\n","steps":[{"name":"Selected log in as Teacher...","time":{"start":1663156187103,"stop":1663156187286,"duration":183},"status":"passed","steps":[],"attachments":[{"uid":"91164c703a145d19","name":"Screenshot","source":"91164c703a145d19.png","type":"image/png","size":49164}],"parameters":[],"attachmentsCount":1,"shouldDisplayMessage":false,"hasContent":true,"stepsCount":0},{"name":"Mobile number is entered...","time":{"start":1663156187323,"stop":1663156187475,"duration":152},"status":"passed","steps":[],"attachments":[{"uid":"ca97cfb7ac4242b4","name":"Screenshot","source":"ca97cfb7ac4242b4.png","type":"image/png","size":35802}],"parameters":[],"attachmentsCount":1,"shouldDisplayMessage":false,"hasContent":true,"stepsCount":0},{"name":"Mobile number is submitted...","time":{"start":1663156187512,"stop":1663156187655,"duration":143},"status":"passed","steps":[],"attachments":[{"uid":"839deefbd17bf820","name":"Screenshot","source":"839deefbd17bf820.png","type":"image/png","size":36317}],"parameters":[],"attachmentsCount":1,"shouldDisplayMessage":false,"hasContent":true,"stepsCount":0},{"name":"password is entered...","time":{"start":1663156194204,"stop":1663156194350,"duration":146},"status":"passed","steps":[],"attachments":[{"uid":"924c037322e15481","name":"Screenshot","source":"924c037322e15481.png","type":"image/png","size":38901}],"parameters":[],"attachmentsCount":1,"shouldDisplayMessage":false,"hasContent":true,"stepsCount":0},{"name":"Password is submitted...","time":{"start":1663156199389,"stop":1663156199537,"duration":148},"status":"passed","steps":[],"attachments":[{"uid":"d8583e35cef424b1","name":"Screenshot","source":"d8583e35cef424b1.png","type":"image/png","size":37202}],"parameters":[],"attachmentsCount":1,"shouldDisplayMessage":false,"hasContent":true,"stepsCount":0},{"name":"Assessment Module is opened...","time":{"start":1663156206584,"stop":1663156206797,"duration":213},"status":"passed","steps":[],"attachments":[{"uid":"2d7741e8873dc003","name":"Screenshot","source":"2d7741e8873dc003.png","type":"image/png","size":174126}],"parameters":[],"attachmentsCount":1,"shouldDisplayMessage":false,"hasContent":true,"stepsCount":0},{"name":"Clicking on My Assessments...","time":{"start":1663156211266,"stop":1663156211400,"duration":134},"status":"passed","steps":[],"attachments":[{"uid":"a08c4e0abea4f505","name":"Screenshot","source":"a08c4e0abea4f505.png","type":"image/png","size":31900}],"parameters":[],"attachmentsCount":1,"shouldDisplayMessage":false,"hasContent":true,"stepsCount":0},{"name":"Create new button is clicked...","time":{"start":1663156214432,"stop":1663156214642,"duration":210},"status":"passed","steps":[],"attachments":[{"uid":"feb0d04e9f4501c4","name":"Screenshot","source":"feb0d04e9f4501c4.png","type":"image/png","size":33387}],"parameters":[],"attachmentsCount":1,"shouldDisplayMessage":false,"hasContent":true,"stepsCount":0}],"attachments":[{"uid":"5371ee6b87397b23","name":"ScreenShot","source":"5371ee6b87397b23.png","type":"image/png","size":33450},{"uid":"d5d9e0c4b5e23981","name":"teacherCreateAssessment_PenPaper","source":"d5d9e0c4b5e23981.txt","type":"text/plain","size":32}],"parameters":[],"attachmentsCount":10,"shouldDisplayMessage":true,"hasContent":true,"stepsCount":8},"afterStages":[{"name":"tearDown","time":{"start":1663156216099,"stop":1663156216164,"duration":65},"description":"","status":"passed","steps":[],"attachments":[],"parameters":[],"attachmentsCount":0,"shouldDisplayMessage":false,"hasContent":false,"stepsCount":0}],"labels":[{"name":"package","value":"Assessment.CreateAssessment_PenPaper"},{"name":"testClass","value":"Assessment.CreateAssessment_PenPaper"},{"name":"testMethod","value":"teacherCreateAssessment_PenPaper"},{"name":"parentSuite","value":"Suite"},{"name":"suite","value":"Test"},{"name":"subSuite","value":"Assessment.CreateAssessment_PenPaper"},{"name":"host","value":"Shashank"},{"name":"thread","value":"10376@Shashank.main(1)"},{"name":"framework","value":"testng"},{"name":"language","value":"java"},{"name":"story","value":"ASSFT_03"},{"name":"epic","value":"This story represents the Assessment module of the onelern_school project."},{"name":"severity","value":"blocker"},{"name":"resultFormat","value":"allure2"}],"parameters":[{"name":"arg0","value":"9000000101"},{"name":"arg1","value":"123456"}],"links":[],"hidden":false,"retry":false,"extra":{"severity":"blocker","retries":[],"categories":[{"name":"Test defects","matchedStatuses":[],"flaky":false}],"history":{"statistic":{"failed":0,"broken":4,"skipped":0,"passed":2,"unknown":0,"total":6},"items":[{"uid":"d9cbcf3c7aa456cf","status":"passed","time":{"start":1663074464061,"stop":1663074540272,"duration":76211}},{"uid":"d399746a2b947768","status":"broken","statusDetails":"no such element: Unable to locate element: {\"method\":\"xpath\",\"selector\":\"//*[contains(@class,'modal-overlay')]\"}\n  (Session info: headless chrome=105.0.5195.102)\nFor documentation on this error, please visit: https://selenium.dev/exceptions/#no_such_element\nBuild info: version: '4.1.4', revision: '535d840ee2'\nSystem info: host: 'SHASHANK', ip: '192.168.56.1', os.name: 'Windows 11', os.arch: 'amd64', os.version: '10.0', java.version: '18.0.1.1'\nDriver info: org.openqa.selenium.chrome.ChromeDriver\nCommand: [71fc8a26f52e1cec05eab1782d7faceb, findElement {using=xpath, value=//*[contains(@class,'modal-overlay')]}]\nCapabilities {acceptInsecureCerts: false, browserName: chrome, browserVersion: 105.0.5195.102, chrome: {chromedriverVersion: 105.0.5195.52 (412c95e51883..., userDataDir: C:\\Users\\MANKAL~1\\AppData\\L...}, goog:chromeOptions: {debuggerAddress: localhost:65046}, javascriptEnabled: true, networkConnectionEnabled: false, pageLoadStrategy: normal, platform: WINDOWS, platformName: WINDOWS, proxy: Proxy(), se:cdp: ws://localhost:65046/devtoo..., se:cdpVersion: 105.0.5195.102, setWindowRect: true, strictFileInteractability: false, timeouts: {implicit: 0, pageLoad: 300000, script: 30000}, unhandledPromptBehavior: dismiss and notify, webauthn:extension:credBlob: true, webauthn:extension:largeBlob: true, webauthn:virtualAuthenticators: true}\nSession ID: 71fc8a26f52e1cec05eab1782d7faceb","time":{"start":1662982937730,"stop":1662982996689,"duration":58959}},{"uid":"165daf710a6e1bd4","status":"broken","statusDetails":"no such element: Unable to locate element: {\"method\":\"xpath\",\"selector\":\"//*[contains(@class,'modal-overlay')]\"}\n  (Session info: headless chrome=105.0.5195.102)\nFor documentation on this error, please visit: https://selenium.dev/exceptions/#no_such_element\nBuild info: version: '4.1.4', revision: '535d840ee2'\nSystem info: host: 'SHASHANK', ip: '192.168.56.1', os.name: 'Windows 11', os.arch: 'amd64', os.version: '10.0', java.version: '18.0.1.1'\nDriver info: org.openqa.selenium.chrome.ChromeDriver\nCommand: [9f80b1985b0c41e9ff1a0b4c6301c6e5, findElement {using=xpath, value=//*[contains(@class,'modal-overlay')]}]\nCapabilities {acceptInsecureCerts: false, browserName: chrome, browserVersion: 105.0.5195.102, chrome: {chromedriverVersion: 105.0.5195.52 (412c95e51883..., userDataDir: C:\\Users\\MANKAL~1\\AppData\\L...}, goog:chromeOptions: {debuggerAddress: localhost:60680}, javascriptEnabled: true, networkConnectionEnabled: false, pageLoadStrategy: normal, platform: WINDOWS, platformName: WINDOWS, proxy: Proxy(), se:cdp: ws://localhost:60680/devtoo..., se:cdpVersion: 105.0.5195.102, setWindowRect: true, strictFileInteractability: false, timeouts: {implicit: 0, pageLoad: 300000, script: 30000}, unhandledPromptBehavior: dismiss and notify, webauthn:extension:credBlob: true, webauthn:extension:largeBlob: true, webauthn:virtualAuthenticators: true}\nSession ID: 9f80b1985b0c41e9ff1a0b4c6301c6e5","time":{"start":1662722053960,"stop":1662722114232,"duration":60272}},{"uid":"cdd0102352fe3b31","status":"broken","statusDetails":"Expected condition failed: waiting for invisibility of [[ChromeDriver: chrome on WINDOWS (a3108fa275822b4bdba60e23841dcac8)] -> xpath: //*[contains(@class,'modal-overlay')]] (tried for 30 second(s) with 500 milliseconds interval)\nBuild info: version: '4.1.4', revision: '535d840ee2'\nSystem info: host: 'SHASHANK', ip: '192.168.56.1', os.name: 'Windows 11', os.arch: 'amd64', os.version: '10.0', java.version: '18.0.1.1'\nDriver info: org.openqa.selenium.chrome.ChromeDriver\nCapabilities {acceptInsecureCerts: false, browserName: chrome, browserVersion: 105.0.5195.102, chrome: {chromedriverVersion: 105.0.5195.52 (412c95e51883..., userDataDir: C:\\Users\\MANKAL~1\\AppData\\L...}, goog:chromeOptions: {debuggerAddress: localhost:52619}, javascriptEnabled: true, networkConnectionEnabled: false, pageLoadStrategy: normal, platform: WINDOWS, platformName: WINDOWS, proxy: Proxy(), se:cdp: ws://localhost:52619/devtoo..., se:cdpVersion: 105.0.5195.102, setWindowRect: true, strictFileInteractability: false, timeouts: {implicit: 0, pageLoad: 300000, script: 30000}, unhandledPromptBehavior: dismiss and notify, webauthn:extension:credBlob: true, webauthn:extension:largeBlob: true, webauthn:virtualAuthenticators: true}\nSession ID: a3108fa275822b4bdba60e23841dcac8","time":{"start":1662613739347,"stop":1662613796869,"duration":57522}},{"uid":"ad36d57e6d41260b","status":"passed","time":{"start":1662546948597,"stop":1662547018444,"duration":69847}}]},"tags":[]},"source":"bd9ef91bfa8566e0.json","parameterValues":["9000000101","123456"]}