{"uid":"594931e57aed8a29","name":"studentPaginationCheck","fullName":"Attendance.AttendancePaginationCheck.studentPaginationCheck","historyId":"659f9e3a880c72882e2e282de6341ccb","time":{"start":1663586847439,"stop":1663586876448,"duration":29009},"description":"Examine whether or not the student can navigate to next pages through pagination.","descriptionHtml":"<p>Examine whether or not the student can navigate to next pages through pagination.</p>\n","status":"broken","statusMessage":"element click intercepted: Element <img src=\"images/attendance-images/arrow-left.svg\" alt=\"arrow-left\" class=\"svelte-1s1dcmn\"> is not clickable at point (1293, 128). Other element would receive the click: <div class=\"modal-overlay svelte-1jnzqg\">...</div>\n  (Session info: headless chrome=105.0.5195.102)\nBuild info: version: '4.4.0', revision: 'e5c75ed026a'\nSystem info: host: 'SHASHANK', ip: '192.168.56.1', os.name: 'Windows 11', os.arch: 'amd64', os.version: '10.0', java.version: '18.0.1.1'\nDriver info: org.openqa.selenium.chrome.ChromeDriver\nCommand: [8de51edd2b198bfcb98344e345d254e6, clickElement {id=301d26e5-968e-4fd8-a14e-1e6203bdbd23}]\nCapabilities {acceptInsecureCerts: false, browserName: chrome, browserVersion: 105.0.5195.102, chrome: {chromedriverVersion: 105.0.5195.52 (412c95e51883..., userDataDir: C:\\Users\\MANKAL~1\\AppData\\L...}, goog:chromeOptions: {debuggerAddress: localhost:53929}, networkConnectionEnabled: false, pageLoadStrategy: normal, platformName: WINDOWS, proxy: Proxy(), se:cdp: ws://localhost:53929/devtoo..., se:cdpVersion: 105.0.5195.102, setWindowRect: true, strictFileInteractability: false, timeouts: {implicit: 0, pageLoad: 300000, script: 30000}, unhandledPromptBehavior: dismiss and notify, webauthn:extension:credBlob: true, webauthn:extension:largeBlob: true, webauthn:virtualAuthenticators: true}\nElement: [[ChromeDriver: chrome on WINDOWS (8de51edd2b198bfcb98344e345d254e6)] -> xpath: //img[@alt='arrow-left']]\nSession ID: 8de51edd2b198bfcb98344e345d254e6","statusTrace":"org.openqa.selenium.ElementClickInterceptedException: element click intercepted: Element <img src=\"images/attendance-images/arrow-left.svg\" alt=\"arrow-left\" class=\"svelte-1s1dcmn\"> is not clickable at point (1293, 128). Other element would receive the click: <div class=\"modal-overlay svelte-1jnzqg\">...</div>\n  (Session info: headless chrome=105.0.5195.102)\nBuild info: version: '4.4.0', revision: 'e5c75ed026a'\nSystem info: host: 'SHASHANK', ip: '192.168.56.1', os.name: 'Windows 11', os.arch: 'amd64', os.version: '10.0', java.version: '18.0.1.1'\nDriver info: org.openqa.selenium.chrome.ChromeDriver\nCommand: [8de51edd2b198bfcb98344e345d254e6, clickElement {id=301d26e5-968e-4fd8-a14e-1e6203bdbd23}]\nCapabilities {acceptInsecureCerts: false, browserName: chrome, browserVersion: 105.0.5195.102, chrome: {chromedriverVersion: 105.0.5195.52 (412c95e51883..., userDataDir: C:\\Users\\MANKAL~1\\AppData\\L...}, goog:chromeOptions: {debuggerAddress: localhost:53929}, networkConnectionEnabled: false, pageLoadStrategy: normal, platformName: WINDOWS, proxy: Proxy(), se:cdp: ws://localhost:53929/devtoo..., se:cdpVersion: 105.0.5195.102, setWindowRect: true, strictFileInteractability: false, timeouts: {implicit: 0, pageLoad: 300000, script: 30000}, unhandledPromptBehavior: dismiss and notify, webauthn:extension:credBlob: true, webauthn:extension:largeBlob: true, webauthn:virtualAuthenticators: true}\nElement: [[ChromeDriver: chrome on WINDOWS (8de51edd2b198bfcb98344e345d254e6)] -> xpath: //img[@alt='arrow-left']]\nSession ID: 8de51edd2b198bfcb98344e345d254e6\r\n\tat java.base/jdk.internal.reflect.DirectConstructorHandleAccessor.newInstance(DirectConstructorHandleAccessor.java:67)\r\n\tat java.base/java.lang.reflect.Constructor.newInstanceWithCaller(Constructor.java:499)\r\n\tat java.base/java.lang.reflect.Constructor.newInstance(Constructor.java:483)\r\n\tat org.openqa.selenium.remote.codec.w3c.W3CHttpResponseCodec.createException(W3CHttpResponseCodec.java:200)\r\n\tat org.openqa.selenium.remote.codec.w3c.W3CHttpResponseCodec.decode(W3CHttpResponseCodec.java:133)\r\n\tat org.openqa.selenium.remote.codec.w3c.W3CHttpResponseCodec.decode(W3CHttpResponseCodec.java:53)\r\n\tat org.openqa.selenium.remote.HttpCommandExecutor.execute(HttpCommandExecutor.java:184)\r\n\tat org.openqa.selenium.remote.service.DriverCommandExecutor.invokeExecute(DriverCommandExecutor.java:167)\r\n\tat org.openqa.selenium.remote.service.DriverCommandExecutor.execute(DriverCommandExecutor.java:142)\r\n\tat org.openqa.selenium.remote.RemoteWebDriver.execute(RemoteWebDriver.java:547)\r\n\tat org.openqa.selenium.remote.RemoteWebElement.execute(RemoteWebElement.java:257)\r\n\tat org.openqa.selenium.remote.RemoteWebElement.click(RemoteWebElement.java:78)\r\n\tat Attendance.AttendancePaginationCheck.studentPaginationCheck(AttendancePaginationCheck.java:74)\r\n\tat java.base/jdk.internal.reflect.DirectMethodHandleAccessor.invoke(DirectMethodHandleAccessor.java:104)\r\n\tat java.base/java.lang.reflect.Method.invoke(Method.java:577)\r\n\tat org.testng.internal.invokers.MethodInvocationHelper.invokeMethod(MethodInvocationHelper.java:139)\r\n\tat org.testng.internal.invokers.TestInvoker.invokeMethod(TestInvoker.java:677)\r\n\tat org.testng.internal.invokers.TestInvoker.invokeTestMethod(TestInvoker.java:221)\r\n\tat org.testng.internal.invokers.MethodRunner.runInSequence(MethodRunner.java:50)\r\n\tat org.testng.internal.invokers.TestInvoker$MethodInvocationAgent.invoke(TestInvoker.java:962)\r\n\tat org.testng.internal.invokers.TestInvoker.invokeTestMethods(TestInvoker.java:194)\r\n\tat org.testng.internal.invokers.TestMethodWorker.invokeTestMethods(TestMethodWorker.java:148)\r\n\tat org.testng.internal.invokers.TestMethodWorker.run(TestMethodWorker.java:128)\r\n\tat java.base/java.util.ArrayList.forEach(ArrayList.java:1511)\r\n\tat org.testng.TestRunner.privateRun(TestRunner.java:806)\r\n\tat org.testng.TestRunner.run(TestRunner.java:601)\r\n\tat org.testng.SuiteRunner.runTest(SuiteRunner.java:433)\r\n\tat org.testng.SuiteRunner.runSequentially(SuiteRunner.java:427)\r\n\tat org.testng.SuiteRunner.privateRun(SuiteRunner.java:387)\r\n\tat org.testng.SuiteRunner.run(SuiteRunner.java:330)\r\n\tat org.testng.SuiteRunnerWorker.runSuite(SuiteRunnerWorker.java:52)\r\n\tat org.testng.SuiteRunnerWorker.run(SuiteRunnerWorker.java:95)\r\n\tat org.testng.TestNG.runSuitesSequentially(TestNG.java:1256)\r\n\tat org.testng.TestNG.runSuitesLocally(TestNG.java:1176)\r\n\tat org.testng.TestNG.runSuites(TestNG.java:1099)\r\n\tat org.testng.TestNG.run(TestNG.java:1067)\r\n\tat com.intellij.rt.testng.IDEARemoteTestNG.run(IDEARemoteTestNG.java:66)\r\n\tat com.intellij.rt.testng.RemoteTestNGStarter.main(RemoteTestNGStarter.java:109)\r\n","flaky":false,"newFailed":false,"newBroken":true,"newPassed":false,"retriesCount":0,"retriesStatusChange":false,"beforeStages":[{"name":"standardLogic","time":{"start":1663586845683,"stop":1663586847437,"duration":1754},"description":"","status":"passed","steps":[],"attachments":[],"parameters":[],"attachmentsCount":0,"shouldDisplayMessage":false,"stepsCount":0,"hasContent":false}],"testStage":{"description":"Examine whether or not the student can navigate to next pages through pagination.","status":"broken","statusMessage":"element click intercepted: Element <img src=\"images/attendance-images/arrow-left.svg\" alt=\"arrow-left\" class=\"svelte-1s1dcmn\"> is not clickable at point (1293, 128). Other element would receive the click: <div class=\"modal-overlay svelte-1jnzqg\">...</div>\n  (Session info: headless chrome=105.0.5195.102)\nBuild info: version: '4.4.0', revision: 'e5c75ed026a'\nSystem info: host: 'SHASHANK', ip: '192.168.56.1', os.name: 'Windows 11', os.arch: 'amd64', os.version: '10.0', java.version: '18.0.1.1'\nDriver info: org.openqa.selenium.chrome.ChromeDriver\nCommand: [8de51edd2b198bfcb98344e345d254e6, clickElement {id=301d26e5-968e-4fd8-a14e-1e6203bdbd23}]\nCapabilities {acceptInsecureCerts: false, browserName: chrome, browserVersion: 105.0.5195.102, chrome: {chromedriverVersion: 105.0.5195.52 (412c95e51883..., userDataDir: C:\\Users\\MANKAL~1\\AppData\\L...}, goog:chromeOptions: {debuggerAddress: localhost:53929}, networkConnectionEnabled: false, pageLoadStrategy: normal, platformName: WINDOWS, proxy: Proxy(), se:cdp: ws://localhost:53929/devtoo..., se:cdpVersion: 105.0.5195.102, setWindowRect: true, strictFileInteractability: false, timeouts: {implicit: 0, pageLoad: 300000, script: 30000}, unhandledPromptBehavior: dismiss and notify, webauthn:extension:credBlob: true, webauthn:extension:largeBlob: true, webauthn:virtualAuthenticators: true}\nElement: [[ChromeDriver: chrome on WINDOWS (8de51edd2b198bfcb98344e345d254e6)] -> xpath: //img[@alt='arrow-left']]\nSession ID: 8de51edd2b198bfcb98344e345d254e6","statusTrace":"org.openqa.selenium.ElementClickInterceptedException: element click intercepted: Element <img src=\"images/attendance-images/arrow-left.svg\" alt=\"arrow-left\" class=\"svelte-1s1dcmn\"> is not clickable at point (1293, 128). Other element would receive the click: <div class=\"modal-overlay svelte-1jnzqg\">...</div>\n  (Session info: headless chrome=105.0.5195.102)\nBuild info: version: '4.4.0', revision: 'e5c75ed026a'\nSystem info: host: 'SHASHANK', ip: '192.168.56.1', os.name: 'Windows 11', os.arch: 'amd64', os.version: '10.0', java.version: '18.0.1.1'\nDriver info: org.openqa.selenium.chrome.ChromeDriver\nCommand: [8de51edd2b198bfcb98344e345d254e6, clickElement {id=301d26e5-968e-4fd8-a14e-1e6203bdbd23}]\nCapabilities {acceptInsecureCerts: false, browserName: chrome, browserVersion: 105.0.5195.102, chrome: {chromedriverVersion: 105.0.5195.52 (412c95e51883..., userDataDir: C:\\Users\\MANKAL~1\\AppData\\L...}, goog:chromeOptions: {debuggerAddress: localhost:53929}, networkConnectionEnabled: false, pageLoadStrategy: normal, platformName: WINDOWS, proxy: Proxy(), se:cdp: ws://localhost:53929/devtoo..., se:cdpVersion: 105.0.5195.102, setWindowRect: true, strictFileInteractability: false, timeouts: {implicit: 0, pageLoad: 300000, script: 30000}, unhandledPromptBehavior: dismiss and notify, webauthn:extension:credBlob: true, webauthn:extension:largeBlob: true, webauthn:virtualAuthenticators: true}\nElement: [[ChromeDriver: chrome on WINDOWS (8de51edd2b198bfcb98344e345d254e6)] -> xpath: //img[@alt='arrow-left']]\nSession ID: 8de51edd2b198bfcb98344e345d254e6\r\n\tat java.base/jdk.internal.reflect.DirectConstructorHandleAccessor.newInstance(DirectConstructorHandleAccessor.java:67)\r\n\tat java.base/java.lang.reflect.Constructor.newInstanceWithCaller(Constructor.java:499)\r\n\tat java.base/java.lang.reflect.Constructor.newInstance(Constructor.java:483)\r\n\tat org.openqa.selenium.remote.codec.w3c.W3CHttpResponseCodec.createException(W3CHttpResponseCodec.java:200)\r\n\tat org.openqa.selenium.remote.codec.w3c.W3CHttpResponseCodec.decode(W3CHttpResponseCodec.java:133)\r\n\tat org.openqa.selenium.remote.codec.w3c.W3CHttpResponseCodec.decode(W3CHttpResponseCodec.java:53)\r\n\tat org.openqa.selenium.remote.HttpCommandExecutor.execute(HttpCommandExecutor.java:184)\r\n\tat org.openqa.selenium.remote.service.DriverCommandExecutor.invokeExecute(DriverCommandExecutor.java:167)\r\n\tat org.openqa.selenium.remote.service.DriverCommandExecutor.execute(DriverCommandExecutor.java:142)\r\n\tat org.openqa.selenium.remote.RemoteWebDriver.execute(RemoteWebDriver.java:547)\r\n\tat org.openqa.selenium.remote.RemoteWebElement.execute(RemoteWebElement.java:257)\r\n\tat org.openqa.selenium.remote.RemoteWebElement.click(RemoteWebElement.java:78)\r\n\tat Attendance.AttendancePaginationCheck.studentPaginationCheck(AttendancePaginationCheck.java:74)\r\n\tat java.base/jdk.internal.reflect.DirectMethodHandleAccessor.invoke(DirectMethodHandleAccessor.java:104)\r\n\tat java.base/java.lang.reflect.Method.invoke(Method.java:577)\r\n\tat org.testng.internal.invokers.MethodInvocationHelper.invokeMethod(MethodInvocationHelper.java:139)\r\n\tat org.testng.internal.invokers.TestInvoker.invokeMethod(TestInvoker.java:677)\r\n\tat org.testng.internal.invokers.TestInvoker.invokeTestMethod(TestInvoker.java:221)\r\n\tat org.testng.internal.invokers.MethodRunner.runInSequence(MethodRunner.java:50)\r\n\tat org.testng.internal.invokers.TestInvoker$MethodInvocationAgent.invoke(TestInvoker.java:962)\r\n\tat org.testng.internal.invokers.TestInvoker.invokeTestMethods(TestInvoker.java:194)\r\n\tat org.testng.internal.invokers.TestMethodWorker.invokeTestMethods(TestMethodWorker.java:148)\r\n\tat org.testng.internal.invokers.TestMethodWorker.run(TestMethodWorker.java:128)\r\n\tat java.base/java.util.ArrayList.forEach(ArrayList.java:1511)\r\n\tat org.testng.TestRunner.privateRun(TestRunner.java:806)\r\n\tat org.testng.TestRunner.run(TestRunner.java:601)\r\n\tat org.testng.SuiteRunner.runTest(SuiteRunner.java:433)\r\n\tat org.testng.SuiteRunner.runSequentially(SuiteRunner.java:427)\r\n\tat org.testng.SuiteRunner.privateRun(SuiteRunner.java:387)\r\n\tat org.testng.SuiteRunner.run(SuiteRunner.java:330)\r\n\tat org.testng.SuiteRunnerWorker.runSuite(SuiteRunnerWorker.java:52)\r\n\tat org.testng.SuiteRunnerWorker.run(SuiteRunnerWorker.java:95)\r\n\tat org.testng.TestNG.runSuitesSequentially(TestNG.java:1256)\r\n\tat org.testng.TestNG.runSuitesLocally(TestNG.java:1176)\r\n\tat org.testng.TestNG.runSuites(TestNG.java:1099)\r\n\tat org.testng.TestNG.run(TestNG.java:1067)\r\n\tat com.intellij.rt.testng.IDEARemoteTestNG.run(IDEARemoteTestNG.java:66)\r\n\tat com.intellij.rt.testng.RemoteTestNGStarter.main(RemoteTestNGStarter.java:109)\r\n","steps":[{"name":"Selected log in as Student...","time":{"start":1663586847440,"stop":1663586847593,"duration":153},"status":"passed","steps":[],"attachments":[{"uid":"a9ef67aad027afae","name":"Screenshot","source":"a9ef67aad027afae.png","type":"image/png","size":49164}],"parameters":[],"attachmentsCount":1,"shouldDisplayMessage":false,"stepsCount":0,"hasContent":true},{"name":"Mobile number is entered...","time":{"start":1663586847628,"stop":1663586847785,"duration":157},"status":"passed","steps":[],"attachments":[{"uid":"b6a87dcf0ea55ed7","name":"Screenshot","source":"b6a87dcf0ea55ed7.png","type":"image/png","size":32226}],"parameters":[],"attachmentsCount":1,"shouldDisplayMessage":false,"stepsCount":0,"hasContent":true},{"name":"Mobile number is submitted...","time":{"start":1663586847819,"stop":1663586847988,"duration":169},"status":"passed","steps":[],"attachments":[{"uid":"70ba14d61334f406","name":"Screenshot","source":"70ba14d61334f406.png","type":"image/png","size":36394}],"parameters":[],"attachmentsCount":1,"shouldDisplayMessage":false,"stepsCount":0,"hasContent":true},{"name":"password is entered...","time":{"start":1663586853073,"stop":1663586853217,"duration":144},"status":"passed","steps":[],"attachments":[{"uid":"a14e79a59dfd7d1f","name":"Screenshot","source":"a14e79a59dfd7d1f.png","type":"image/png","size":38846}],"parameters":[],"attachmentsCount":1,"shouldDisplayMessage":false,"stepsCount":0,"hasContent":true},{"name":"Password is submitted...","time":{"start":1663586858260,"stop":1663586858418,"duration":158},"status":"passed","steps":[],"attachments":[{"uid":"27b62dc0e6d73599","name":"Screenshot","source":"27b62dc0e6d73599.png","type":"image/png","size":37130}],"parameters":[],"attachmentsCount":1,"shouldDisplayMessage":false,"stepsCount":0,"hasContent":true},{"name":"Student account is selected...","time":{"start":1663586865472,"stop":1663586865613,"duration":141},"status":"passed","steps":[],"attachments":[{"uid":"10acc3e995de536d","name":"Screenshot","source":"10acc3e995de536d.png","type":"image/png","size":71793}],"parameters":[],"attachmentsCount":1,"shouldDisplayMessage":false,"stepsCount":0,"hasContent":true},{"name":"Doubts Module is opened...","time":{"start":1663586867649,"stop":1663586872564,"duration":4915},"status":"passed","steps":[],"attachments":[{"uid":"a60bdc35cbfd8557","name":"Screenshot","source":"a60bdc35cbfd8557.png","type":"image/png","size":71793}],"parameters":[],"attachmentsCount":1,"shouldDisplayMessage":false,"stepsCount":0,"hasContent":true},{"name":"Fetching the month displayed on calendar...","time":{"start":1663586874625,"stop":1663586874816,"duration":191},"status":"passed","steps":[],"attachments":[{"uid":"fba69be4efff5940","name":"Screenshot","source":"fba69be4efff5940.png","type":"image/png","size":31800}],"parameters":[],"attachmentsCount":1,"shouldDisplayMessage":false,"stepsCount":0,"hasContent":true},{"name":"Navigating to previous month...","time":{"start":1663586874825,"stop":1663586875019,"duration":194},"status":"passed","steps":[],"attachments":[{"uid":"18bed18be166dbd9","name":"Screenshot","source":"18bed18be166dbd9.png","type":"image/png","size":31797}],"parameters":[],"attachmentsCount":1,"shouldDisplayMessage":false,"stepsCount":0,"hasContent":true}],"attachments":[{"uid":"45a7c9ccbfa4999","name":"ScreenShot","source":"45a7c9ccbfa4999.png","type":"image/png","size":31870},{"uid":"c5c65cfe7cf919a9","name":"studentPaginationCheck","source":"c5c65cfe7cf919a9.txt","type":"text/plain","size":22}],"parameters":[],"attachmentsCount":11,"shouldDisplayMessage":true,"stepsCount":9,"hasContent":true},"afterStages":[{"name":"tearDown","time":{"start":1663586876449,"stop":1663586876507,"duration":58},"description":"","status":"passed","steps":[],"attachments":[],"parameters":[],"attachmentsCount":0,"shouldDisplayMessage":false,"stepsCount":0,"hasContent":false}],"labels":[{"name":"package","value":"Attendance.AttendancePaginationCheck"},{"name":"testClass","value":"Attendance.AttendancePaginationCheck"},{"name":"testMethod","value":"studentPaginationCheck"},{"name":"parentSuite","value":"Suite"},{"name":"suite","value":"Test"},{"name":"subSuite","value":"Attendance.AttendancePaginationCheck"},{"name":"host","value":"Shashank"},{"name":"thread","value":"29600@Shashank.main(1)"},{"name":"framework","value":"testng"},{"name":"language","value":"java"},{"name":"story","value":"ATTFS_04"},{"name":"epic","value":"This story represents the Attendance module of the onelern_school project."},{"name":"severity","value":"normal"},{"name":"resultFormat","value":"allure2"}],"parameters":[{"name":"arg0","value":"9000000001"},{"name":"arg1","value":"123456"}],"links":[],"hidden":false,"retry":false,"extra":{"severity":"normal","retries":[],"categories":[{"name":"Test defects","matchedStatuses":[],"flaky":false}],"history":{"statistic":{"failed":0,"broken":1,"skipped":0,"passed":9,"unknown":0,"total":10},"items":[{"uid":"ddb31fd08e47882c","status":"passed","time":{"start":1663242616488,"stop":1663242640171,"duration":23683}},{"uid":"72a8d9319f32ea46","status":"passed","time":{"start":1663157732722,"stop":1663157761190,"duration":28468}},{"uid":"3f4e0ee836089344","status":"passed","time":{"start":1663068431631,"stop":1663068455318,"duration":23687}},{"uid":"48f0da7ff742a444","status":"passed","time":{"start":1662984474743,"stop":1662984498520,"duration":23777}},{"uid":"410247cc62a43f4d","status":"passed","time":{"start":1662723608246,"stop":1662723636948,"duration":28702}},{"uid":"152eecf050f16e4","status":"passed","time":{"start":1662615261615,"stop":1662615285881,"duration":24266}},{"uid":"98ab13c665dcd2f3","status":"passed","time":{"start":1662548304567,"stop":1662548328455,"duration":23888}},{"uid":"b3b9db9906d4d2d1","status":"passed","time":{"start":1662464801723,"stop":1662464825705,"duration":23982}},{"uid":"95087ad1886ca8b5","status":"passed","time":{"start":1662123767251,"stop":1662123791350,"duration":24099}}]},"tags":[]},"source":"594931e57aed8a29.json","parameterValues":["9000000001","123456"]}