{"uid":"9523fb7d59a751cc","name":"CheckTeacherBookGrade","fullName":"Notebook.GradeCheck.CheckTeacherBookGrade","historyId":"36b8a5b46aade4afe4c3f44da3a51f4e","time":{"start":1663587266123,"stop":1663587306733,"duration":40610},"description":"To see if a teacher of a specific grade has the correct grade book","descriptionHtml":"<p>To see if a teacher of a specific grade has the correct grade book</p>\n","status":"broken","statusMessage":"no such element: Unable to locate element: {\"method\":\"css selector\",\"selector\":\".svelte\\-uh84k1\"}\n  (Session info: headless chrome=105.0.5195.127)\nFor documentation on this error, please visit: https://selenium.dev/exceptions/#no_such_element\nBuild info: version: '4.4.0', revision: 'e5c75ed026a'\nSystem info: host: 'PETER-TIWARI', ip: '192.168.0.145', os.name: 'Windows 11', os.arch: 'amd64', os.version: '10.0', java.version: '18.0.2.1'\nDriver info: org.openqa.selenium.chrome.ChromeDriver\nCommand: [1da7800300a24b02b777bfff7479c9e9, findElement {using=class name, value=svelte-uh84k1}]\nCapabilities {acceptInsecureCerts: false, browserName: chrome, browserVersion: 105.0.5195.127, chrome: {chromedriverVersion: 105.0.5195.52 (412c95e51883..., userDataDir: C:\\Users\\User\\AppData\\Local...}, goog:chromeOptions: {debuggerAddress: localhost:58201}, networkConnectionEnabled: false, pageLoadStrategy: normal, platformName: WINDOWS, proxy: Proxy(), se:cdp: ws://localhost:58201/devtoo..., se:cdpVersion: 105.0.5195.127, setWindowRect: true, strictFileInteractability: false, timeouts: {implicit: 0, pageLoad: 300000, script: 30000}, unhandledPromptBehavior: dismiss and notify, webauthn:extension:credBlob: true, webauthn:extension:largeBlob: true, webauthn:virtualAuthenticators: true}\nSession ID: 1da7800300a24b02b777bfff7479c9e9","statusTrace":"org.openqa.selenium.NoSuchElementException: no such element: Unable to locate element: {\"method\":\"css selector\",\"selector\":\".svelte\\-uh84k1\"}\n  (Session info: headless chrome=105.0.5195.127)\nFor documentation on this error, please visit: https://selenium.dev/exceptions/#no_such_element\nBuild info: version: '4.4.0', revision: 'e5c75ed026a'\nSystem info: host: 'PETER-TIWARI', ip: '192.168.0.145', os.name: 'Windows 11', os.arch: 'amd64', os.version: '10.0', java.version: '18.0.2.1'\nDriver info: org.openqa.selenium.chrome.ChromeDriver\nCommand: [1da7800300a24b02b777bfff7479c9e9, findElement {using=class name, value=svelte-uh84k1}]\nCapabilities {acceptInsecureCerts: false, browserName: chrome, browserVersion: 105.0.5195.127, chrome: {chromedriverVersion: 105.0.5195.52 (412c95e51883..., userDataDir: C:\\Users\\User\\AppData\\Local...}, goog:chromeOptions: {debuggerAddress: localhost:58201}, networkConnectionEnabled: false, pageLoadStrategy: normal, platformName: WINDOWS, proxy: Proxy(), se:cdp: ws://localhost:58201/devtoo..., se:cdpVersion: 105.0.5195.127, setWindowRect: true, strictFileInteractability: false, timeouts: {implicit: 0, pageLoad: 300000, script: 30000}, unhandledPromptBehavior: dismiss and notify, webauthn:extension:credBlob: true, webauthn:extension:largeBlob: true, webauthn:virtualAuthenticators: true}\nSession ID: 1da7800300a24b02b777bfff7479c9e9\r\n\tat java.base/jdk.internal.reflect.DirectConstructorHandleAccessor.newInstance(DirectConstructorHandleAccessor.java:67)\r\n\tat java.base/java.lang.reflect.Constructor.newInstanceWithCaller(Constructor.java:499)\r\n\tat java.base/java.lang.reflect.Constructor.newInstance(Constructor.java:483)\r\n\tat org.openqa.selenium.remote.codec.w3c.W3CHttpResponseCodec.createException(W3CHttpResponseCodec.java:200)\r\n\tat org.openqa.selenium.remote.codec.w3c.W3CHttpResponseCodec.decode(W3CHttpResponseCodec.java:133)\r\n\tat org.openqa.selenium.remote.codec.w3c.W3CHttpResponseCodec.decode(W3CHttpResponseCodec.java:53)\r\n\tat org.openqa.selenium.remote.HttpCommandExecutor.execute(HttpCommandExecutor.java:184)\r\n\tat org.openqa.selenium.remote.service.DriverCommandExecutor.invokeExecute(DriverCommandExecutor.java:167)\r\n\tat org.openqa.selenium.remote.service.DriverCommandExecutor.execute(DriverCommandExecutor.java:142)\r\n\tat org.openqa.selenium.remote.RemoteWebDriver.execute(RemoteWebDriver.java:547)\r\n\tat org.openqa.selenium.remote.ElementLocation$ElementFinder$2.findElement(ElementLocation.java:162)\r\n\tat org.openqa.selenium.remote.ElementLocation.findElement(ElementLocation.java:66)\r\n\tat org.openqa.selenium.remote.RemoteWebDriver.findElement(RemoteWebDriver.java:365)\r\n\tat org.openqa.selenium.remote.RemoteWebDriver.findElement(RemoteWebDriver.java:357)\r\n\tat pageObjects.Notebook.CoursebooksGradeTextGrade(Notebook.java:164)\r\n\tat Notebook.GradeCheck.CheckTeacherBookGrade(GradeCheck.java:125)\r\n\tat java.base/jdk.internal.reflect.DirectMethodHandleAccessor.invoke(DirectMethodHandleAccessor.java:104)\r\n\tat java.base/java.lang.reflect.Method.invoke(Method.java:577)\r\n\tat org.testng.internal.invokers.MethodInvocationHelper.invokeMethod(MethodInvocationHelper.java:139)\r\n\tat org.testng.internal.invokers.TestInvoker.invokeMethod(TestInvoker.java:677)\r\n\tat org.testng.internal.invokers.TestInvoker.invokeTestMethod(TestInvoker.java:221)\r\n\tat org.testng.internal.invokers.MethodRunner.runInSequence(MethodRunner.java:50)\r\n\tat org.testng.internal.invokers.TestInvoker$MethodInvocationAgent.invoke(TestInvoker.java:962)\r\n\tat org.testng.internal.invokers.TestInvoker.invokeTestMethods(TestInvoker.java:194)\r\n\tat org.testng.internal.invokers.TestMethodWorker.invokeTestMethods(TestMethodWorker.java:148)\r\n\tat org.testng.internal.invokers.TestMethodWorker.run(TestMethodWorker.java:128)\r\n\tat java.base/java.util.ArrayList.forEach(ArrayList.java:1511)\r\n\tat org.testng.TestRunner.privateRun(TestRunner.java:806)\r\n\tat org.testng.TestRunner.run(TestRunner.java:601)\r\n\tat org.testng.SuiteRunner.runTest(SuiteRunner.java:433)\r\n\tat org.testng.SuiteRunner.runSequentially(SuiteRunner.java:427)\r\n\tat org.testng.SuiteRunner.privateRun(SuiteRunner.java:387)\r\n\tat org.testng.SuiteRunner.run(SuiteRunner.java:330)\r\n\tat org.testng.SuiteRunnerWorker.runSuite(SuiteRunnerWorker.java:52)\r\n\tat org.testng.SuiteRunnerWorker.run(SuiteRunnerWorker.java:95)\r\n\tat org.testng.TestNG.runSuitesSequentially(TestNG.java:1256)\r\n\tat org.testng.TestNG.runSuitesLocally(TestNG.java:1176)\r\n\tat org.testng.TestNG.runSuites(TestNG.java:1099)\r\n\tat org.testng.TestNG.run(TestNG.java:1067)\r\n\tat com.intellij.rt.testng.IDEARemoteTestNG.run(IDEARemoteTestNG.java:66)\r\n\tat com.intellij.rt.testng.RemoteTestNGStarter.main(RemoteTestNGStarter.java:109)\r\n","flaky":false,"newFailed":false,"newBroken":true,"newPassed":false,"retriesCount":0,"retriesStatusChange":false,"beforeStages":[{"name":"standardLogic","time":{"start":1663587262918,"stop":1663587266115,"duration":3197},"description":"","status":"passed","steps":[],"attachments":[],"parameters":[],"attachmentsCount":0,"shouldDisplayMessage":false,"stepsCount":0,"hasContent":false}],"testStage":{"description":"To see if a teacher of a specific grade has the correct grade book","status":"broken","statusMessage":"no such element: Unable to locate element: {\"method\":\"css selector\",\"selector\":\".svelte\\-uh84k1\"}\n  (Session info: headless chrome=105.0.5195.127)\nFor documentation on this error, please visit: https://selenium.dev/exceptions/#no_such_element\nBuild info: version: '4.4.0', revision: 'e5c75ed026a'\nSystem info: host: 'PETER-TIWARI', ip: '192.168.0.145', os.name: 'Windows 11', os.arch: 'amd64', os.version: '10.0', java.version: '18.0.2.1'\nDriver info: org.openqa.selenium.chrome.ChromeDriver\nCommand: [1da7800300a24b02b777bfff7479c9e9, findElement {using=class name, value=svelte-uh84k1}]\nCapabilities {acceptInsecureCerts: false, browserName: chrome, browserVersion: 105.0.5195.127, chrome: {chromedriverVersion: 105.0.5195.52 (412c95e51883..., userDataDir: C:\\Users\\User\\AppData\\Local...}, goog:chromeOptions: {debuggerAddress: localhost:58201}, networkConnectionEnabled: false, pageLoadStrategy: normal, platformName: WINDOWS, proxy: Proxy(), se:cdp: ws://localhost:58201/devtoo..., se:cdpVersion: 105.0.5195.127, setWindowRect: true, strictFileInteractability: false, timeouts: {implicit: 0, pageLoad: 300000, script: 30000}, unhandledPromptBehavior: dismiss and notify, webauthn:extension:credBlob: true, webauthn:extension:largeBlob: true, webauthn:virtualAuthenticators: true}\nSession ID: 1da7800300a24b02b777bfff7479c9e9","statusTrace":"org.openqa.selenium.NoSuchElementException: no such element: Unable to locate element: {\"method\":\"css selector\",\"selector\":\".svelte\\-uh84k1\"}\n  (Session info: headless chrome=105.0.5195.127)\nFor documentation on this error, please visit: https://selenium.dev/exceptions/#no_such_element\nBuild info: version: '4.4.0', revision: 'e5c75ed026a'\nSystem info: host: 'PETER-TIWARI', ip: '192.168.0.145', os.name: 'Windows 11', os.arch: 'amd64', os.version: '10.0', java.version: '18.0.2.1'\nDriver info: org.openqa.selenium.chrome.ChromeDriver\nCommand: [1da7800300a24b02b777bfff7479c9e9, findElement {using=class name, value=svelte-uh84k1}]\nCapabilities {acceptInsecureCerts: false, browserName: chrome, browserVersion: 105.0.5195.127, chrome: {chromedriverVersion: 105.0.5195.52 (412c95e51883..., userDataDir: C:\\Users\\User\\AppData\\Local...}, goog:chromeOptions: {debuggerAddress: localhost:58201}, networkConnectionEnabled: false, pageLoadStrategy: normal, platformName: WINDOWS, proxy: Proxy(), se:cdp: ws://localhost:58201/devtoo..., se:cdpVersion: 105.0.5195.127, setWindowRect: true, strictFileInteractability: false, timeouts: {implicit: 0, pageLoad: 300000, script: 30000}, unhandledPromptBehavior: dismiss and notify, webauthn:extension:credBlob: true, webauthn:extension:largeBlob: true, webauthn:virtualAuthenticators: true}\nSession ID: 1da7800300a24b02b777bfff7479c9e9\r\n\tat java.base/jdk.internal.reflect.DirectConstructorHandleAccessor.newInstance(DirectConstructorHandleAccessor.java:67)\r\n\tat java.base/java.lang.reflect.Constructor.newInstanceWithCaller(Constructor.java:499)\r\n\tat java.base/java.lang.reflect.Constructor.newInstance(Constructor.java:483)\r\n\tat org.openqa.selenium.remote.codec.w3c.W3CHttpResponseCodec.createException(W3CHttpResponseCodec.java:200)\r\n\tat org.openqa.selenium.remote.codec.w3c.W3CHttpResponseCodec.decode(W3CHttpResponseCodec.java:133)\r\n\tat org.openqa.selenium.remote.codec.w3c.W3CHttpResponseCodec.decode(W3CHttpResponseCodec.java:53)\r\n\tat org.openqa.selenium.remote.HttpCommandExecutor.execute(HttpCommandExecutor.java:184)\r\n\tat org.openqa.selenium.remote.service.DriverCommandExecutor.invokeExecute(DriverCommandExecutor.java:167)\r\n\tat org.openqa.selenium.remote.service.DriverCommandExecutor.execute(DriverCommandExecutor.java:142)\r\n\tat org.openqa.selenium.remote.RemoteWebDriver.execute(RemoteWebDriver.java:547)\r\n\tat org.openqa.selenium.remote.ElementLocation$ElementFinder$2.findElement(ElementLocation.java:162)\r\n\tat org.openqa.selenium.remote.ElementLocation.findElement(ElementLocation.java:66)\r\n\tat org.openqa.selenium.remote.RemoteWebDriver.findElement(RemoteWebDriver.java:365)\r\n\tat org.openqa.selenium.remote.RemoteWebDriver.findElement(RemoteWebDriver.java:357)\r\n\tat pageObjects.Notebook.CoursebooksGradeTextGrade(Notebook.java:164)\r\n\tat Notebook.GradeCheck.CheckTeacherBookGrade(GradeCheck.java:125)\r\n\tat java.base/jdk.internal.reflect.DirectMethodHandleAccessor.invoke(DirectMethodHandleAccessor.java:104)\r\n\tat java.base/java.lang.reflect.Method.invoke(Method.java:577)\r\n\tat org.testng.internal.invokers.MethodInvocationHelper.invokeMethod(MethodInvocationHelper.java:139)\r\n\tat org.testng.internal.invokers.TestInvoker.invokeMethod(TestInvoker.java:677)\r\n\tat org.testng.internal.invokers.TestInvoker.invokeTestMethod(TestInvoker.java:221)\r\n\tat org.testng.internal.invokers.MethodRunner.runInSequence(MethodRunner.java:50)\r\n\tat org.testng.internal.invokers.TestInvoker$MethodInvocationAgent.invoke(TestInvoker.java:962)\r\n\tat org.testng.internal.invokers.TestInvoker.invokeTestMethods(TestInvoker.java:194)\r\n\tat org.testng.internal.invokers.TestMethodWorker.invokeTestMethods(TestMethodWorker.java:148)\r\n\tat org.testng.internal.invokers.TestMethodWorker.run(TestMethodWorker.java:128)\r\n\tat java.base/java.util.ArrayList.forEach(ArrayList.java:1511)\r\n\tat org.testng.TestRunner.privateRun(TestRunner.java:806)\r\n\tat org.testng.TestRunner.run(TestRunner.java:601)\r\n\tat org.testng.SuiteRunner.runTest(SuiteRunner.java:433)\r\n\tat org.testng.SuiteRunner.runSequentially(SuiteRunner.java:427)\r\n\tat org.testng.SuiteRunner.privateRun(SuiteRunner.java:387)\r\n\tat org.testng.SuiteRunner.run(SuiteRunner.java:330)\r\n\tat org.testng.SuiteRunnerWorker.runSuite(SuiteRunnerWorker.java:52)\r\n\tat org.testng.SuiteRunnerWorker.run(SuiteRunnerWorker.java:95)\r\n\tat org.testng.TestNG.runSuitesSequentially(TestNG.java:1256)\r\n\tat org.testng.TestNG.runSuitesLocally(TestNG.java:1176)\r\n\tat org.testng.TestNG.runSuites(TestNG.java:1099)\r\n\tat org.testng.TestNG.run(TestNG.java:1067)\r\n\tat com.intellij.rt.testng.IDEARemoteTestNG.run(IDEARemoteTestNG.java:66)\r\n\tat com.intellij.rt.testng.RemoteTestNGStarter.main(RemoteTestNGStarter.java:109)\r\n","steps":[{"name":"Selected log in as Teacher...","time":{"start":1663587266123,"stop":1663587266454,"duration":331},"status":"passed","steps":[],"attachments":[{"uid":"290afc1d835b013e","name":"Screenshot","source":"290afc1d835b013e.png","type":"image/png","size":49164}],"parameters":[],"attachmentsCount":1,"shouldDisplayMessage":false,"stepsCount":0,"hasContent":true},{"name":"Mobile number is entered...","time":{"start":1663587266568,"stop":1663587266890,"duration":322},"status":"passed","steps":[],"attachments":[{"uid":"521db1687fd29519","name":"Screenshot","source":"521db1687fd29519.png","type":"image/png","size":36278}],"parameters":[],"attachmentsCount":1,"shouldDisplayMessage":false,"stepsCount":0,"hasContent":true},{"name":"Mobile number is submitted...","time":{"start":1663587266987,"stop":1663587267277,"duration":290},"status":"passed","steps":[],"attachments":[{"uid":"9557daf0c4c4261d","name":"Screenshot","source":"9557daf0c4c4261d.png","type":"image/png","size":32533}],"parameters":[],"attachmentsCount":1,"shouldDisplayMessage":false,"stepsCount":0,"hasContent":true},{"name":"password is entered...","time":{"start":1663587272445,"stop":1663587272741,"duration":296},"status":"passed","steps":[],"attachments":[{"uid":"c6e079c10c68ea07","name":"Screenshot","source":"c6e079c10c68ea07.png","type":"image/png","size":39090}],"parameters":[],"attachmentsCount":1,"shouldDisplayMessage":false,"stepsCount":0,"hasContent":true},{"name":"Password is submitted...","time":{"start":1663587277832,"stop":1663587278120,"duration":288},"status":"passed","steps":[],"attachments":[{"uid":"7609b844f29a53bd","name":"Screenshot","source":"7609b844f29a53bd.png","type":"image/png","size":37380}],"parameters":[],"attachmentsCount":1,"shouldDisplayMessage":false,"stepsCount":0,"hasContent":true},{"name":"Notebook Module is opened...","time":{"start":1663587285207,"stop":1663587285746,"duration":539},"status":"passed","steps":[],"attachments":[{"uid":"8c730dc43d640035","name":"Screenshot","source":"8c730dc43d640035.png","type":"image/png","size":235038}],"parameters":[],"attachmentsCount":1,"shouldDisplayMessage":false,"stepsCount":0,"hasContent":true}],"attachments":[{"uid":"497f09fa83955160","name":"ScreenShot","source":"497f09fa83955160.png","type":"image/png","size":384757},{"uid":"8b3204b26182d796","name":"CheckTeacherBookGrade","source":"8b3204b26182d796.txt","type":"text/plain","size":21}],"parameters":[],"attachmentsCount":8,"shouldDisplayMessage":true,"stepsCount":6,"hasContent":true},"afterStages":[{"name":"tearDown","time":{"start":1663587306821,"stop":1663587307006,"duration":185},"description":"","status":"passed","steps":[],"attachments":[],"parameters":[],"attachmentsCount":0,"shouldDisplayMessage":false,"stepsCount":0,"hasContent":false}],"labels":[{"name":"package","value":"Notebook.GradeCheck"},{"name":"testClass","value":"Notebook.GradeCheck"},{"name":"testMethod","value":"CheckTeacherBookGrade"},{"name":"parentSuite","value":"Suite"},{"name":"suite","value":"Test"},{"name":"subSuite","value":"Notebook.GradeCheck"},{"name":"host","value":"Peter-Tiwari"},{"name":"thread","value":"10864@Peter-Tiwari.main(1)"},{"name":"framework","value":"testng"},{"name":"language","value":"java"},{"name":"story","value":"NOTFT_02"},{"name":"epic","value":"This story represents the Notebook module of the onelern_school project."},{"name":"severity","value":"critical"},{"name":"resultFormat","value":"allure2"}],"parameters":[{"name":"arg0","value":"9000000114"},{"name":"arg1","value":"123456"}],"links":[],"hidden":false,"retry":false,"extra":{"severity":"critical","retries":[],"categories":[{"name":"Test defects","matchedStatuses":[],"flaky":false}],"history":{"statistic":{"failed":0,"broken":2,"skipped":0,"passed":8,"unknown":0,"total":10},"items":[{"uid":"14f7d0ecd6688400","status":"passed","time":{"start":1663306904278,"stop":1663306923398,"duration":19120}},{"uid":"5b9d0870f2754d29","status":"passed","time":{"start":1663220282093,"stop":1663220301022,"duration":18929}},{"uid":"b7269d2184dd67d2","status":"broken","statusDetails":"no such element: Unable to locate element: {\"method\":\"css selector\",\"selector\":\".svelte\\-uh84k1\"}\n  (Session info: headless chrome=105.0.5195.102)\nFor documentation on this error, please visit: https://selenium.dev/exceptions/#no_such_element\nBuild info: version: '4.1.4', revision: '535d840ee2'\nSystem info: host: 'PETER-TIWARI', ip: '192.168.0.145', os.name: 'Windows 11', os.arch: 'amd64', os.version: '10.0', java.version: '18.0.2.1'\nDriver info: org.openqa.selenium.chrome.ChromeDriver\nCommand: [4e8ba934816c1c64af4b3e6fa980e02f, findElement {using=class name, value=svelte-uh84k1}]\nCapabilities {acceptInsecureCerts: false, browserName: chrome, browserVersion: 105.0.5195.102, chrome: {chromedriverVersion: 105.0.5195.52 (412c95e51883..., userDataDir: C:\\Users\\User\\AppData\\Local...}, goog:chromeOptions: {debuggerAddress: localhost:58901}, javascriptEnabled: true, networkConnectionEnabled: false, pageLoadStrategy: normal, platform: WINDOWS, platformName: WINDOWS, proxy: Proxy(), se:cdp: ws://localhost:58901/devtoo..., se:cdpVersion: 105.0.5195.102, setWindowRect: true, strictFileInteractability: false, timeouts: {implicit: 0, pageLoad: 300000, script: 30000}, unhandledPromptBehavior: dismiss and notify, webauthn:extension:credBlob: true, webauthn:extension:largeBlob: true, webauthn:virtualAuthenticators: true}\nSession ID: 4e8ba934816c1c64af4b3e6fa980e02f","time":{"start":1663067024622,"stop":1663067063532,"duration":38910}},{"uid":"9c09545809e02747","status":"passed","time":{"start":1662983009377,"stop":1662983031767,"duration":22390}},{"uid":"b19219bae3b7f5ef","status":"passed","time":{"start":1662723950315,"stop":1662723970121,"duration":19806}},{"uid":"7f0be6c50d829ad8","status":"passed","time":{"start":1662618019342,"stop":1662618040494,"duration":21152}},{"uid":"18603d7ccce1b8ab","status":"passed","time":{"start":1662545265071,"stop":1662545286051,"duration":20980}},{"uid":"a9ff4790efb725a4","status":"passed","time":{"start":1662462161693,"stop":1662462181932,"duration":20239}},{"uid":"dfa7097c21a6e43b","status":"passed","time":{"start":1662113134669,"stop":1662113155658,"duration":20989}}]},"tags":[]},"source":"9523fb7d59a751cc.json","parameterValues":["9000000114","123456"]}