{"uid":"3c070a0f5c1aca97","name":"teacherCreateAssessment_PenPaper","fullName":"Assessment.CreateAssessment_PenPaper.teacherCreateAssessment_PenPaper","historyId":"6337df7e516a44f6644b1305de028561","time":{"start":1664861722038,"stop":1664861867647,"duration":145609},"description":"Examine whether or not the teacher can successfully create Pen & paper assessment for the students.","descriptionHtml":"<p>Examine whether or not the teacher can successfully create Pen &amp; paper assessment for the students.</p>\n","status":"broken","statusMessage":"no such element: Unable to locate element: {\"method\":\"xpath\",\"selector\":\"//button[contains(@class, 'toolbar-btn')]\"}\n  (Session info: headless chrome=105.0.5195.127)\nFor documentation on this error, please visit: https://selenium.dev/exceptions/#no_such_element\nBuild info: version: '4.4.0', revision: 'e5c75ed026a'\nSystem info: host: 'DESKTOP-IPBNGSB', ip: '192.168.0.173', os.name: 'Windows 10', os.arch: 'amd64', os.version: '10.0', java.version: '18.0.2'\nDriver info: org.openqa.selenium.chrome.ChromeDriver\nCommand: [867c639eee69bbf298f36118b2d2967d, findElement {using=xpath, value=//button[contains(@class, 'toolbar-btn')]}]\nCapabilities {acceptInsecureCerts: false, browserName: chrome, browserVersion: 105.0.5195.127, chrome: {chromedriverVersion: 105.0.5195.52 (412c95e51883..., userDataDir: C:\\Users\\Admin\\AppData\\Loca...}, goog:chromeOptions: {debuggerAddress: localhost:50260}, networkConnectionEnabled: false, pageLoadStrategy: normal, platformName: WINDOWS, proxy: Proxy(), se:cdp: ws://localhost:50260/devtoo..., se:cdpVersion: 105.0.5195.127, setWindowRect: true, strictFileInteractability: false, timeouts: {implicit: 0, pageLoad: 300000, script: 30000}, unhandledPromptBehavior: dismiss and notify, webauthn:extension:credBlob: true, webauthn:extension:largeBlob: true, webauthn:virtualAuthenticators: true}\nSession ID: 867c639eee69bbf298f36118b2d2967d","statusTrace":"org.openqa.selenium.NoSuchElementException: no such element: Unable to locate element: {\"method\":\"xpath\",\"selector\":\"//button[contains(@class, 'toolbar-btn')]\"}\n  (Session info: headless chrome=105.0.5195.127)\nFor documentation on this error, please visit: https://selenium.dev/exceptions/#no_such_element\nBuild info: version: '4.4.0', revision: 'e5c75ed026a'\nSystem info: host: 'DESKTOP-IPBNGSB', ip: '192.168.0.173', os.name: 'Windows 10', os.arch: 'amd64', os.version: '10.0', java.version: '18.0.2'\nDriver info: org.openqa.selenium.chrome.ChromeDriver\nCommand: [867c639eee69bbf298f36118b2d2967d, findElement {using=xpath, value=//button[contains(@class, 'toolbar-btn')]}]\nCapabilities {acceptInsecureCerts: false, browserName: chrome, browserVersion: 105.0.5195.127, chrome: {chromedriverVersion: 105.0.5195.52 (412c95e51883..., userDataDir: C:\\Users\\Admin\\AppData\\Loca...}, goog:chromeOptions: {debuggerAddress: localhost:50260}, networkConnectionEnabled: false, pageLoadStrategy: normal, platformName: WINDOWS, proxy: Proxy(), se:cdp: ws://localhost:50260/devtoo..., se:cdpVersion: 105.0.5195.127, setWindowRect: true, strictFileInteractability: false, timeouts: {implicit: 0, pageLoad: 300000, script: 30000}, unhandledPromptBehavior: dismiss and notify, webauthn:extension:credBlob: true, webauthn:extension:largeBlob: true, webauthn:virtualAuthenticators: true}\nSession ID: 867c639eee69bbf298f36118b2d2967d\r\n\tat java.base/jdk.internal.reflect.DirectConstructorHandleAccessor.newInstance(DirectConstructorHandleAccessor.java:67)\r\n\tat java.base/java.lang.reflect.Constructor.newInstanceWithCaller(Constructor.java:499)\r\n\tat java.base/java.lang.reflect.Constructor.newInstance(Constructor.java:483)\r\n\tat org.openqa.selenium.remote.codec.w3c.W3CHttpResponseCodec.createException(W3CHttpResponseCodec.java:200)\r\n\tat org.openqa.selenium.remote.codec.w3c.W3CHttpResponseCodec.decode(W3CHttpResponseCodec.java:133)\r\n\tat org.openqa.selenium.remote.codec.w3c.W3CHttpResponseCodec.decode(W3CHttpResponseCodec.java:53)\r\n\tat org.openqa.selenium.remote.HttpCommandExecutor.execute(HttpCommandExecutor.java:184)\r\n\tat org.openqa.selenium.remote.service.DriverCommandExecutor.invokeExecute(DriverCommandExecutor.java:167)\r\n\tat org.openqa.selenium.remote.service.DriverCommandExecutor.execute(DriverCommandExecutor.java:142)\r\n\tat org.openqa.selenium.remote.RemoteWebDriver.execute(RemoteWebDriver.java:547)\r\n\tat org.openqa.selenium.remote.ElementLocation$ElementFinder$2.findElement(ElementLocation.java:162)\r\n\tat org.openqa.selenium.remote.ElementLocation.findElement(ElementLocation.java:60)\r\n\tat org.openqa.selenium.remote.RemoteWebDriver.findElement(RemoteWebDriver.java:365)\r\n\tat org.openqa.selenium.remote.RemoteWebDriver.findElement(RemoteWebDriver.java:357)\r\n\tat Assessment.CreateAssessment_PenPaper.teacherCreateAssessment_PenPaper(CreateAssessment_PenPaper.java:99)\r\n\tat java.base/jdk.internal.reflect.DirectMethodHandleAccessor.invoke(DirectMethodHandleAccessor.java:104)\r\n\tat java.base/java.lang.reflect.Method.invoke(Method.java:577)\r\n\tat org.testng.internal.invokers.MethodInvocationHelper.invokeMethod(MethodInvocationHelper.java:139)\r\n\tat org.testng.internal.invokers.TestInvoker.invokeMethod(TestInvoker.java:677)\r\n\tat org.testng.internal.invokers.TestInvoker.invokeTestMethod(TestInvoker.java:221)\r\n\tat org.testng.internal.invokers.MethodRunner.runInSequence(MethodRunner.java:50)\r\n\tat org.testng.internal.invokers.TestInvoker$MethodInvocationAgent.invoke(TestInvoker.java:962)\r\n\tat org.testng.internal.invokers.TestInvoker.invokeTestMethods(TestInvoker.java:194)\r\n\tat org.testng.internal.invokers.TestMethodWorker.invokeTestMethods(TestMethodWorker.java:148)\r\n\tat org.testng.internal.invokers.TestMethodWorker.run(TestMethodWorker.java:128)\r\n\tat java.base/java.util.ArrayList.forEach(ArrayList.java:1511)\r\n\tat org.testng.TestRunner.privateRun(TestRunner.java:806)\r\n\tat org.testng.TestRunner.run(TestRunner.java:601)\r\n\tat org.testng.SuiteRunner.runTest(SuiteRunner.java:433)\r\n\tat org.testng.SuiteRunner.runSequentially(SuiteRunner.java:427)\r\n\tat org.testng.SuiteRunner.privateRun(SuiteRunner.java:387)\r\n\tat org.testng.SuiteRunner.run(SuiteRunner.java:330)\r\n\tat org.testng.SuiteRunnerWorker.runSuite(SuiteRunnerWorker.java:52)\r\n\tat org.testng.SuiteRunnerWorker.run(SuiteRunnerWorker.java:95)\r\n\tat org.testng.TestNG.runSuitesSequentially(TestNG.java:1256)\r\n\tat org.testng.TestNG.runSuitesLocally(TestNG.java:1176)\r\n\tat org.testng.TestNG.runSuites(TestNG.java:1099)\r\n\tat org.testng.TestNG.run(TestNG.java:1067)\r\n\tat com.intellij.rt.testng.IDEARemoteTestNG.run(IDEARemoteTestNG.java:66)\r\n\tat com.intellij.rt.testng.RemoteTestNGStarter.main(RemoteTestNGStarter.java:109)\r\n","flaky":false,"newFailed":false,"newBroken":false,"newPassed":false,"retriesCount":0,"retriesStatusChange":false,"beforeStages":[{"name":"standardLogic","time":{"start":1664861717640,"stop":1664861722035,"duration":4395},"description":"","status":"passed","steps":[],"attachments":[],"parameters":[],"hasContent":false,"stepsCount":0,"attachmentsCount":0,"shouldDisplayMessage":false}],"testStage":{"description":"Examine whether or not the teacher can successfully create Pen & paper assessment for the students.","status":"broken","statusMessage":"no such element: Unable to locate element: {\"method\":\"xpath\",\"selector\":\"//button[contains(@class, 'toolbar-btn')]\"}\n  (Session info: headless chrome=105.0.5195.127)\nFor documentation on this error, please visit: https://selenium.dev/exceptions/#no_such_element\nBuild info: version: '4.4.0', revision: 'e5c75ed026a'\nSystem info: host: 'DESKTOP-IPBNGSB', ip: '192.168.0.173', os.name: 'Windows 10', os.arch: 'amd64', os.version: '10.0', java.version: '18.0.2'\nDriver info: org.openqa.selenium.chrome.ChromeDriver\nCommand: [867c639eee69bbf298f36118b2d2967d, findElement {using=xpath, value=//button[contains(@class, 'toolbar-btn')]}]\nCapabilities {acceptInsecureCerts: false, browserName: chrome, browserVersion: 105.0.5195.127, chrome: {chromedriverVersion: 105.0.5195.52 (412c95e51883..., userDataDir: C:\\Users\\Admin\\AppData\\Loca...}, goog:chromeOptions: {debuggerAddress: localhost:50260}, networkConnectionEnabled: false, pageLoadStrategy: normal, platformName: WINDOWS, proxy: Proxy(), se:cdp: ws://localhost:50260/devtoo..., se:cdpVersion: 105.0.5195.127, setWindowRect: true, strictFileInteractability: false, timeouts: {implicit: 0, pageLoad: 300000, script: 30000}, unhandledPromptBehavior: dismiss and notify, webauthn:extension:credBlob: true, webauthn:extension:largeBlob: true, webauthn:virtualAuthenticators: true}\nSession ID: 867c639eee69bbf298f36118b2d2967d","statusTrace":"org.openqa.selenium.NoSuchElementException: no such element: Unable to locate element: {\"method\":\"xpath\",\"selector\":\"//button[contains(@class, 'toolbar-btn')]\"}\n  (Session info: headless chrome=105.0.5195.127)\nFor documentation on this error, please visit: https://selenium.dev/exceptions/#no_such_element\nBuild info: version: '4.4.0', revision: 'e5c75ed026a'\nSystem info: host: 'DESKTOP-IPBNGSB', ip: '192.168.0.173', os.name: 'Windows 10', os.arch: 'amd64', os.version: '10.0', java.version: '18.0.2'\nDriver info: org.openqa.selenium.chrome.ChromeDriver\nCommand: [867c639eee69bbf298f36118b2d2967d, findElement {using=xpath, value=//button[contains(@class, 'toolbar-btn')]}]\nCapabilities {acceptInsecureCerts: false, browserName: chrome, browserVersion: 105.0.5195.127, chrome: {chromedriverVersion: 105.0.5195.52 (412c95e51883..., userDataDir: C:\\Users\\Admin\\AppData\\Loca...}, goog:chromeOptions: {debuggerAddress: localhost:50260}, networkConnectionEnabled: false, pageLoadStrategy: normal, platformName: WINDOWS, proxy: Proxy(), se:cdp: ws://localhost:50260/devtoo..., se:cdpVersion: 105.0.5195.127, setWindowRect: true, strictFileInteractability: false, timeouts: {implicit: 0, pageLoad: 300000, script: 30000}, unhandledPromptBehavior: dismiss and notify, webauthn:extension:credBlob: true, webauthn:extension:largeBlob: true, webauthn:virtualAuthenticators: true}\nSession ID: 867c639eee69bbf298f36118b2d2967d\r\n\tat java.base/jdk.internal.reflect.DirectConstructorHandleAccessor.newInstance(DirectConstructorHandleAccessor.java:67)\r\n\tat java.base/java.lang.reflect.Constructor.newInstanceWithCaller(Constructor.java:499)\r\n\tat java.base/java.lang.reflect.Constructor.newInstance(Constructor.java:483)\r\n\tat org.openqa.selenium.remote.codec.w3c.W3CHttpResponseCodec.createException(W3CHttpResponseCodec.java:200)\r\n\tat org.openqa.selenium.remote.codec.w3c.W3CHttpResponseCodec.decode(W3CHttpResponseCodec.java:133)\r\n\tat org.openqa.selenium.remote.codec.w3c.W3CHttpResponseCodec.decode(W3CHttpResponseCodec.java:53)\r\n\tat org.openqa.selenium.remote.HttpCommandExecutor.execute(HttpCommandExecutor.java:184)\r\n\tat org.openqa.selenium.remote.service.DriverCommandExecutor.invokeExecute(DriverCommandExecutor.java:167)\r\n\tat org.openqa.selenium.remote.service.DriverCommandExecutor.execute(DriverCommandExecutor.java:142)\r\n\tat org.openqa.selenium.remote.RemoteWebDriver.execute(RemoteWebDriver.java:547)\r\n\tat org.openqa.selenium.remote.ElementLocation$ElementFinder$2.findElement(ElementLocation.java:162)\r\n\tat org.openqa.selenium.remote.ElementLocation.findElement(ElementLocation.java:60)\r\n\tat org.openqa.selenium.remote.RemoteWebDriver.findElement(RemoteWebDriver.java:365)\r\n\tat org.openqa.selenium.remote.RemoteWebDriver.findElement(RemoteWebDriver.java:357)\r\n\tat Assessment.CreateAssessment_PenPaper.teacherCreateAssessment_PenPaper(CreateAssessment_PenPaper.java:99)\r\n\tat java.base/jdk.internal.reflect.DirectMethodHandleAccessor.invoke(DirectMethodHandleAccessor.java:104)\r\n\tat java.base/java.lang.reflect.Method.invoke(Method.java:577)\r\n\tat org.testng.internal.invokers.MethodInvocationHelper.invokeMethod(MethodInvocationHelper.java:139)\r\n\tat org.testng.internal.invokers.TestInvoker.invokeMethod(TestInvoker.java:677)\r\n\tat org.testng.internal.invokers.TestInvoker.invokeTestMethod(TestInvoker.java:221)\r\n\tat org.testng.internal.invokers.MethodRunner.runInSequence(MethodRunner.java:50)\r\n\tat org.testng.internal.invokers.TestInvoker$MethodInvocationAgent.invoke(TestInvoker.java:962)\r\n\tat org.testng.internal.invokers.TestInvoker.invokeTestMethods(TestInvoker.java:194)\r\n\tat org.testng.internal.invokers.TestMethodWorker.invokeTestMethods(TestMethodWorker.java:148)\r\n\tat org.testng.internal.invokers.TestMethodWorker.run(TestMethodWorker.java:128)\r\n\tat java.base/java.util.ArrayList.forEach(ArrayList.java:1511)\r\n\tat org.testng.TestRunner.privateRun(TestRunner.java:806)\r\n\tat org.testng.TestRunner.run(TestRunner.java:601)\r\n\tat org.testng.SuiteRunner.runTest(SuiteRunner.java:433)\r\n\tat org.testng.SuiteRunner.runSequentially(SuiteRunner.java:427)\r\n\tat org.testng.SuiteRunner.privateRun(SuiteRunner.java:387)\r\n\tat org.testng.SuiteRunner.run(SuiteRunner.java:330)\r\n\tat org.testng.SuiteRunnerWorker.runSuite(SuiteRunnerWorker.java:52)\r\n\tat org.testng.SuiteRunnerWorker.run(SuiteRunnerWorker.java:95)\r\n\tat org.testng.TestNG.runSuitesSequentially(TestNG.java:1256)\r\n\tat org.testng.TestNG.runSuitesLocally(TestNG.java:1176)\r\n\tat org.testng.TestNG.runSuites(TestNG.java:1099)\r\n\tat org.testng.TestNG.run(TestNG.java:1067)\r\n\tat com.intellij.rt.testng.IDEARemoteTestNG.run(IDEARemoteTestNG.java:66)\r\n\tat com.intellij.rt.testng.RemoteTestNGStarter.main(RemoteTestNGStarter.java:109)\r\n","steps":[{"name":"Selected log in as Teacher...","time":{"start":1664861722039,"stop":1664861722216,"duration":177},"status":"passed","steps":[],"attachments":[{"uid":"2122b00900829d2f","name":"Screenshot","source":"2122b00900829d2f.png","type":"image/png","size":49164}],"parameters":[],"hasContent":true,"stepsCount":0,"attachmentsCount":1,"shouldDisplayMessage":false},{"name":"Mobile number is entered...","time":{"start":1664861722268,"stop":1664861722469,"duration":201},"status":"passed","steps":[],"attachments":[{"uid":"68385461367a5f06","name":"Screenshot","source":"68385461367a5f06.png","type":"image/png","size":27244}],"parameters":[],"hasContent":true,"stepsCount":0,"attachmentsCount":1,"shouldDisplayMessage":false},{"name":"Mobile number is submitted...","time":{"start":1664861722531,"stop":1664861722681,"duration":150},"status":"passed","steps":[],"attachments":[{"uid":"889647858f50931b","name":"Screenshot","source":"889647858f50931b.png","type":"image/png","size":36680}],"parameters":[],"hasContent":true,"stepsCount":0,"attachmentsCount":1,"shouldDisplayMessage":false},{"name":"password is entered...","time":{"start":1664861727832,"stop":1664861727994,"duration":162},"status":"passed","steps":[],"attachments":[{"uid":"fe2f815cc09d0634","name":"Screenshot","source":"fe2f815cc09d0634.png","type":"image/png","size":39107}],"parameters":[],"hasContent":true,"stepsCount":0,"attachmentsCount":1,"shouldDisplayMessage":false},{"name":"Password is submitted...","time":{"start":1664861733063,"stop":1664861733249,"duration":186},"status":"passed","steps":[],"attachments":[{"uid":"1cd030973fd2f49f","name":"Screenshot","source":"1cd030973fd2f49f.png","type":"image/png","size":37404}],"parameters":[],"hasContent":true,"stepsCount":0,"attachmentsCount":1,"shouldDisplayMessage":false},{"name":"Assessment Module is opened...","time":{"start":1664861740319,"stop":1664861740607,"duration":288},"status":"passed","steps":[],"attachments":[{"uid":"e191c9891522c1b0","name":"Screenshot","source":"e191c9891522c1b0.png","type":"image/png","size":236139}],"parameters":[],"hasContent":true,"stepsCount":0,"attachmentsCount":1,"shouldDisplayMessage":false},{"name":"Clicking on My Assessments...","time":{"start":1664861828416,"stop":1664861828634,"duration":218},"status":"passed","steps":[],"attachments":[{"uid":"404f95b6c3058a67","name":"Screenshot","source":"404f95b6c3058a67.png","type":"image/png","size":31900}],"parameters":[],"hasContent":true,"stepsCount":0,"attachmentsCount":1,"shouldDisplayMessage":false},{"name":"Create new button is clicked...","time":{"start":1664861831699,"stop":1664861831882,"duration":183},"status":"passed","steps":[],"attachments":[{"uid":"11e2047859c34ae9","name":"Screenshot","source":"11e2047859c34ae9.png","type":"image/png","size":36979}],"parameters":[],"hasContent":true,"stepsCount":0,"attachmentsCount":1,"shouldDisplayMessage":false},{"name":"Giving input for name of assessment...","time":{"start":1664861833937,"stop":1664861834097,"duration":160},"status":"passed","steps":[],"attachments":[{"uid":"e6b3e55a86c59a47","name":"Screenshot","source":"e6b3e55a86c59a47.png","type":"image/png","size":62198}],"parameters":[],"hasContent":true,"stepsCount":0,"attachmentsCount":1,"shouldDisplayMessage":false},{"name":"Giving input for name of assessment...","time":{"start":1664861834140,"stop":1664861834294,"duration":154},"status":"passed","steps":[],"attachments":[{"uid":"938647787547a86d","name":"Screenshot","source":"938647787547a86d.png","type":"image/png","size":62292}],"parameters":[],"hasContent":true,"stepsCount":0,"attachmentsCount":1,"shouldDisplayMessage":false},{"name":"Selecting details for assessment...","time":{"start":1664861836331,"stop":1664861836526,"duration":195},"status":"passed","steps":[],"attachments":[{"uid":"a2ada67c38b27ddc","name":"Screenshot","source":"a2ada67c38b27ddc.png","type":"image/png","size":62321}],"parameters":[],"hasContent":true,"stepsCount":0,"attachmentsCount":1,"shouldDisplayMessage":false},{"name":"Choosing format for assessment...","time":{"start":1664861836882,"stop":1664861837048,"duration":166},"status":"passed","steps":[],"attachments":[{"uid":"ec8c44e62eebd6a","name":"Screenshot","source":"ec8c44e62eebd6a.png","type":"image/png","size":59662}],"parameters":[],"hasContent":true,"stepsCount":0,"attachmentsCount":1,"shouldDisplayMessage":false},{"name":"Choosing Pen & Paper mode of assessment...","time":{"start":1664861838109,"stop":1664861838262,"duration":153},"status":"passed","steps":[],"attachments":[{"uid":"226b93e6e81d9a9a","name":"Screenshot","source":"226b93e6e81d9a9a.png","type":"image/png","size":58654}],"parameters":[],"hasContent":true,"stepsCount":0,"attachmentsCount":1,"shouldDisplayMessage":false},{"name":"Submitting Assessment details...","time":{"start":1664861839320,"stop":1664861839466,"duration":146},"status":"passed","steps":[],"attachments":[{"uid":"6e07b1db9b7650d5","name":"Screenshot","source":"6e07b1db9b7650d5.png","type":"image/png","size":59544}],"parameters":[],"hasContent":true,"stepsCount":0,"attachmentsCount":1,"shouldDisplayMessage":false},{"name":"Adding Section in assessment...","time":{"start":1664861840507,"stop":1664861840684,"duration":177},"status":"passed","steps":[],"attachments":[{"uid":"48eaa59e5bce5ee1","name":"Screenshot","source":"48eaa59e5bce5ee1.png","type":"image/png","size":56017}],"parameters":[],"hasContent":true,"stepsCount":0,"attachmentsCount":1,"shouldDisplayMessage":false},{"name":"Entering Section name...","time":{"start":1664861841615,"stop":1664861841819,"duration":204},"status":"passed","steps":[],"attachments":[{"uid":"df93da8d440293cd","name":"Screenshot","source":"df93da8d440293cd.png","type":"image/png","size":58694}],"parameters":[],"hasContent":true,"stepsCount":0,"attachmentsCount":1,"shouldDisplayMessage":false},{"name":"Entering Section name...","time":{"start":1664861841871,"stop":1664861842027,"duration":156},"status":"passed","steps":[],"attachments":[{"uid":"163902d31face391","name":"Screenshot","source":"163902d31face391.png","type":"image/png","size":63641}],"parameters":[],"hasContent":true,"stepsCount":0,"attachmentsCount":1,"shouldDisplayMessage":false},{"name":"Entering Section instructions...","time":{"start":1664861842056,"stop":1664861842215,"duration":159},"status":"passed","steps":[],"attachments":[{"uid":"f29ef7cb00a4532d","name":"Screenshot","source":"f29ef7cb00a4532d.png","type":"image/png","size":63698}],"parameters":[],"hasContent":true,"stepsCount":0,"attachmentsCount":1,"shouldDisplayMessage":false},{"name":"Entering Section instructions...","time":{"start":1664861842260,"stop":1664861842417,"duration":157},"status":"passed","steps":[],"attachments":[{"uid":"22dbb68738f584b2","name":"Screenshot","source":"22dbb68738f584b2.png","type":"image/png","size":63669}],"parameters":[],"hasContent":true,"stepsCount":0,"attachmentsCount":1,"shouldDisplayMessage":false},{"name":"Submitting Assessment details...","time":{"start":1664861842496,"stop":1664861842647,"duration":151},"status":"passed","steps":[],"attachments":[{"uid":"9f6b3fc4b03143aa","name":"Screenshot","source":"9f6b3fc4b03143aa.png","type":"image/png","size":62841}],"parameters":[],"hasContent":true,"stepsCount":0,"attachmentsCount":1,"shouldDisplayMessage":false},{"name":"Add new question...","time":{"start":1664861844816,"stop":1664861844960,"duration":144},"status":"passed","steps":[],"attachments":[{"uid":"3e627b7bac6c71f8","name":"Screenshot","source":"3e627b7bac6c71f8.png","type":"image/png","size":44153}],"parameters":[],"hasContent":true,"stepsCount":0,"attachmentsCount":1,"shouldDisplayMessage":false},{"name":"Choosing Short answer option for question type...","time":{"start":1664861845002,"stop":1664861845191,"duration":189},"status":"passed","steps":[],"attachments":[{"uid":"9a4356269e5f37b9","name":"Screenshot","source":"9a4356269e5f37b9.png","type":"image/png","size":48990}],"parameters":[],"hasContent":true,"stepsCount":0,"attachmentsCount":1,"shouldDisplayMessage":false}],"attachments":[{"uid":"1bbb0322053df8e5","name":"ScreenShot","source":"1bbb0322053df8e5.png","type":"image/png","size":81006},{"uid":"fa8005905aedc7e4","name":"teacherCreateAssessment_PenPaper","source":"fa8005905aedc7e4.txt","type":"text/plain","size":32}],"parameters":[],"hasContent":true,"stepsCount":22,"attachmentsCount":24,"shouldDisplayMessage":true},"afterStages":[{"name":"tearDown","time":{"start":1664861867649,"stop":1664861867772,"duration":123},"description":"","status":"passed","steps":[],"attachments":[],"parameters":[],"hasContent":false,"stepsCount":0,"attachmentsCount":0,"shouldDisplayMessage":false}],"labels":[{"name":"package","value":"Assessment.CreateAssessment_PenPaper"},{"name":"testClass","value":"Assessment.CreateAssessment_PenPaper"},{"name":"testMethod","value":"teacherCreateAssessment_PenPaper"},{"name":"parentSuite","value":"Suite"},{"name":"suite","value":"Test"},{"name":"subSuite","value":"Assessment.CreateAssessment_PenPaper"},{"name":"host","value":"DESKTOP-IPBNGSB"},{"name":"thread","value":"20352@DESKTOP-IPBNGSB.main(1)"},{"name":"framework","value":"testng"},{"name":"language","value":"java"},{"name":"story","value":"ASSFT_03"},{"name":"epic","value":"This story represents the Assessment module of the onelern_school project."},{"name":"severity","value":"blocker"},{"name":"resultFormat","value":"allure2"}],"parameters":[{"name":"arg0","value":"9000000105"},{"name":"arg1","value":"123456"}],"links":[],"hidden":false,"retry":false,"extra":{"severity":"blocker","retries":[],"categories":[{"name":"Test defects","matchedStatuses":[],"flaky":false}],"history":{"statistic":{"failed":0,"broken":9,"skipped":0,"passed":6,"unknown":0,"total":15},"items":[{"uid":"3e881a57fb211327","status":"broken","statusDetails":"no such element: Unable to locate element: {\"method\":\"xpath\",\"selector\":\"//button[contains(@class, 'toolbar-btn')]\"}\n  (Session info: headless chrome=105.0.5195.127)\nFor documentation on this error, please visit: https://selenium.dev/exceptions/#no_such_element\nBuild info: version: '4.4.0', revision: 'e5c75ed026a'\nSystem info: host: 'DESKTOP-IPBNGSB', ip: '192.168.29.11', os.name: 'Windows 10', os.arch: 'amd64', os.version: '10.0', java.version: '18.0.2'\nDriver info: org.openqa.selenium.chrome.ChromeDriver\nCommand: [0484edb3f18269437885ba60e4265f7c, findElement {using=xpath, value=//button[contains(@class, 'toolbar-btn')]}]\nCapabilities {acceptInsecureCerts: false, browserName: chrome, browserVersion: 105.0.5195.127, chrome: {chromedriverVersion: 105.0.5195.52 (412c95e51883..., userDataDir: C:\\Users\\Admin\\AppData\\Loca...}, goog:chromeOptions: {debuggerAddress: localhost:55429}, networkConnectionEnabled: false, pageLoadStrategy: normal, platformName: WINDOWS, proxy: Proxy(), se:cdp: ws://localhost:55429/devtoo..., se:cdpVersion: 105.0.5195.127, setWindowRect: true, strictFileInteractability: false, timeouts: {implicit: 0, pageLoad: 300000, script: 30000}, unhandledPromptBehavior: dismiss and notify, webauthn:extension:credBlob: true, webauthn:extension:largeBlob: true, webauthn:virtualAuthenticators: true}\nSession ID: 0484edb3f18269437885ba60e4265f7c","time":{"start":1664781304375,"stop":1664781449446,"duration":145071}},{"uid":"d196574048cef0f0","status":"broken","statusDetails":"element click intercepted: Element <input type=\"text\" id=\"passmarks\" min=\"0\" max=\"0\" maxlength=\"4\" class=\"form-control svelte-157fewe\" pattern=\"^[0-9]4​​​​​​$\" placeholder=\"marks\"> is not clickable at point (1724, 32). Other element would receive the click: <div class=\"form-box svelte-1g6zvro\">...</div>\n  (Session info: headless chrome=105.0.5195.127)\nBuild info: version: '4.4.0', revision: 'e5c75ed026a'\nSystem info: host: 'SHASHANK', ip: '192.168.56.1', os.name: 'Windows 11', os.arch: 'amd64', os.version: '10.0', java.version: '18.0.1.1'\nDriver info: org.openqa.selenium.chrome.ChromeDriver\nCommand: [7c3408f1c6949f1e86f09d46fa1d32cb, clickElement {id=610c965f-d722-45b0-8ed2-9fa5faf0fb38}]\nCapabilities {acceptInsecureCerts: false, browserName: chrome, browserVersion: 105.0.5195.127, chrome: {chromedriverVersion: 105.0.5195.52 (412c95e51883..., userDataDir: C:\\Users\\MANKAL~1\\AppData\\L...}, goog:chromeOptions: {debuggerAddress: localhost:54240}, networkConnectionEnabled: false, pageLoadStrategy: normal, platformName: WINDOWS, proxy: Proxy(), se:cdp: ws://localhost:54240/devtoo..., se:cdpVersion: 105.0.5195.127, setWindowRect: true, strictFileInteractability: false, timeouts: {implicit: 0, pageLoad: 300000, script: 30000}, unhandledPromptBehavior: dismiss and notify, webauthn:extension:credBlob: true, webauthn:extension:largeBlob: true, webauthn:virtualAuthenticators: true}\nElement: [[ChromeDriver: chrome on WINDOWS (7c3408f1c6949f1e86f09d46fa1d32cb)] -> id: passmarks]\nSession ID: 7c3408f1c6949f1e86f09d46fa1d32cb","time":{"start":1664528321700,"stop":1664528377154,"duration":55454}},{"uid":"c404c4047558c6cb","status":"passed","time":{"start":1664451344327,"stop":1664451414800,"duration":70473}},{"uid":"c6bfeac4ffebdccb","status":"passed","time":{"start":1664351405761,"stop":1664351475069,"duration":69308}},{"uid":"2dc2ca0eb464b2c9","status":"passed","time":{"start":1664265482597,"stop":1664265551773,"duration":69176}},{"uid":"4a9cb3ce7588f6ce","status":"passed","time":{"start":1663909449866,"stop":1663909518952,"duration":69086}},{"uid":"2edb94408d32c577","status":"broken","statusDetails":"element click intercepted: Element <button class=\"question-btn disabled svelte-157fewe\" disabled=\"\">...</button> is not clickable at point (1829, 595). Other element would receive the click: <div class=\"modal-overlay svelte-14gik14\">...</div>\n  (Session info: headless chrome=105.0.5195.127)\nBuild info: version: '4.4.0', revision: 'e5c75ed026a'\nSystem info: host: 'SHASHANK', ip: '192.168.56.1', os.name: 'Windows 11', os.arch: 'amd64', os.version: '10.0', java.version: '18.0.1.1'\nDriver info: org.openqa.selenium.chrome.ChromeDriver\nCommand: [c52ad8a0dec20caf248a08e3ac10089d, clickElement {id=6807b3b3-d1f7-4e9e-b567-11c75a3cc1b1}]\nCapabilities {acceptInsecureCerts: false, browserName: chrome, browserVersion: 105.0.5195.127, chrome: {chromedriverVersion: 105.0.5195.52 (412c95e51883..., userDataDir: C:\\Users\\MANKAL~1\\AppData\\L...}, goog:chromeOptions: {debuggerAddress: localhost:52703}, networkConnectionEnabled: false, pageLoadStrategy: normal, platformName: WINDOWS, proxy: Proxy(), se:cdp: ws://localhost:52703/devtoo..., se:cdpVersion: 105.0.5195.127, setWindowRect: true, strictFileInteractability: false, timeouts: {implicit: 0, pageLoad: 300000, script: 30000}, unhandledPromptBehavior: dismiss and notify, webauthn:extension:credBlob: true, webauthn:extension:largeBlob: true, webauthn:virtualAuthenticators: true}\nElement: [[ChromeDriver: chrome on WINDOWS (c52ad8a0dec20caf248a08e3ac10089d)] -> xpath: //*[contains(@class,'question-btn')]]\nSession ID: c52ad8a0dec20caf248a08e3ac10089d","time":{"start":1663756886011,"stop":1663756931228,"duration":45217}},{"uid":"c12e903094070d5d","status":"broken","statusDetails":"no such element: Unable to locate element: {\"method\":\"xpath\",\"selector\":\"//*[contains(@class,'section-btn')]\"}\n  (Session info: headless chrome=105.0.5195.102)\nFor documentation on this error, please visit: https://selenium.dev/exceptions/#no_such_element\nBuild info: version: '4.4.0', revision: 'e5c75ed026a'\nSystem info: host: 'SHASHANK', ip: '192.168.56.1', os.name: 'Windows 11', os.arch: 'amd64', os.version: '10.0', java.version: '18.0.1.1'\nDriver info: org.openqa.selenium.chrome.ChromeDriver\nCommand: [af626cedb0b39c5b5603f4651c3a81c1, findElement {using=xpath, value=//*[contains(@class,'section-btn')]}]\nCapabilities {acceptInsecureCerts: false, browserName: chrome, browserVersion: 105.0.5195.102, chrome: {chromedriverVersion: 105.0.5195.52 (412c95e51883..., userDataDir: C:\\Users\\MANKAL~1\\AppData\\L...}, goog:chromeOptions: {debuggerAddress: localhost:52003}, networkConnectionEnabled: false, pageLoadStrategy: normal, platformName: WINDOWS, proxy: Proxy(), se:cdp: ws://localhost:52003/devtoo..., se:cdpVersion: 105.0.5195.102, setWindowRect: true, strictFileInteractability: false, timeouts: {implicit: 0, pageLoad: 300000, script: 30000}, unhandledPromptBehavior: dismiss and notify, webauthn:extension:credBlob: true, webauthn:extension:largeBlob: true, webauthn:virtualAuthenticators: true}\nSession ID: af626cedb0b39c5b5603f4651c3a81c1","time":{"start":1663585108319,"stop":1663585162167,"duration":53848}},{"uid":"b1042292e0276f76","status":"passed","time":{"start":1663240899658,"stop":1663240970215,"duration":70557}},{"uid":"f5513055582c989a","status":"passed","time":{"start":1663156218297,"stop":1663156298091,"duration":79794}},{"uid":"f1c0987f68e4f307","status":"broken","statusDetails":"element click intercepted: Element <div class=\"fr-element fr-view\" dir=\"auto\" contenteditable=\"true\" aria-disabled=\"false\" spellcheck=\"true\">...</div> is not clickable at point (585, 612). Other element would receive the click: <div class=\"fr-tooltip fr-visible\" style=\"left: 542px; top: 598px; margin-left: 0px; margin-top: 0px;\">...</div>\n  (Session info: chrome=105.0.5195.102)\nBuild info: version: '4.1.4', revision: '535d840ee2'\nSystem info: host: 'SHASHANK', ip: '192.168.56.1', os.name: 'Windows 11', os.arch: 'amd64', os.version: '10.0', java.version: '18.0.1.1'\nDriver info: org.openqa.selenium.chrome.ChromeDriver\nCommand: [400c370f8b829de553249ab91f6d4eef, clickElement {id=99a0bbed-91bb-4ce8-9024-20bbfb78b21e}]\nCapabilities {acceptInsecureCerts: false, browserName: chrome, browserVersion: 105.0.5195.102, chrome: {chromedriverVersion: 105.0.5195.52 (412c95e51883..., userDataDir: C:\\Users\\MANKAL~1\\AppData\\L...}, goog:chromeOptions: {debuggerAddress: localhost:59770}, javascriptEnabled: true, networkConnectionEnabled: false, pageLoadStrategy: normal, platform: WINDOWS, platformName: WINDOWS, proxy: Proxy(), se:cdp: ws://localhost:59770/devtoo..., se:cdpVersion: 105.0.5195.102, setWindowRect: true, strictFileInteractability: false, timeouts: {implicit: 0, pageLoad: 300000, script: 30000}, unhandledPromptBehavior: dismiss and notify, webauthn:extension:credBlob: true, webauthn:extension:largeBlob: true, webauthn:virtualAuthenticators: true}\nElement: [[ChromeDriver: chrome on WINDOWS (400c370f8b829de553249ab91f6d4eef)] -> xpath: //*[contains(@class,'fr-element')]]\nSession ID: 400c370f8b829de553249ab91f6d4eef","time":{"start":1663074546785,"stop":1663074590027,"duration":43242}},{"uid":"7fbcbf278fe3af50","status":"broken","statusDetails":"no such element: Unable to locate element: {\"method\":\"xpath\",\"selector\":\"//*[contains(@class,'modal-overlay')]\"}\n  (Session info: headless chrome=105.0.5195.102)\nFor documentation on this error, please visit: https://selenium.dev/exceptions/#no_such_element\nBuild info: version: '4.1.4', revision: '535d840ee2'\nSystem info: host: 'SHASHANK', ip: '192.168.56.1', os.name: 'Windows 11', os.arch: 'amd64', os.version: '10.0', java.version: '18.0.1.1'\nDriver info: org.openqa.selenium.chrome.ChromeDriver\nCommand: [bb386b0164da9b4f913fb04c4cc149e5, findElement {using=xpath, value=//*[contains(@class,'modal-overlay')]}]\nCapabilities {acceptInsecureCerts: false, browserName: chrome, browserVersion: 105.0.5195.102, chrome: {chromedriverVersion: 105.0.5195.52 (412c95e51883..., userDataDir: C:\\Users\\MANKAL~1\\AppData\\L...}, goog:chromeOptions: {debuggerAddress: localhost:65118}, javascriptEnabled: true, networkConnectionEnabled: false, pageLoadStrategy: normal, platform: WINDOWS, platformName: WINDOWS, proxy: Proxy(), se:cdp: ws://localhost:65118/devtoo..., se:cdpVersion: 105.0.5195.102, setWindowRect: true, strictFileInteractability: false, timeouts: {implicit: 0, pageLoad: 300000, script: 30000}, unhandledPromptBehavior: dismiss and notify, webauthn:extension:credBlob: true, webauthn:extension:largeBlob: true, webauthn:virtualAuthenticators: true}\nSession ID: bb386b0164da9b4f913fb04c4cc149e5","time":{"start":1662982999514,"stop":1662983043693,"duration":44179}},{"uid":"44f7977d897aa47b","status":"broken","statusDetails":"no such element: Unable to locate element: {\"method\":\"xpath\",\"selector\":\"//*[contains(@class,'modal-overlay')]\"}\n  (Session info: headless chrome=105.0.5195.102)\nFor documentation on this error, please visit: https://selenium.dev/exceptions/#no_such_element\nBuild info: version: '4.1.4', revision: '535d840ee2'\nSystem info: host: 'SHASHANK', ip: '192.168.56.1', os.name: 'Windows 11', os.arch: 'amd64', os.version: '10.0', java.version: '18.0.1.1'\nDriver info: org.openqa.selenium.chrome.ChromeDriver\nCommand: [971e92da3e4c194e4154863758f297c4, findElement {using=xpath, value=//*[contains(@class,'modal-overlay')]}]\nCapabilities {acceptInsecureCerts: false, browserName: chrome, browserVersion: 105.0.5195.102, chrome: {chromedriverVersion: 105.0.5195.52 (412c95e51883..., userDataDir: C:\\Users\\MANKAL~1\\AppData\\L...}, goog:chromeOptions: {debuggerAddress: localhost:60785}, javascriptEnabled: true, networkConnectionEnabled: false, pageLoadStrategy: normal, platform: WINDOWS, platformName: WINDOWS, proxy: Proxy(), se:cdp: ws://localhost:60785/devtoo..., se:cdpVersion: 105.0.5195.102, setWindowRect: true, strictFileInteractability: false, timeouts: {implicit: 0, pageLoad: 300000, script: 30000}, unhandledPromptBehavior: dismiss and notify, webauthn:extension:credBlob: true, webauthn:extension:largeBlob: true, webauthn:virtualAuthenticators: true}\nSession ID: 971e92da3e4c194e4154863758f297c4","time":{"start":1662722117353,"stop":1662722161238,"duration":43885}},{"uid":"1340921321226ac4","status":"broken","statusDetails":"no such element: Unable to locate element: {\"method\":\"xpath\",\"selector\":\"//*[contains(@class,'modal-overlay')]\"}\n  (Session info: headless chrome=105.0.5195.102)\nFor documentation on this error, please visit: https://selenium.dev/exceptions/#no_such_element\nBuild info: version: '4.1.4', revision: '535d840ee2'\nSystem info: host: 'SHASHANK', ip: '192.168.56.1', os.name: 'Windows 11', os.arch: 'amd64', os.version: '10.0', java.version: '18.0.1.1'\nDriver info: org.openqa.selenium.chrome.ChromeDriver\nCommand: [744e0eef99e7694e2c92b4c073911e79, findElement {using=xpath, value=//*[contains(@class,'modal-overlay')]}]\nCapabilities {acceptInsecureCerts: false, browserName: chrome, browserVersion: 105.0.5195.102, chrome: {chromedriverVersion: 105.0.5195.52 (412c95e51883..., userDataDir: C:\\Users\\MANKAL~1\\AppData\\L...}, goog:chromeOptions: {debuggerAddress: localhost:52689}, javascriptEnabled: true, networkConnectionEnabled: false, pageLoadStrategy: normal, platform: WINDOWS, platformName: WINDOWS, proxy: Proxy(), se:cdp: ws://localhost:52689/devtoo..., se:cdpVersion: 105.0.5195.102, setWindowRect: true, strictFileInteractability: false, timeouts: {implicit: 0, pageLoad: 300000, script: 30000}, unhandledPromptBehavior: dismiss and notify, webauthn:extension:credBlob: true, webauthn:extension:largeBlob: true, webauthn:virtualAuthenticators: true}\nSession ID: 744e0eef99e7694e2c92b4c073911e79","time":{"start":1662613801113,"stop":1662613845864,"duration":44751}}]},"tags":[]},"source":"3c070a0f5c1aca97.json","parameterValues":["9000000105","123456"]}