{"uid":"c11fd5d996145357","name":"teacherLanding","fullName":"Assessment.AssessmentLandingPageCheck.teacherLanding","historyId":"58f0ade11dadafd4f2d2d9d13aea682a","time":{"start":1664860768181,"stop":1664860794150,"duration":25969},"description":"Examine whether or not the teacher can successfully get inside the Assessment module.","descriptionHtml":"<p>Examine whether or not the teacher can successfully get inside the Assessment module.</p>\n","status":"broken","statusMessage":"no such element: Unable to locate element: {\"method\":\"xpath\",\"selector\":\"/html/body/div[4]/div/div/div[2]/button[2]\"}\n  (Session info: headless chrome=105.0.5195.127)\nFor documentation on this error, please visit: https://selenium.dev/exceptions/#no_such_element\nBuild info: version: '4.4.0', revision: 'e5c75ed026a'\nSystem info: host: 'DESKTOP-IPBNGSB', ip: '192.168.0.173', os.name: 'Windows 10', os.arch: 'amd64', os.version: '10.0', java.version: '18.0.2'\nDriver info: org.openqa.selenium.chrome.ChromeDriver\nCommand: [e2e7b1c15080266961d6e52e0d5bd4a9, findElement {using=xpath, value=/html/body/div[4]/div/div/div[2]/button[2]}]\nCapabilities {acceptInsecureCerts: false, browserName: chrome, browserVersion: 105.0.5195.127, chrome: {chromedriverVersion: 105.0.5195.52 (412c95e51883..., userDataDir: C:\\Users\\Admin\\AppData\\Loca...}, goog:chromeOptions: {debuggerAddress: localhost:49684}, networkConnectionEnabled: false, pageLoadStrategy: normal, platformName: WINDOWS, proxy: Proxy(), se:cdp: ws://localhost:49684/devtoo..., se:cdpVersion: 105.0.5195.127, setWindowRect: true, strictFileInteractability: false, timeouts: {implicit: 0, pageLoad: 300000, script: 30000}, unhandledPromptBehavior: dismiss and notify, webauthn:extension:credBlob: true, webauthn:extension:largeBlob: true, webauthn:virtualAuthenticators: true}\nSession ID: e2e7b1c15080266961d6e52e0d5bd4a9","statusTrace":"org.openqa.selenium.NoSuchElementException: no such element: Unable to locate element: {\"method\":\"xpath\",\"selector\":\"/html/body/div[4]/div/div/div[2]/button[2]\"}\n  (Session info: headless chrome=105.0.5195.127)\nFor documentation on this error, please visit: https://selenium.dev/exceptions/#no_such_element\nBuild info: version: '4.4.0', revision: 'e5c75ed026a'\nSystem info: host: 'DESKTOP-IPBNGSB', ip: '192.168.0.173', os.name: 'Windows 10', os.arch: 'amd64', os.version: '10.0', java.version: '18.0.2'\nDriver info: org.openqa.selenium.chrome.ChromeDriver\nCommand: [e2e7b1c15080266961d6e52e0d5bd4a9, findElement {using=xpath, value=/html/body/div[4]/div/div/div[2]/button[2]}]\nCapabilities {acceptInsecureCerts: false, browserName: chrome, browserVersion: 105.0.5195.127, chrome: {chromedriverVersion: 105.0.5195.52 (412c95e51883..., userDataDir: C:\\Users\\Admin\\AppData\\Loca...}, goog:chromeOptions: {debuggerAddress: localhost:49684}, networkConnectionEnabled: false, pageLoadStrategy: normal, platformName: WINDOWS, proxy: Proxy(), se:cdp: ws://localhost:49684/devtoo..., se:cdpVersion: 105.0.5195.127, setWindowRect: true, strictFileInteractability: false, timeouts: {implicit: 0, pageLoad: 300000, script: 30000}, unhandledPromptBehavior: dismiss and notify, webauthn:extension:credBlob: true, webauthn:extension:largeBlob: true, webauthn:virtualAuthenticators: true}\nSession ID: e2e7b1c15080266961d6e52e0d5bd4a9\r\n\tat java.base/jdk.internal.reflect.DirectConstructorHandleAccessor.newInstance(DirectConstructorHandleAccessor.java:67)\r\n\tat java.base/java.lang.reflect.Constructor.newInstanceWithCaller(Constructor.java:499)\r\n\tat java.base/java.lang.reflect.Constructor.newInstance(Constructor.java:483)\r\n\tat org.openqa.selenium.remote.codec.w3c.W3CHttpResponseCodec.createException(W3CHttpResponseCodec.java:200)\r\n\tat org.openqa.selenium.remote.codec.w3c.W3CHttpResponseCodec.decode(W3CHttpResponseCodec.java:133)\r\n\tat org.openqa.selenium.remote.codec.w3c.W3CHttpResponseCodec.decode(W3CHttpResponseCodec.java:53)\r\n\tat org.openqa.selenium.remote.HttpCommandExecutor.execute(HttpCommandExecutor.java:184)\r\n\tat org.openqa.selenium.remote.service.DriverCommandExecutor.invokeExecute(DriverCommandExecutor.java:167)\r\n\tat org.openqa.selenium.remote.service.DriverCommandExecutor.execute(DriverCommandExecutor.java:142)\r\n\tat org.openqa.selenium.remote.RemoteWebDriver.execute(RemoteWebDriver.java:547)\r\n\tat org.openqa.selenium.remote.ElementLocation$ElementFinder$2.findElement(ElementLocation.java:162)\r\n\tat org.openqa.selenium.remote.ElementLocation.findElement(ElementLocation.java:60)\r\n\tat org.openqa.selenium.remote.RemoteWebDriver.findElement(RemoteWebDriver.java:365)\r\n\tat org.openqa.selenium.remote.RemoteWebDriver.findElement(RemoteWebDriver.java:357)\r\n\tat pageObjects.LoginPage.getloginWithPassword(LoginPage.java:72)\r\n\tat testResource.BaseLogin.userLogin(BaseLogin.java:30)\r\n\tat Assessment.AssessmentLandingPageCheck.teacherLanding(AssessmentLandingPageCheck.java:68)\r\n\tat java.base/jdk.internal.reflect.DirectMethodHandleAccessor.invoke(DirectMethodHandleAccessor.java:104)\r\n\tat java.base/java.lang.reflect.Method.invoke(Method.java:577)\r\n\tat org.testng.internal.invokers.MethodInvocationHelper.invokeMethod(MethodInvocationHelper.java:139)\r\n\tat org.testng.internal.invokers.TestInvoker.invokeMethod(TestInvoker.java:677)\r\n\tat org.testng.internal.invokers.TestInvoker.invokeTestMethod(TestInvoker.java:221)\r\n\tat org.testng.internal.invokers.MethodRunner.runInSequence(MethodRunner.java:50)\r\n\tat org.testng.internal.invokers.TestInvoker$MethodInvocationAgent.invoke(TestInvoker.java:962)\r\n\tat org.testng.internal.invokers.TestInvoker.invokeTestMethods(TestInvoker.java:194)\r\n\tat org.testng.internal.invokers.TestMethodWorker.invokeTestMethods(TestMethodWorker.java:148)\r\n\tat org.testng.internal.invokers.TestMethodWorker.run(TestMethodWorker.java:128)\r\n\tat java.base/java.util.ArrayList.forEach(ArrayList.java:1511)\r\n\tat org.testng.TestRunner.privateRun(TestRunner.java:806)\r\n\tat org.testng.TestRunner.run(TestRunner.java:601)\r\n\tat org.testng.SuiteRunner.runTest(SuiteRunner.java:433)\r\n\tat org.testng.SuiteRunner.runSequentially(SuiteRunner.java:427)\r\n\tat org.testng.SuiteRunner.privateRun(SuiteRunner.java:387)\r\n\tat org.testng.SuiteRunner.run(SuiteRunner.java:330)\r\n\tat org.testng.SuiteRunnerWorker.runSuite(SuiteRunnerWorker.java:52)\r\n\tat org.testng.SuiteRunnerWorker.run(SuiteRunnerWorker.java:95)\r\n\tat org.testng.TestNG.runSuitesSequentially(TestNG.java:1256)\r\n\tat org.testng.TestNG.runSuitesLocally(TestNG.java:1176)\r\n\tat org.testng.TestNG.runSuites(TestNG.java:1099)\r\n\tat org.testng.TestNG.run(TestNG.java:1067)\r\n\tat com.intellij.rt.testng.IDEARemoteTestNG.run(IDEARemoteTestNG.java:66)\r\n\tat com.intellij.rt.testng.RemoteTestNGStarter.main(RemoteTestNGStarter.java:109)\r\n","flaky":false,"newFailed":false,"newBroken":true,"newPassed":false,"retriesCount":0,"retriesStatusChange":false,"beforeStages":[{"name":"standardLogic","time":{"start":1664860746329,"stop":1664860768177,"duration":21848},"description":"","status":"passed","steps":[],"attachments":[],"parameters":[],"hasContent":false,"stepsCount":0,"attachmentsCount":0,"shouldDisplayMessage":false}],"testStage":{"description":"Examine whether or not the teacher can successfully get inside the Assessment module.","status":"broken","statusMessage":"no such element: Unable to locate element: {\"method\":\"xpath\",\"selector\":\"/html/body/div[4]/div/div/div[2]/button[2]\"}\n  (Session info: headless chrome=105.0.5195.127)\nFor documentation on this error, please visit: https://selenium.dev/exceptions/#no_such_element\nBuild info: version: '4.4.0', revision: 'e5c75ed026a'\nSystem info: host: 'DESKTOP-IPBNGSB', ip: '192.168.0.173', os.name: 'Windows 10', os.arch: 'amd64', os.version: '10.0', java.version: '18.0.2'\nDriver info: org.openqa.selenium.chrome.ChromeDriver\nCommand: [e2e7b1c15080266961d6e52e0d5bd4a9, findElement {using=xpath, value=/html/body/div[4]/div/div/div[2]/button[2]}]\nCapabilities {acceptInsecureCerts: false, browserName: chrome, browserVersion: 105.0.5195.127, chrome: {chromedriverVersion: 105.0.5195.52 (412c95e51883..., userDataDir: C:\\Users\\Admin\\AppData\\Loca...}, goog:chromeOptions: {debuggerAddress: localhost:49684}, networkConnectionEnabled: false, pageLoadStrategy: normal, platformName: WINDOWS, proxy: Proxy(), se:cdp: ws://localhost:49684/devtoo..., se:cdpVersion: 105.0.5195.127, setWindowRect: true, strictFileInteractability: false, timeouts: {implicit: 0, pageLoad: 300000, script: 30000}, unhandledPromptBehavior: dismiss and notify, webauthn:extension:credBlob: true, webauthn:extension:largeBlob: true, webauthn:virtualAuthenticators: true}\nSession ID: e2e7b1c15080266961d6e52e0d5bd4a9","statusTrace":"org.openqa.selenium.NoSuchElementException: no such element: Unable to locate element: {\"method\":\"xpath\",\"selector\":\"/html/body/div[4]/div/div/div[2]/button[2]\"}\n  (Session info: headless chrome=105.0.5195.127)\nFor documentation on this error, please visit: https://selenium.dev/exceptions/#no_such_element\nBuild info: version: '4.4.0', revision: 'e5c75ed026a'\nSystem info: host: 'DESKTOP-IPBNGSB', ip: '192.168.0.173', os.name: 'Windows 10', os.arch: 'amd64', os.version: '10.0', java.version: '18.0.2'\nDriver info: org.openqa.selenium.chrome.ChromeDriver\nCommand: [e2e7b1c15080266961d6e52e0d5bd4a9, findElement {using=xpath, value=/html/body/div[4]/div/div/div[2]/button[2]}]\nCapabilities {acceptInsecureCerts: false, browserName: chrome, browserVersion: 105.0.5195.127, chrome: {chromedriverVersion: 105.0.5195.52 (412c95e51883..., userDataDir: C:\\Users\\Admin\\AppData\\Loca...}, goog:chromeOptions: {debuggerAddress: localhost:49684}, networkConnectionEnabled: false, pageLoadStrategy: normal, platformName: WINDOWS, proxy: Proxy(), se:cdp: ws://localhost:49684/devtoo..., se:cdpVersion: 105.0.5195.127, setWindowRect: true, strictFileInteractability: false, timeouts: {implicit: 0, pageLoad: 300000, script: 30000}, unhandledPromptBehavior: dismiss and notify, webauthn:extension:credBlob: true, webauthn:extension:largeBlob: true, webauthn:virtualAuthenticators: true}\nSession ID: e2e7b1c15080266961d6e52e0d5bd4a9\r\n\tat java.base/jdk.internal.reflect.DirectConstructorHandleAccessor.newInstance(DirectConstructorHandleAccessor.java:67)\r\n\tat java.base/java.lang.reflect.Constructor.newInstanceWithCaller(Constructor.java:499)\r\n\tat java.base/java.lang.reflect.Constructor.newInstance(Constructor.java:483)\r\n\tat org.openqa.selenium.remote.codec.w3c.W3CHttpResponseCodec.createException(W3CHttpResponseCodec.java:200)\r\n\tat org.openqa.selenium.remote.codec.w3c.W3CHttpResponseCodec.decode(W3CHttpResponseCodec.java:133)\r\n\tat org.openqa.selenium.remote.codec.w3c.W3CHttpResponseCodec.decode(W3CHttpResponseCodec.java:53)\r\n\tat org.openqa.selenium.remote.HttpCommandExecutor.execute(HttpCommandExecutor.java:184)\r\n\tat org.openqa.selenium.remote.service.DriverCommandExecutor.invokeExecute(DriverCommandExecutor.java:167)\r\n\tat org.openqa.selenium.remote.service.DriverCommandExecutor.execute(DriverCommandExecutor.java:142)\r\n\tat org.openqa.selenium.remote.RemoteWebDriver.execute(RemoteWebDriver.java:547)\r\n\tat org.openqa.selenium.remote.ElementLocation$ElementFinder$2.findElement(ElementLocation.java:162)\r\n\tat org.openqa.selenium.remote.ElementLocation.findElement(ElementLocation.java:60)\r\n\tat org.openqa.selenium.remote.RemoteWebDriver.findElement(RemoteWebDriver.java:365)\r\n\tat org.openqa.selenium.remote.RemoteWebDriver.findElement(RemoteWebDriver.java:357)\r\n\tat pageObjects.LoginPage.getloginWithPassword(LoginPage.java:72)\r\n\tat testResource.BaseLogin.userLogin(BaseLogin.java:30)\r\n\tat Assessment.AssessmentLandingPageCheck.teacherLanding(AssessmentLandingPageCheck.java:68)\r\n\tat java.base/jdk.internal.reflect.DirectMethodHandleAccessor.invoke(DirectMethodHandleAccessor.java:104)\r\n\tat java.base/java.lang.reflect.Method.invoke(Method.java:577)\r\n\tat org.testng.internal.invokers.MethodInvocationHelper.invokeMethod(MethodInvocationHelper.java:139)\r\n\tat org.testng.internal.invokers.TestInvoker.invokeMethod(TestInvoker.java:677)\r\n\tat org.testng.internal.invokers.TestInvoker.invokeTestMethod(TestInvoker.java:221)\r\n\tat org.testng.internal.invokers.MethodRunner.runInSequence(MethodRunner.java:50)\r\n\tat org.testng.internal.invokers.TestInvoker$MethodInvocationAgent.invoke(TestInvoker.java:962)\r\n\tat org.testng.internal.invokers.TestInvoker.invokeTestMethods(TestInvoker.java:194)\r\n\tat org.testng.internal.invokers.TestMethodWorker.invokeTestMethods(TestMethodWorker.java:148)\r\n\tat org.testng.internal.invokers.TestMethodWorker.run(TestMethodWorker.java:128)\r\n\tat java.base/java.util.ArrayList.forEach(ArrayList.java:1511)\r\n\tat org.testng.TestRunner.privateRun(TestRunner.java:806)\r\n\tat org.testng.TestRunner.run(TestRunner.java:601)\r\n\tat org.testng.SuiteRunner.runTest(SuiteRunner.java:433)\r\n\tat org.testng.SuiteRunner.runSequentially(SuiteRunner.java:427)\r\n\tat org.testng.SuiteRunner.privateRun(SuiteRunner.java:387)\r\n\tat org.testng.SuiteRunner.run(SuiteRunner.java:330)\r\n\tat org.testng.SuiteRunnerWorker.runSuite(SuiteRunnerWorker.java:52)\r\n\tat org.testng.SuiteRunnerWorker.run(SuiteRunnerWorker.java:95)\r\n\tat org.testng.TestNG.runSuitesSequentially(TestNG.java:1256)\r\n\tat org.testng.TestNG.runSuitesLocally(TestNG.java:1176)\r\n\tat org.testng.TestNG.runSuites(TestNG.java:1099)\r\n\tat org.testng.TestNG.run(TestNG.java:1067)\r\n\tat com.intellij.rt.testng.IDEARemoteTestNG.run(IDEARemoteTestNG.java:66)\r\n\tat com.intellij.rt.testng.RemoteTestNGStarter.main(RemoteTestNGStarter.java:109)\r\n","steps":[{"name":"Selected log in as Teacher...","time":{"start":1664860768181,"stop":1664860768341,"duration":160},"status":"passed","steps":[],"attachments":[{"uid":"3a09fdf41fb649ab","name":"Screenshot","source":"3a09fdf41fb649ab.png","type":"image/png","size":44863}],"parameters":[],"hasContent":true,"stepsCount":0,"attachmentsCount":1,"shouldDisplayMessage":false},{"name":"Mobile number is entered...","time":{"start":1664860768390,"stop":1664860768557,"duration":167},"status":"passed","steps":[],"attachments":[{"uid":"5258738759045620","name":"Screenshot","source":"5258738759045620.png","type":"image/png","size":31051}],"parameters":[],"hasContent":true,"stepsCount":0,"attachmentsCount":1,"shouldDisplayMessage":false},{"name":"Mobile number is submitted...","time":{"start":1664860768614,"stop":1664860768773,"duration":159},"status":"passed","steps":[],"attachments":[{"uid":"e5dcf18dfd09381c","name":"Screenshot","source":"e5dcf18dfd09381c.png","type":"image/png","size":32639}],"parameters":[],"hasContent":true,"stepsCount":0,"attachmentsCount":1,"shouldDisplayMessage":false}],"attachments":[{"uid":"b0350fba9e238430","name":"ScreenShot","source":"b0350fba9e238430.png","type":"image/png","size":33919},{"uid":"716e4fc5fa687d3d","name":"teacherLanding","source":"716e4fc5fa687d3d.txt","type":"text/plain","size":14}],"parameters":[],"hasContent":true,"stepsCount":3,"attachmentsCount":5,"shouldDisplayMessage":true},"afterStages":[{"name":"tearDown","time":{"start":1664860794152,"stop":1664860794282,"duration":130},"description":"","status":"passed","steps":[],"attachments":[],"parameters":[],"hasContent":false,"stepsCount":0,"attachmentsCount":0,"shouldDisplayMessage":false}],"labels":[{"name":"package","value":"Assessment.AssessmentLandingPageCheck"},{"name":"testClass","value":"Assessment.AssessmentLandingPageCheck"},{"name":"testMethod","value":"teacherLanding"},{"name":"parentSuite","value":"Suite"},{"name":"suite","value":"Test"},{"name":"subSuite","value":"Assessment.AssessmentLandingPageCheck"},{"name":"host","value":"DESKTOP-IPBNGSB"},{"name":"thread","value":"20352@DESKTOP-IPBNGSB.main(1)"},{"name":"framework","value":"testng"},{"name":"language","value":"java"},{"name":"story","value":"ASSFT_01"},{"name":"epic","value":"This story represents the Assessment module of the onelern_school project."},{"name":"severity","value":"blocker"},{"name":"resultFormat","value":"allure2"}],"parameters":[{"name":"arg0","value":"9000000113"},{"name":"arg1","value":"123456"}],"links":[],"hidden":false,"retry":false,"extra":{"severity":"blocker","retries":[],"categories":[{"name":"Test defects","matchedStatuses":[],"flaky":false}],"history":{"statistic":{"failed":0,"broken":1,"skipped":0,"passed":16,"unknown":0,"total":17},"items":[{"uid":"4040dfa556ae56b2","status":"passed","time":{"start":1664780321122,"stop":1664780428182,"duration":107060}},{"uid":"78d677ca2d02201d","status":"passed","time":{"start":1664527886294,"stop":1664527907823,"duration":21529}},{"uid":"f3aa58069fddfa9a","status":"passed","time":{"start":1664438493988,"stop":1664438515505,"duration":21517}},{"uid":"a7138d38b5ea31c3","status":"passed","time":{"start":1664350510418,"stop":1664350532355,"duration":21937}},{"uid":"5424dee3f6c251c3","status":"passed","time":{"start":1664264659939,"stop":1664264681654,"duration":21715}},{"uid":"6e082d5a41466c40","status":"passed","time":{"start":1663908631060,"stop":1663908652507,"duration":21447}},{"uid":"5d7c6ada810609d5","status":"passed","time":{"start":1663756453401,"stop":1663756483101,"duration":29700}},{"uid":"ae199c370fc15f39","status":"passed","time":{"start":1663584384270,"stop":1663584418647,"duration":34377}},{"uid":"2481e986e2f4cdeb","status":"passed","time":{"start":1663240430097,"stop":1663240451839,"duration":21742}},{"uid":"ccf840b126039210","status":"passed","time":{"start":1663155832339,"stop":1663155854311,"duration":21972}},{"uid":"6f2e90031ab5507a","status":"passed","time":{"start":1663066651267,"stop":1663066675117,"duration":23850}},{"uid":"3ba52c1ae96bccd8","status":"passed","time":{"start":1662982640220,"stop":1662982661938,"duration":21718}},{"uid":"674825031bc6b919","status":"passed","time":{"start":1662721747896,"stop":1662721769645,"duration":21749}},{"uid":"81f7aa542ba3256a","status":"passed","time":{"start":1662613424267,"stop":1662613448321,"duration":24054}},{"uid":"a71a09ccd64f28c3","status":"passed","time":{"start":1662546619306,"stop":1662546641677,"duration":22371}},{"uid":"763a718a36ddf8a3","status":"passed","time":{"start":1662529706960,"stop":1662529728706,"duration":21746}}]},"tags":[]},"source":"c11fd5d996145357.json","parameterValues":["9000000113","123456"]}