{"uid":"487a8aae7e1c5dd7","name":"teacherCreateAssessment_PenPaper","fullName":"Assessment.CreateAssessment_PenPaper.teacherCreateAssessment_PenPaper","historyId":"a1f64487e562dda033b2095d631c1fa1","time":{"start":1665387538949,"stop":1665387628528,"duration":89579},"description":"Examine whether or not the teacher can successfully create Pen & paper assessment for the students.","descriptionHtml":"<p>Examine whether or not the teacher can successfully create Pen &amp; paper assessment for the students.</p>\n","status":"broken","statusMessage":"no such element: Unable to locate element: {\"method\":\"css selector\",\"selector\":\"#pdf_body\"}\n  (Session info: headless chrome=105.0.5195.127)\nFor documentation on this error, please visit: https://selenium.dev/exceptions/#no_such_element\nBuild info: version: '4.4.0', revision: 'e5c75ed026a'\nSystem info: host: 'DESKTOP-IPBNGSB', ip: '192.168.29.11', os.name: 'Windows 10', os.arch: 'amd64', os.version: '10.0', java.version: '18.0.2'\nDriver info: org.openqa.selenium.chrome.ChromeDriver\nCommand: [4be5f8734286820edb4e99e10689041b, findElement {using=id, value=pdf_body}]\nCapabilities {acceptInsecureCerts: false, browserName: chrome, browserVersion: 105.0.5195.127, chrome: {chromedriverVersion: 105.0.5195.52 (412c95e51883..., userDataDir: C:\\Users\\Admin\\AppData\\Loca...}, goog:chromeOptions: {debuggerAddress: localhost:50385}, networkConnectionEnabled: false, pageLoadStrategy: normal, platformName: WINDOWS, proxy: Proxy(), se:cdp: ws://localhost:50385/devtoo..., se:cdpVersion: 105.0.5195.127, setWindowRect: true, strictFileInteractability: false, timeouts: {implicit: 0, pageLoad: 300000, script: 30000}, unhandledPromptBehavior: dismiss and notify, webauthn:extension:credBlob: true, webauthn:extension:largeBlob: true, webauthn:virtualAuthenticators: true}\nSession ID: 4be5f8734286820edb4e99e10689041b","statusTrace":"org.openqa.selenium.NoSuchElementException: no such element: Unable to locate element: {\"method\":\"css selector\",\"selector\":\"#pdf_body\"}\n  (Session info: headless chrome=105.0.5195.127)\nFor documentation on this error, please visit: https://selenium.dev/exceptions/#no_such_element\nBuild info: version: '4.4.0', revision: 'e5c75ed026a'\nSystem info: host: 'DESKTOP-IPBNGSB', ip: '192.168.29.11', os.name: 'Windows 10', os.arch: 'amd64', os.version: '10.0', java.version: '18.0.2'\nDriver info: org.openqa.selenium.chrome.ChromeDriver\nCommand: [4be5f8734286820edb4e99e10689041b, findElement {using=id, value=pdf_body}]\nCapabilities {acceptInsecureCerts: false, browserName: chrome, browserVersion: 105.0.5195.127, chrome: {chromedriverVersion: 105.0.5195.52 (412c95e51883..., userDataDir: C:\\Users\\Admin\\AppData\\Loca...}, goog:chromeOptions: {debuggerAddress: localhost:50385}, networkConnectionEnabled: false, pageLoadStrategy: normal, platformName: WINDOWS, proxy: Proxy(), se:cdp: ws://localhost:50385/devtoo..., se:cdpVersion: 105.0.5195.127, setWindowRect: true, strictFileInteractability: false, timeouts: {implicit: 0, pageLoad: 300000, script: 30000}, unhandledPromptBehavior: dismiss and notify, webauthn:extension:credBlob: true, webauthn:extension:largeBlob: true, webauthn:virtualAuthenticators: true}\nSession ID: 4be5f8734286820edb4e99e10689041b\r\n\tat java.base/jdk.internal.reflect.DirectConstructorHandleAccessor.newInstance(DirectConstructorHandleAccessor.java:67)\r\n\tat java.base/java.lang.reflect.Constructor.newInstanceWithCaller(Constructor.java:499)\r\n\tat java.base/java.lang.reflect.Constructor.newInstance(Constructor.java:483)\r\n\tat org.openqa.selenium.remote.codec.w3c.W3CHttpResponseCodec.createException(W3CHttpResponseCodec.java:200)\r\n\tat org.openqa.selenium.remote.codec.w3c.W3CHttpResponseCodec.decode(W3CHttpResponseCodec.java:133)\r\n\tat org.openqa.selenium.remote.codec.w3c.W3CHttpResponseCodec.decode(W3CHttpResponseCodec.java:53)\r\n\tat org.openqa.selenium.remote.HttpCommandExecutor.execute(HttpCommandExecutor.java:184)\r\n\tat org.openqa.selenium.remote.service.DriverCommandExecutor.invokeExecute(DriverCommandExecutor.java:167)\r\n\tat org.openqa.selenium.remote.service.DriverCommandExecutor.execute(DriverCommandExecutor.java:142)\r\n\tat org.openqa.selenium.remote.RemoteWebDriver.execute(RemoteWebDriver.java:547)\r\n\tat org.openqa.selenium.remote.ElementLocation$ElementFinder$2.findElement(ElementLocation.java:162)\r\n\tat org.openqa.selenium.remote.ElementLocation.findElement(ElementLocation.java:60)\r\n\tat org.openqa.selenium.remote.RemoteWebDriver.findElement(RemoteWebDriver.java:365)\r\n\tat org.openqa.selenium.remote.RemoteWebDriver.findElement(RemoteWebDriver.java:357)\r\n\tat pageObjects.Assessment.questionPaperPreview(Assessment.java:267)\r\n\tat Assessment.CreateAssessment_PenPaper.teacherCreateAssessment_PenPaper(CreateAssessment_PenPaper.java:195)\r\n\tat java.base/jdk.internal.reflect.DirectMethodHandleAccessor.invoke(DirectMethodHandleAccessor.java:104)\r\n\tat java.base/java.lang.reflect.Method.invoke(Method.java:577)\r\n\tat org.testng.internal.invokers.MethodInvocationHelper.invokeMethod(MethodInvocationHelper.java:139)\r\n\tat org.testng.internal.invokers.TestInvoker.invokeMethod(TestInvoker.java:677)\r\n\tat org.testng.internal.invokers.TestInvoker.invokeTestMethod(TestInvoker.java:221)\r\n\tat org.testng.internal.invokers.MethodRunner.runInSequence(MethodRunner.java:50)\r\n\tat org.testng.internal.invokers.TestInvoker$MethodInvocationAgent.invoke(TestInvoker.java:962)\r\n\tat org.testng.internal.invokers.TestInvoker.invokeTestMethods(TestInvoker.java:194)\r\n\tat org.testng.internal.invokers.TestMethodWorker.invokeTestMethods(TestMethodWorker.java:148)\r\n\tat org.testng.internal.invokers.TestMethodWorker.run(TestMethodWorker.java:128)\r\n\tat java.base/java.util.ArrayList.forEach(ArrayList.java:1511)\r\n\tat org.testng.TestRunner.privateRun(TestRunner.java:806)\r\n\tat org.testng.TestRunner.run(TestRunner.java:601)\r\n\tat org.testng.SuiteRunner.runTest(SuiteRunner.java:433)\r\n\tat org.testng.SuiteRunner.runSequentially(SuiteRunner.java:427)\r\n\tat org.testng.SuiteRunner.privateRun(SuiteRunner.java:387)\r\n\tat org.testng.SuiteRunner.run(SuiteRunner.java:330)\r\n\tat org.testng.SuiteRunnerWorker.runSuite(SuiteRunnerWorker.java:52)\r\n\tat org.testng.SuiteRunnerWorker.run(SuiteRunnerWorker.java:95)\r\n\tat org.testng.TestNG.runSuitesSequentially(TestNG.java:1256)\r\n\tat org.testng.TestNG.runSuitesLocally(TestNG.java:1176)\r\n\tat org.testng.TestNG.runSuites(TestNG.java:1099)\r\n\tat org.testng.TestNG.run(TestNG.java:1067)\r\n\tat com.intellij.rt.testng.IDEARemoteTestNG.run(IDEARemoteTestNG.java:66)\r\n\tat com.intellij.rt.testng.RemoteTestNGStarter.main(RemoteTestNGStarter.java:109)\r\n","flaky":false,"newFailed":false,"newBroken":false,"newPassed":false,"retriesCount":0,"retriesStatusChange":false,"beforeStages":[{"name":"standardLogic","time":{"start":1665387536219,"stop":1665387538946,"duration":2727},"description":"","status":"passed","steps":[],"attachments":[],"parameters":[],"shouldDisplayMessage":false,"attachmentsCount":0,"hasContent":false,"stepsCount":0}],"testStage":{"description":"Examine whether or not the teacher can successfully create Pen & paper assessment for the students.","status":"broken","statusMessage":"no such element: Unable to locate element: {\"method\":\"css selector\",\"selector\":\"#pdf_body\"}\n  (Session info: headless chrome=105.0.5195.127)\nFor documentation on this error, please visit: https://selenium.dev/exceptions/#no_such_element\nBuild info: version: '4.4.0', revision: 'e5c75ed026a'\nSystem info: host: 'DESKTOP-IPBNGSB', ip: '192.168.29.11', os.name: 'Windows 10', os.arch: 'amd64', os.version: '10.0', java.version: '18.0.2'\nDriver info: org.openqa.selenium.chrome.ChromeDriver\nCommand: [4be5f8734286820edb4e99e10689041b, findElement {using=id, value=pdf_body}]\nCapabilities {acceptInsecureCerts: false, browserName: chrome, browserVersion: 105.0.5195.127, chrome: {chromedriverVersion: 105.0.5195.52 (412c95e51883..., userDataDir: C:\\Users\\Admin\\AppData\\Loca...}, goog:chromeOptions: {debuggerAddress: localhost:50385}, networkConnectionEnabled: false, pageLoadStrategy: normal, platformName: WINDOWS, proxy: Proxy(), se:cdp: ws://localhost:50385/devtoo..., se:cdpVersion: 105.0.5195.127, setWindowRect: true, strictFileInteractability: false, timeouts: {implicit: 0, pageLoad: 300000, script: 30000}, unhandledPromptBehavior: dismiss and notify, webauthn:extension:credBlob: true, webauthn:extension:largeBlob: true, webauthn:virtualAuthenticators: true}\nSession ID: 4be5f8734286820edb4e99e10689041b","statusTrace":"org.openqa.selenium.NoSuchElementException: no such element: Unable to locate element: {\"method\":\"css selector\",\"selector\":\"#pdf_body\"}\n  (Session info: headless chrome=105.0.5195.127)\nFor documentation on this error, please visit: https://selenium.dev/exceptions/#no_such_element\nBuild info: version: '4.4.0', revision: 'e5c75ed026a'\nSystem info: host: 'DESKTOP-IPBNGSB', ip: '192.168.29.11', os.name: 'Windows 10', os.arch: 'amd64', os.version: '10.0', java.version: '18.0.2'\nDriver info: org.openqa.selenium.chrome.ChromeDriver\nCommand: [4be5f8734286820edb4e99e10689041b, findElement {using=id, value=pdf_body}]\nCapabilities {acceptInsecureCerts: false, browserName: chrome, browserVersion: 105.0.5195.127, chrome: {chromedriverVersion: 105.0.5195.52 (412c95e51883..., userDataDir: C:\\Users\\Admin\\AppData\\Loca...}, goog:chromeOptions: {debuggerAddress: localhost:50385}, networkConnectionEnabled: false, pageLoadStrategy: normal, platformName: WINDOWS, proxy: Proxy(), se:cdp: ws://localhost:50385/devtoo..., se:cdpVersion: 105.0.5195.127, setWindowRect: true, strictFileInteractability: false, timeouts: {implicit: 0, pageLoad: 300000, script: 30000}, unhandledPromptBehavior: dismiss and notify, webauthn:extension:credBlob: true, webauthn:extension:largeBlob: true, webauthn:virtualAuthenticators: true}\nSession ID: 4be5f8734286820edb4e99e10689041b\r\n\tat java.base/jdk.internal.reflect.DirectConstructorHandleAccessor.newInstance(DirectConstructorHandleAccessor.java:67)\r\n\tat java.base/java.lang.reflect.Constructor.newInstanceWithCaller(Constructor.java:499)\r\n\tat java.base/java.lang.reflect.Constructor.newInstance(Constructor.java:483)\r\n\tat org.openqa.selenium.remote.codec.w3c.W3CHttpResponseCodec.createException(W3CHttpResponseCodec.java:200)\r\n\tat org.openqa.selenium.remote.codec.w3c.W3CHttpResponseCodec.decode(W3CHttpResponseCodec.java:133)\r\n\tat org.openqa.selenium.remote.codec.w3c.W3CHttpResponseCodec.decode(W3CHttpResponseCodec.java:53)\r\n\tat org.openqa.selenium.remote.HttpCommandExecutor.execute(HttpCommandExecutor.java:184)\r\n\tat org.openqa.selenium.remote.service.DriverCommandExecutor.invokeExecute(DriverCommandExecutor.java:167)\r\n\tat org.openqa.selenium.remote.service.DriverCommandExecutor.execute(DriverCommandExecutor.java:142)\r\n\tat org.openqa.selenium.remote.RemoteWebDriver.execute(RemoteWebDriver.java:547)\r\n\tat org.openqa.selenium.remote.ElementLocation$ElementFinder$2.findElement(ElementLocation.java:162)\r\n\tat org.openqa.selenium.remote.ElementLocation.findElement(ElementLocation.java:60)\r\n\tat org.openqa.selenium.remote.RemoteWebDriver.findElement(RemoteWebDriver.java:365)\r\n\tat org.openqa.selenium.remote.RemoteWebDriver.findElement(RemoteWebDriver.java:357)\r\n\tat pageObjects.Assessment.questionPaperPreview(Assessment.java:267)\r\n\tat Assessment.CreateAssessment_PenPaper.teacherCreateAssessment_PenPaper(CreateAssessment_PenPaper.java:195)\r\n\tat java.base/jdk.internal.reflect.DirectMethodHandleAccessor.invoke(DirectMethodHandleAccessor.java:104)\r\n\tat java.base/java.lang.reflect.Method.invoke(Method.java:577)\r\n\tat org.testng.internal.invokers.MethodInvocationHelper.invokeMethod(MethodInvocationHelper.java:139)\r\n\tat org.testng.internal.invokers.TestInvoker.invokeMethod(TestInvoker.java:677)\r\n\tat org.testng.internal.invokers.TestInvoker.invokeTestMethod(TestInvoker.java:221)\r\n\tat org.testng.internal.invokers.MethodRunner.runInSequence(MethodRunner.java:50)\r\n\tat org.testng.internal.invokers.TestInvoker$MethodInvocationAgent.invoke(TestInvoker.java:962)\r\n\tat org.testng.internal.invokers.TestInvoker.invokeTestMethods(TestInvoker.java:194)\r\n\tat org.testng.internal.invokers.TestMethodWorker.invokeTestMethods(TestMethodWorker.java:148)\r\n\tat org.testng.internal.invokers.TestMethodWorker.run(TestMethodWorker.java:128)\r\n\tat java.base/java.util.ArrayList.forEach(ArrayList.java:1511)\r\n\tat org.testng.TestRunner.privateRun(TestRunner.java:806)\r\n\tat org.testng.TestRunner.run(TestRunner.java:601)\r\n\tat org.testng.SuiteRunner.runTest(SuiteRunner.java:433)\r\n\tat org.testng.SuiteRunner.runSequentially(SuiteRunner.java:427)\r\n\tat org.testng.SuiteRunner.privateRun(SuiteRunner.java:387)\r\n\tat org.testng.SuiteRunner.run(SuiteRunner.java:330)\r\n\tat org.testng.SuiteRunnerWorker.runSuite(SuiteRunnerWorker.java:52)\r\n\tat org.testng.SuiteRunnerWorker.run(SuiteRunnerWorker.java:95)\r\n\tat org.testng.TestNG.runSuitesSequentially(TestNG.java:1256)\r\n\tat org.testng.TestNG.runSuitesLocally(TestNG.java:1176)\r\n\tat org.testng.TestNG.runSuites(TestNG.java:1099)\r\n\tat org.testng.TestNG.run(TestNG.java:1067)\r\n\tat com.intellij.rt.testng.IDEARemoteTestNG.run(IDEARemoteTestNG.java:66)\r\n\tat com.intellij.rt.testng.RemoteTestNGStarter.main(RemoteTestNGStarter.java:109)\r\n","steps":[{"name":"Selected log in as Teacher...","time":{"start":1665387538949,"stop":1665387539110,"duration":161},"status":"passed","steps":[],"attachments":[{"uid":"1c1bd8c7d30dd6b5","name":"Screenshot","source":"1c1bd8c7d30dd6b5.png","type":"image/png","size":49164}],"parameters":[],"shouldDisplayMessage":false,"attachmentsCount":1,"hasContent":true,"stepsCount":0},{"name":"Mobile number is entered...","time":{"start":1665387539148,"stop":1665387539312,"duration":164},"status":"passed","steps":[],"attachments":[{"uid":"9d4a315e955e70c6","name":"Screenshot","source":"9d4a315e955e70c6.png","type":"image/png","size":35135}],"parameters":[],"shouldDisplayMessage":false,"attachmentsCount":1,"hasContent":true,"stepsCount":0},{"name":"Mobile number is submitted...","time":{"start":1665387539352,"stop":1665387539509,"duration":157},"status":"passed","steps":[],"attachments":[{"uid":"1940d92c0e141f86","name":"Screenshot","source":"1940d92c0e141f86.png","type":"image/png","size":36465}],"parameters":[],"shouldDisplayMessage":false,"attachmentsCount":1,"hasContent":true,"stepsCount":0},{"name":"password is entered...","time":{"start":1665387544648,"stop":1665387544825,"duration":177},"status":"passed","steps":[],"attachments":[{"uid":"6d443df719117fb8","name":"Screenshot","source":"6d443df719117fb8.png","type":"image/png","size":38908}],"parameters":[],"shouldDisplayMessage":false,"attachmentsCount":1,"hasContent":true,"stepsCount":0},{"name":"Password is submitted...","time":{"start":1665387549869,"stop":1665387550049,"duration":180},"status":"passed","steps":[],"attachments":[{"uid":"d3dad7eb98e2bda","name":"Screenshot","source":"d3dad7eb98e2bda.png","type":"image/png","size":37199}],"parameters":[],"shouldDisplayMessage":false,"attachmentsCount":1,"hasContent":true,"stepsCount":0},{"name":"Assessment Module is opened...","time":{"start":1665387557097,"stop":1665387557349,"duration":252},"status":"passed","steps":[],"attachments":[{"uid":"46ce168fc71118a7","name":"Screenshot","source":"46ce168fc71118a7.png","type":"image/png","size":237622}],"parameters":[],"shouldDisplayMessage":false,"attachmentsCount":1,"hasContent":true,"stepsCount":0},{"name":"Clicking on My Assessments...","time":{"start":1665387560712,"stop":1665387560853,"duration":141},"status":"passed","steps":[],"attachments":[{"uid":"a1c7e668fc84b0e4","name":"Screenshot","source":"a1c7e668fc84b0e4.png","type":"image/png","size":31900}],"parameters":[],"shouldDisplayMessage":false,"attachmentsCount":1,"hasContent":true,"stepsCount":0},{"name":"Create new button is clicked...","time":{"start":1665387563915,"stop":1665387564084,"duration":169},"status":"passed","steps":[],"attachments":[{"uid":"2d6f146924ae9ced","name":"Screenshot","source":"2d6f146924ae9ced.png","type":"image/png","size":36979}],"parameters":[],"shouldDisplayMessage":false,"attachmentsCount":1,"hasContent":true,"stepsCount":0},{"name":"Giving input for name of assessment...","time":{"start":1665387566121,"stop":1665387566296,"duration":175},"status":"passed","steps":[],"attachments":[{"uid":"2cba61a2b3279987","name":"Screenshot","source":"2cba61a2b3279987.png","type":"image/png","size":62198}],"parameters":[],"shouldDisplayMessage":false,"attachmentsCount":1,"hasContent":true,"stepsCount":0},{"name":"Giving input for name of assessment...","time":{"start":1665387566324,"stop":1665387566477,"duration":153},"status":"passed","steps":[],"attachments":[{"uid":"6c0401ad465ec8ab","name":"Screenshot","source":"6c0401ad465ec8ab.png","type":"image/png","size":62292}],"parameters":[],"shouldDisplayMessage":false,"attachmentsCount":1,"hasContent":true,"stepsCount":0},{"name":"Selecting details for assessment...","time":{"start":1665387568504,"stop":1665387568691,"duration":187},"status":"passed","steps":[],"attachments":[{"uid":"dd70becf6cbaf6a","name":"Screenshot","source":"dd70becf6cbaf6a.png","type":"image/png","size":62321}],"parameters":[],"shouldDisplayMessage":false,"attachmentsCount":1,"hasContent":true,"stepsCount":0},{"name":"Choosing format for assessment...","time":{"start":1665387568945,"stop":1665387569100,"duration":155},"status":"passed","steps":[],"attachments":[{"uid":"d1c6ab094d75556f","name":"Screenshot","source":"d1c6ab094d75556f.png","type":"image/png","size":59566}],"parameters":[],"shouldDisplayMessage":false,"attachmentsCount":1,"hasContent":true,"stepsCount":0},{"name":"Choosing Pen & Paper mode of assessment...","time":{"start":1665387570140,"stop":1665387570297,"duration":157},"status":"passed","steps":[],"attachments":[{"uid":"76ab63684ed7f911","name":"Screenshot","source":"76ab63684ed7f911.png","type":"image/png","size":58646}],"parameters":[],"shouldDisplayMessage":false,"attachmentsCount":1,"hasContent":true,"stepsCount":0},{"name":"Submitting Assessment details...","time":{"start":1665387571334,"stop":1665387571504,"duration":170},"status":"passed","steps":[],"attachments":[{"uid":"37573e0d9e5c0299","name":"Screenshot","source":"37573e0d9e5c0299.png","type":"image/png","size":59546}],"parameters":[],"shouldDisplayMessage":false,"attachmentsCount":1,"hasContent":true,"stepsCount":0},{"name":"Adding Section in assessment...","time":{"start":1665387572544,"stop":1665387572728,"duration":184},"status":"passed","steps":[],"attachments":[{"uid":"6a2d897a34b97170","name":"Screenshot","source":"6a2d897a34b97170.png","type":"image/png","size":55713}],"parameters":[],"shouldDisplayMessage":false,"attachmentsCount":1,"hasContent":true,"stepsCount":0},{"name":"Entering Section name...","time":{"start":1665387573219,"stop":1665387573408,"duration":189},"status":"passed","steps":[],"attachments":[{"uid":"d073127b3fd994eb","name":"Screenshot","source":"d073127b3fd994eb.png","type":"image/png","size":58694}],"parameters":[],"shouldDisplayMessage":false,"attachmentsCount":1,"hasContent":true,"stepsCount":0},{"name":"Entering Section name...","time":{"start":1665387573437,"stop":1665387573589,"duration":152},"status":"passed","steps":[],"attachments":[{"uid":"b544420a266e24fb","name":"Screenshot","source":"b544420a266e24fb.png","type":"image/png","size":63641}],"parameters":[],"shouldDisplayMessage":false,"attachmentsCount":1,"hasContent":true,"stepsCount":0},{"name":"Entering Section instructions...","time":{"start":1665387573613,"stop":1665387573763,"duration":150},"status":"passed","steps":[],"attachments":[{"uid":"38353972a96d5ea5","name":"Screenshot","source":"38353972a96d5ea5.png","type":"image/png","size":63698}],"parameters":[],"shouldDisplayMessage":false,"attachmentsCount":1,"hasContent":true,"stepsCount":0},{"name":"Entering Section instructions...","time":{"start":1665387573799,"stop":1665387573962,"duration":163},"status":"passed","steps":[],"attachments":[{"uid":"72f1ec15db94eaeb","name":"Screenshot","source":"72f1ec15db94eaeb.png","type":"image/png","size":63630}],"parameters":[],"shouldDisplayMessage":false,"attachmentsCount":1,"hasContent":true,"stepsCount":0},{"name":"Submitting Assessment details...","time":{"start":1665387574024,"stop":1665387574172,"duration":148},"status":"passed","steps":[],"attachments":[{"uid":"c84cba1115e09e62","name":"Screenshot","source":"c84cba1115e09e62.png","type":"image/png","size":62841}],"parameters":[],"shouldDisplayMessage":false,"attachmentsCount":1,"hasContent":true,"stepsCount":0},{"name":"Add new question...","time":{"start":1665387576313,"stop":1665387576495,"duration":182},"status":"passed","steps":[],"attachments":[{"uid":"8b0ff89e2f5fed9c","name":"Screenshot","source":"8b0ff89e2f5fed9c.png","type":"image/png","size":44153}],"parameters":[],"shouldDisplayMessage":false,"attachmentsCount":1,"hasContent":true,"stepsCount":0},{"name":"Choosing Short answer option for question type...","time":{"start":1665387576523,"stop":1665387576681,"duration":158},"status":"passed","steps":[],"attachments":[{"uid":"6138c174737d4038","name":"Screenshot","source":"6138c174737d4038.png","type":"image/png","size":48978}],"parameters":[],"shouldDisplayMessage":false,"attachmentsCount":1,"hasContent":true,"stepsCount":0},{"name":"Assigning marks to the question...","time":{"start":1665387587012,"stop":1665387587224,"duration":212},"status":"passed","steps":[],"attachments":[{"uid":"3acc021302ebd18e","name":"Screenshot","source":"3acc021302ebd18e.png","type":"image/png","size":104639}],"parameters":[],"shouldDisplayMessage":false,"attachmentsCount":1,"hasContent":true,"stepsCount":0},{"name":"Assigning marks to the question...","time":{"start":1665387588270,"stop":1665387588445,"duration":175},"status":"passed","steps":[],"attachments":[{"uid":"969b7803ea9b3","name":"Screenshot","source":"969b7803ea9b3.png","type":"image/png","size":104546}],"parameters":[],"shouldDisplayMessage":false,"attachmentsCount":1,"hasContent":true,"stepsCount":0},{"name":"Created question...","time":{"start":1665387590473,"stop":1665387590658,"duration":185},"status":"passed","steps":[],"attachments":[{"uid":"176e0bb80b358994","name":"Screenshot","source":"176e0bb80b358994.png","type":"image/png","size":104761}],"parameters":[],"shouldDisplayMessage":false,"attachmentsCount":1,"hasContent":true,"stepsCount":0}],"attachments":[{"uid":"93cbab0aaaf0bbd5","name":"ScreenShot","source":"93cbab0aaaf0bbd5.png","type":"image/png","size":50195},{"uid":"7dd1bf2afa027f01","name":"teacherCreateAssessment_PenPaper","source":"7dd1bf2afa027f01.txt","type":"text/plain","size":32}],"parameters":[],"shouldDisplayMessage":true,"attachmentsCount":27,"hasContent":true,"stepsCount":25},"afterStages":[{"name":"tearDown","time":{"start":1665387628530,"stop":1665387628721,"duration":191},"description":"","status":"passed","steps":[],"attachments":[],"parameters":[],"shouldDisplayMessage":false,"attachmentsCount":0,"hasContent":false,"stepsCount":0}],"labels":[{"name":"package","value":"Assessment.CreateAssessment_PenPaper"},{"name":"testClass","value":"Assessment.CreateAssessment_PenPaper"},{"name":"testMethod","value":"teacherCreateAssessment_PenPaper"},{"name":"parentSuite","value":"Suite"},{"name":"suite","value":"Test"},{"name":"subSuite","value":"Assessment.CreateAssessment_PenPaper"},{"name":"host","value":"DESKTOP-IPBNGSB"},{"name":"thread","value":"18892@DESKTOP-IPBNGSB.main(1)"},{"name":"framework","value":"testng"},{"name":"language","value":"java"},{"name":"story","value":"ASSFT_03"},{"name":"epic","value":"This story represents the Assessment module of the onelern_school project."},{"name":"severity","value":"blocker"},{"name":"resultFormat","value":"allure2"}],"parameters":[{"name":"arg0","value":"9000000109"},{"name":"arg1","value":"123456"}],"links":[],"hidden":false,"retry":false,"extra":{"severity":"blocker","retries":[],"categories":[{"name":"Test defects","matchedStatuses":[],"flaky":false}],"history":{"statistic":{"failed":0,"broken":12,"skipped":0,"passed":6,"unknown":0,"total":18},"items":[{"uid":"337f18346eafee8d","status":"broken","statusDetails":"no such element: Unable to locate element: {\"method\":\"xpath\",\"selector\":\"//button[contains(@class, 'toolbar-btn')]\"}\n  (Session info: headless chrome=105.0.5195.127)\nFor documentation on this error, please visit: https://selenium.dev/exceptions/#no_such_element\nBuild info: version: '4.4.0', revision: 'e5c75ed026a'\nSystem info: host: 'DESKTOP-IPBNGSB', ip: '192.168.29.11', os.name: 'Windows 10', os.arch: 'amd64', os.version: '10.0', java.version: '18.0.2'\nDriver info: org.openqa.selenium.chrome.ChromeDriver\nCommand: [74366daa61424031b253961999334eb8, findElement {using=xpath, value=//button[contains(@class, 'toolbar-btn')]}]\nCapabilities {acceptInsecureCerts: false, browserName: chrome, browserVersion: 105.0.5195.127, chrome: {chromedriverVersion: 105.0.5195.52 (412c95e51883..., userDataDir: C:\\Users\\Admin\\AppData\\Loca...}, goog:chromeOptions: {debuggerAddress: localhost:63413}, networkConnectionEnabled: false, pageLoadStrategy: normal, platformName: WINDOWS, proxy: Proxy(), se:cdp: ws://localhost:63413/devtoo..., se:cdpVersion: 105.0.5195.127, setWindowRect: true, strictFileInteractability: false, timeouts: {implicit: 0, pageLoad: 300000, script: 30000}, unhandledPromptBehavior: dismiss and notify, webauthn:extension:credBlob: true, webauthn:extension:largeBlob: true, webauthn:virtualAuthenticators: true}\nSession ID: 74366daa61424031b253961999334eb8","time":{"start":1665121162452,"stop":1665121306797,"duration":144345}},{"uid":"fea5cdf5579594eb","status":"broken","statusDetails":"no such element: Unable to locate element: {\"method\":\"xpath\",\"selector\":\"//button[contains(@class, 'toolbar-btn')]\"}\n  (Session info: headless chrome=105.0.5195.127)\nFor documentation on this error, please visit: https://selenium.dev/exceptions/#no_such_element\nBuild info: version: '4.4.0', revision: 'e5c75ed026a'\nSystem info: host: 'DESKTOP-IPBNGSB', ip: '192.168.29.11', os.name: 'Windows 10', os.arch: 'amd64', os.version: '10.0', java.version: '18.0.2'\nDriver info: org.openqa.selenium.chrome.ChromeDriver\nCommand: [5e7fdad05c5b17bb5a85062be74cea28, findElement {using=xpath, value=//button[contains(@class, 'toolbar-btn')]}]\nCapabilities {acceptInsecureCerts: false, browserName: chrome, browserVersion: 105.0.5195.127, chrome: {chromedriverVersion: 105.0.5195.52 (412c95e51883..., userDataDir: C:\\Users\\Admin\\AppData\\Loca...}, goog:chromeOptions: {debuggerAddress: localhost:55373}, networkConnectionEnabled: false, pageLoadStrategy: normal, platformName: WINDOWS, proxy: Proxy(), se:cdp: ws://localhost:55373/devtoo..., se:cdpVersion: 105.0.5195.127, setWindowRect: true, strictFileInteractability: false, timeouts: {implicit: 0, pageLoad: 300000, script: 30000}, unhandledPromptBehavior: dismiss and notify, webauthn:extension:credBlob: true, webauthn:extension:largeBlob: true, webauthn:virtualAuthenticators: true}\nSession ID: 5e7fdad05c5b17bb5a85062be74cea28","time":{"start":1665037085562,"stop":1665037230485,"duration":144923}},{"uid":"d67df6a93f142b20","status":"broken","statusDetails":"no such element: Unable to locate element: {\"method\":\"xpath\",\"selector\":\"//button[contains(@class, 'toolbar-btn')]\"}\n  (Session info: headless chrome=105.0.5195.127)\nFor documentation on this error, please visit: https://selenium.dev/exceptions/#no_such_element\nBuild info: version: '4.4.0', revision: 'e5c75ed026a'\nSystem info: host: 'DESKTOP-IPBNGSB', ip: '192.168.0.173', os.name: 'Windows 10', os.arch: 'amd64', os.version: '10.0', java.version: '18.0.2'\nDriver info: org.openqa.selenium.chrome.ChromeDriver\nCommand: [94789a5032916f864c7a7096477869e5, findElement {using=xpath, value=//button[contains(@class, 'toolbar-btn')]}]\nCapabilities {acceptInsecureCerts: false, browserName: chrome, browserVersion: 105.0.5195.127, chrome: {chromedriverVersion: 105.0.5195.52 (412c95e51883..., userDataDir: C:\\Users\\Admin\\AppData\\Loca...}, goog:chromeOptions: {debuggerAddress: localhost:50344}, networkConnectionEnabled: false, pageLoadStrategy: normal, platformName: WINDOWS, proxy: Proxy(), se:cdp: ws://localhost:50344/devtoo..., se:cdpVersion: 105.0.5195.127, setWindowRect: true, strictFileInteractability: false, timeouts: {implicit: 0, pageLoad: 300000, script: 30000}, unhandledPromptBehavior: dismiss and notify, webauthn:extension:credBlob: true, webauthn:extension:largeBlob: true, webauthn:virtualAuthenticators: true}\nSession ID: 94789a5032916f864c7a7096477869e5","time":{"start":1664861871897,"stop":1664862016710,"duration":144813}},{"uid":"999b5d92d7db814f","status":"broken","statusDetails":"no such element: Unable to locate element: {\"method\":\"xpath\",\"selector\":\"//button[contains(@class, 'toolbar-btn')]\"}\n  (Session info: headless chrome=105.0.5195.127)\nFor documentation on this error, please visit: https://selenium.dev/exceptions/#no_such_element\nBuild info: version: '4.4.0', revision: 'e5c75ed026a'\nSystem info: host: 'DESKTOP-IPBNGSB', ip: '192.168.29.11', os.name: 'Windows 10', os.arch: 'amd64', os.version: '10.0', java.version: '18.0.2'\nDriver info: org.openqa.selenium.chrome.ChromeDriver\nCommand: [1f33a71931cb92b144699cb75e895fde, findElement {using=xpath, value=//button[contains(@class, 'toolbar-btn')]}]\nCapabilities {acceptInsecureCerts: false, browserName: chrome, browserVersion: 105.0.5195.127, chrome: {chromedriverVersion: 105.0.5195.52 (412c95e51883..., userDataDir: C:\\Users\\Admin\\AppData\\Loca...}, goog:chromeOptions: {debuggerAddress: localhost:55526}, networkConnectionEnabled: false, pageLoadStrategy: normal, platformName: WINDOWS, proxy: Proxy(), se:cdp: ws://localhost:55526/devtoo..., se:cdpVersion: 105.0.5195.127, setWindowRect: true, strictFileInteractability: false, timeouts: {implicit: 0, pageLoad: 300000, script: 30000}, unhandledPromptBehavior: dismiss and notify, webauthn:extension:credBlob: true, webauthn:extension:largeBlob: true, webauthn:virtualAuthenticators: true}\nSession ID: 1f33a71931cb92b144699cb75e895fde","time":{"start":1664781452476,"stop":1664781598140,"duration":145664}},{"uid":"fc77393996e620f1","status":"broken","statusDetails":"element click intercepted: Element <input type=\"text\" id=\"passmarks\" min=\"0\" max=\"0\" maxlength=\"4\" class=\"form-control svelte-157fewe\" pattern=\"^[0-9]4​​​​​​$\" placeholder=\"marks\"> is not clickable at point (1724, 32). Other element would receive the click: <div class=\"form-box svelte-1g6zvro\">...</div>\n  (Session info: headless chrome=105.0.5195.127)\nBuild info: version: '4.4.0', revision: 'e5c75ed026a'\nSystem info: host: 'SHASHANK', ip: '192.168.56.1', os.name: 'Windows 11', os.arch: 'amd64', os.version: '10.0', java.version: '18.0.1.1'\nDriver info: org.openqa.selenium.chrome.ChromeDriver\nCommand: [ac76853f52e91332132081617ec22239, clickElement {id=41e1d585-56fb-475e-9138-87c31cb85890}]\nCapabilities {acceptInsecureCerts: false, browserName: chrome, browserVersion: 105.0.5195.127, chrome: {chromedriverVersion: 105.0.5195.52 (412c95e51883..., userDataDir: C:\\Users\\MANKAL~1\\AppData\\L...}, goog:chromeOptions: {debuggerAddress: localhost:54318}, networkConnectionEnabled: false, pageLoadStrategy: normal, platformName: WINDOWS, proxy: Proxy(), se:cdp: ws://localhost:54318/devtoo..., se:cdpVersion: 105.0.5195.127, setWindowRect: true, strictFileInteractability: false, timeouts: {implicit: 0, pageLoad: 300000, script: 30000}, unhandledPromptBehavior: dismiss and notify, webauthn:extension:credBlob: true, webauthn:extension:largeBlob: true, webauthn:virtualAuthenticators: true}\nElement: [[ChromeDriver: chrome on WINDOWS (ac76853f52e91332132081617ec22239)] -> id: passmarks]\nSession ID: ac76853f52e91332132081617ec22239","time":{"start":1664528379293,"stop":1664528433416,"duration":54123}},{"uid":"1df38117fcd1c812","status":"passed","time":{"start":1664451417608,"stop":1664451489538,"duration":71930}},{"uid":"e5fd5228b1b3393d","status":"passed","time":{"start":1664351476964,"stop":1664351546225,"duration":69261}},{"uid":"c39050f4865355a9","status":"passed","time":{"start":1664265554207,"stop":1664265622564,"duration":68357}},{"uid":"b74547c8d03148ee","status":"passed","time":{"start":1663909520859,"stop":1663909590145,"duration":69286}},{"uid":"d0864522def3e8d9","status":"broken","statusDetails":"element click intercepted: Element <input type=\"text\" id=\"passmarks\" min=\"0\" max=\"0\" maxlength=\"4\" class=\"form-control svelte-157fewe\" pattern=\"^[0-9]4​​​​​​$\" placeholder=\"marks\"> is not clickable at point (1724, 32). Other element would receive the click: <div class=\"form-box svelte-1g6zvro\">...</div>\n  (Session info: headless chrome=105.0.5195.127)\nBuild info: version: '4.4.0', revision: 'e5c75ed026a'\nSystem info: host: 'SHASHANK', ip: '192.168.56.1', os.name: 'Windows 11', os.arch: 'amd64', os.version: '10.0', java.version: '18.0.1.1'\nDriver info: org.openqa.selenium.chrome.ChromeDriver\nCommand: [a333b70b53f3b29859b1231e091adba5, clickElement {id=ea09770a-ddd1-4b1d-bb0c-ae3e4101afe6}]\nCapabilities {acceptInsecureCerts: false, browserName: chrome, browserVersion: 105.0.5195.127, chrome: {chromedriverVersion: 105.0.5195.52 (412c95e51883..., userDataDir: C:\\Users\\MANKAL~1\\AppData\\L...}, goog:chromeOptions: {debuggerAddress: localhost:52749}, networkConnectionEnabled: false, pageLoadStrategy: normal, platformName: WINDOWS, proxy: Proxy(), se:cdp: ws://localhost:52749/devtoo..., se:cdpVersion: 105.0.5195.127, setWindowRect: true, strictFileInteractability: false, timeouts: {implicit: 0, pageLoad: 300000, script: 30000}, unhandledPromptBehavior: dismiss and notify, webauthn:extension:credBlob: true, webauthn:extension:largeBlob: true, webauthn:virtualAuthenticators: true}\nElement: [[ChromeDriver: chrome on WINDOWS (a333b70b53f3b29859b1231e091adba5)] -> id: passmarks]\nSession ID: a333b70b53f3b29859b1231e091adba5","time":{"start":1663756939879,"stop":1663756996423,"duration":56544}},{"uid":"9720d89913248937","status":"broken","statusDetails":"element click intercepted: Element <input type=\"text\" id=\"passmarks\" min=\"0\" max=\"0\" maxlength=\"4\" class=\"form-control svelte-157fewe\" pattern=\"^[0-9]4​​​​​​$\" placeholder=\"marks\"> is not clickable at point (1724, 32). Other element would receive the click: <div class=\"form-box svelte-1g6zvro\">...</div>\n  (Session info: headless chrome=105.0.5195.102)\nBuild info: version: '4.4.0', revision: 'e5c75ed026a'\nSystem info: host: 'SHASHANK', ip: '192.168.56.1', os.name: 'Windows 11', os.arch: 'amd64', os.version: '10.0', java.version: '18.0.1.1'\nDriver info: org.openqa.selenium.chrome.ChromeDriver\nCommand: [95eb616f6fe37f104bcaef2e5a6d01db, clickElement {id=eaaa4816-65fa-4a44-ae44-891781378ecc}]\nCapabilities {acceptInsecureCerts: false, browserName: chrome, browserVersion: 105.0.5195.102, chrome: {chromedriverVersion: 105.0.5195.52 (412c95e51883..., userDataDir: C:\\Users\\MANKAL~1\\AppData\\L...}, goog:chromeOptions: {debuggerAddress: localhost:52058}, networkConnectionEnabled: false, pageLoadStrategy: normal, platformName: WINDOWS, proxy: Proxy(), se:cdp: ws://localhost:52058/devtoo..., se:cdpVersion: 105.0.5195.102, setWindowRect: true, strictFileInteractability: false, timeouts: {implicit: 0, pageLoad: 300000, script: 30000}, unhandledPromptBehavior: dismiss and notify, webauthn:extension:credBlob: true, webauthn:extension:largeBlob: true, webauthn:virtualAuthenticators: true}\nElement: [[ChromeDriver: chrome on WINDOWS (95eb616f6fe37f104bcaef2e5a6d01db)] -> id: passmarks]\nSession ID: 95eb616f6fe37f104bcaef2e5a6d01db","time":{"start":1663585163979,"stop":1663585218227,"duration":54248}},{"uid":"1c79be0388dede33","status":"passed","time":{"start":1663240972368,"stop":1663241042865,"duration":70497}},{"uid":"b7436d2d26a623dc","status":"passed","time":{"start":1663156300385,"stop":1663156370607,"duration":70222}},{"uid":"4871404065085500","status":"broken","statusDetails":"element click intercepted: Element <div class=\"fr-element fr-view\" dir=\"auto\" contenteditable=\"true\" aria-disabled=\"false\" spellcheck=\"true\">...</div> is not clickable at point (585, 612). Other element would receive the click: <div class=\"fr-tooltip fr-visible\" style=\"left: 542px; top: 598px; margin-left: 0px; margin-top: 0px;\">...</div>\n  (Session info: chrome=105.0.5195.102)\nBuild info: version: '4.1.4', revision: '535d840ee2'\nSystem info: host: 'SHASHANK', ip: '192.168.56.1', os.name: 'Windows 11', os.arch: 'amd64', os.version: '10.0', java.version: '18.0.1.1'\nDriver info: org.openqa.selenium.chrome.ChromeDriver\nCommand: [09a7754f7e3f624022c10f15c984b02d, clickElement {id=addb8c29-6562-4a43-b5a8-13e8d692e36e}]\nCapabilities {acceptInsecureCerts: false, browserName: chrome, browserVersion: 105.0.5195.102, chrome: {chromedriverVersion: 105.0.5195.52 (412c95e51883..., userDataDir: C:\\Users\\MANKAL~1\\AppData\\L...}, goog:chromeOptions: {debuggerAddress: localhost:59851}, javascriptEnabled: true, networkConnectionEnabled: false, pageLoadStrategy: normal, platform: WINDOWS, platformName: WINDOWS, proxy: Proxy(), se:cdp: ws://localhost:59851/devtoo..., se:cdpVersion: 105.0.5195.102, setWindowRect: true, strictFileInteractability: false, timeouts: {implicit: 0, pageLoad: 300000, script: 30000}, unhandledPromptBehavior: dismiss and notify, webauthn:extension:credBlob: true, webauthn:extension:largeBlob: true, webauthn:virtualAuthenticators: true}\nElement: [[ChromeDriver: chrome on WINDOWS (09a7754f7e3f624022c10f15c984b02d)] -> xpath: //*[contains(@class,'fr-element')]]\nSession ID: 09a7754f7e3f624022c10f15c984b02d","time":{"start":1663074597861,"stop":1663074642730,"duration":44869}},{"uid":"d51594916f925573","status":"broken","statusDetails":"no such element: Unable to locate element: {\"method\":\"xpath\",\"selector\":\"//*[contains(@class,'modal-overlay')]\"}\n  (Session info: headless chrome=105.0.5195.102)\nFor documentation on this error, please visit: https://selenium.dev/exceptions/#no_such_element\nBuild info: version: '4.1.4', revision: '535d840ee2'\nSystem info: host: 'SHASHANK', ip: '192.168.56.1', os.name: 'Windows 11', os.arch: 'amd64', os.version: '10.0', java.version: '18.0.1.1'\nDriver info: org.openqa.selenium.chrome.ChromeDriver\nCommand: [3923467cad9d10f9649f103ad0396364, findElement {using=xpath, value=//*[contains(@class,'modal-overlay')]}]\nCapabilities {acceptInsecureCerts: false, browserName: chrome, browserVersion: 105.0.5195.102, chrome: {chromedriverVersion: 105.0.5195.52 (412c95e51883..., userDataDir: C:\\Users\\MANKAL~1\\AppData\\L...}, goog:chromeOptions: {debuggerAddress: localhost:65169}, javascriptEnabled: true, networkConnectionEnabled: false, pageLoadStrategy: normal, platform: WINDOWS, platformName: WINDOWS, proxy: Proxy(), se:cdp: ws://localhost:65169/devtoo..., se:cdpVersion: 105.0.5195.102, setWindowRect: true, strictFileInteractability: false, timeouts: {implicit: 0, pageLoad: 300000, script: 30000}, unhandledPromptBehavior: dismiss and notify, webauthn:extension:credBlob: true, webauthn:extension:largeBlob: true, webauthn:virtualAuthenticators: true}\nSession ID: 3923467cad9d10f9649f103ad0396364","time":{"start":1662983046287,"stop":1662983090243,"duration":43956}},{"uid":"be5d7cfaea16ced4","status":"broken","statusDetails":"no such element: Unable to locate element: {\"method\":\"xpath\",\"selector\":\"//*[contains(@class,'modal-overlay')]\"}\n  (Session info: headless chrome=105.0.5195.102)\nFor documentation on this error, please visit: https://selenium.dev/exceptions/#no_such_element\nBuild info: version: '4.1.4', revision: '535d840ee2'\nSystem info: host: 'SHASHANK', ip: '192.168.56.1', os.name: 'Windows 11', os.arch: 'amd64', os.version: '10.0', java.version: '18.0.1.1'\nDriver info: org.openqa.selenium.chrome.ChromeDriver\nCommand: [5785ac036cfb52fc9bfc1a65aeda0d75, findElement {using=xpath, value=//*[contains(@class,'modal-overlay')]}]\nCapabilities {acceptInsecureCerts: false, browserName: chrome, browserVersion: 105.0.5195.102, chrome: {chromedriverVersion: 105.0.5195.52 (412c95e51883..., userDataDir: C:\\Users\\MANKAL~1\\AppData\\L...}, goog:chromeOptions: {debuggerAddress: localhost:60859}, javascriptEnabled: true, networkConnectionEnabled: false, pageLoadStrategy: normal, platform: WINDOWS, platformName: WINDOWS, proxy: Proxy(), se:cdp: ws://localhost:60859/devtoo..., se:cdpVersion: 105.0.5195.102, setWindowRect: true, strictFileInteractability: false, timeouts: {implicit: 0, pageLoad: 300000, script: 30000}, unhandledPromptBehavior: dismiss and notify, webauthn:extension:credBlob: true, webauthn:extension:largeBlob: true, webauthn:virtualAuthenticators: true}\nSession ID: 5785ac036cfb52fc9bfc1a65aeda0d75","time":{"start":1662722163653,"stop":1662722208122,"duration":44469}},{"uid":"687a7d6af7d6c156","status":"broken","statusDetails":"no such element: Unable to locate element: {\"method\":\"xpath\",\"selector\":\"//*[contains(@class,'modal-overlay')]\"}\n  (Session info: headless chrome=105.0.5195.102)\nFor documentation on this error, please visit: https://selenium.dev/exceptions/#no_such_element\nBuild info: version: '4.1.4', revision: '535d840ee2'\nSystem info: host: 'SHASHANK', ip: '192.168.56.1', os.name: 'Windows 11', os.arch: 'amd64', os.version: '10.0', java.version: '18.0.1.1'\nDriver info: org.openqa.selenium.chrome.ChromeDriver\nCommand: [abc15af8ebcfca154f5b6a936f4e9236, findElement {using=xpath, value=//*[contains(@class,'modal-overlay')]}]\nCapabilities {acceptInsecureCerts: false, browserName: chrome, browserVersion: 105.0.5195.102, chrome: {chromedriverVersion: 105.0.5195.52 (412c95e51883..., userDataDir: C:\\Users\\MANKAL~1\\AppData\\L...}, goog:chromeOptions: {debuggerAddress: localhost:52752}, javascriptEnabled: true, networkConnectionEnabled: false, pageLoadStrategy: normal, platform: WINDOWS, platformName: WINDOWS, proxy: Proxy(), se:cdp: ws://localhost:52752/devtoo..., se:cdpVersion: 105.0.5195.102, setWindowRect: true, strictFileInteractability: false, timeouts: {implicit: 0, pageLoad: 300000, script: 30000}, unhandledPromptBehavior: dismiss and notify, webauthn:extension:credBlob: true, webauthn:extension:largeBlob: true, webauthn:virtualAuthenticators: true}\nSession ID: abc15af8ebcfca154f5b6a936f4e9236","time":{"start":1662613848717,"stop":1662613893636,"duration":44919}}]},"tags":[]},"source":"487a8aae7e1c5dd7.json","parameterValues":["9000000109","123456"]}